[info] [Me=0] Args:
	algorithm: cmaes
	batch: False
	flexible_shape: False
	hparams: {}
	log: convergence_alg5_run3.log
	phase: run
	problem_size: [256, 256, 256]
	program_path: iso3dfd-st7
	seed: 33
	steps: 100
	use_energy: False
[info] [Me=0] Hyperparameters:
[info] [Me=0] real seed: 33
[info] [Me=0] Simulator initialized
[22:16:58]	[Me=0]	[k=1]	[eval=1]	Cost=1239.23	-O2 avx 256 256 256 16 256 3 2
[22:16:59]	[Me=0]	[k=1]	[eval=2]	Cost=1339.36	-O2 avx2 256 256 256 16 256 4 3
[22:17:01]	[Me=0]	[k=1]	[eval=3]	Cost=1219.4	-O3 avx 256 256 256 16 256 2 2
[22:17:02]	[Me=0]	[k=1]	[eval=4]	Cost=1219.49	-O2 avx 256 256 256 16 256 2 2
[22:17:04]	[Me=0]	[k=1]	[eval=5]	Cost=1297.9	-O2 avx 256 256 256 16 256 2 3
[22:17:05]	[Me=0]	[k=1]	[eval=6]	Cost=1301.18	-O2 avx2 256 256 256 16 256 2 3
[22:17:07]	[Me=0]	[k=1]	[eval=7]	Cost=1300.58	-O2 avx2 256 256 256 16 256 2 3
[22:17:08]	[Me=0]	[k=1]	[eval=8]	Cost=1321.95	-O2 avx512 256 256 256 16 256 3 3
[22:17:10]	[Me=0]	[k=2]	[eval=9]	Cost=1367.1	-O3 avx 256 256 256 16 256 4 4
[22:17:11]	[Me=0]	[k=2]	[eval=10]	Cost=1336.37	-O2 avx 256 256 256 16 256 4 3
[22:17:13]	[Me=0]	[k=2]	[eval=11]	Cost=1369.11	-O2 avx 256 256 256 16 256 4 4
[22:17:14]	[Me=0]	[k=2]	[eval=12]	Cost=1334.73	-O2 avx2 256 256 256 16 256 3 4
[22:17:15]	[Me=0]	[k=2]	[eval=13]	Cost=1326.3	-O2 avx 256 256 256 16 256 5 3
[22:17:17]	[Me=0]	[k=2]	[eval=14]	Cost=1238.18	-O3 avx 256 256 256 16 256 3 2
[22:17:18]	[Me=0]	[k=2]	[eval=15]	Cost=1254.4	-Ofast avx 256 256 256 16 256 4 2
[22:17:20]	[Me=0]	[k=2]	[eval=16]	Cost=1036.62	-O3 avx2 256 256 256 16 256 3 1
[22:17:22]	[Me=0]	[k=3]	[eval=17]	Cost=1366.68	-O2 avx 256 256 256 16 256 4 4
[22:17:23]	[Me=0]	[k=3]	[eval=18]	Cost=1325.87	-O2 avx 256 256 256 16 256 5 3
[22:17:25]	[Me=0]	[k=3]	[eval=19]	Cost=1336.68	-O3 avx2 256 256 256 16 256 4 3
[22:17:26]	[Me=0]	[k=3]	[eval=20]	Cost=1339.39	-O3 avx 256 256 256 16 256 4 3
[22:17:27]	[Me=0]	[k=3]	[eval=21]	Cost=1338.05	-O2 avx 256 256 256 16 256 4 3
[22:17:29]	[Me=0]	[k=3]	[eval=22]	Cost=1368.86	-O2 avx2 256 256 256 16 256 5 4
[22:17:30]	[Me=0]	[k=3]	[eval=23]	Cost=1345.86	-O3 avx2 256 256 256 16 256 6 3
[22:17:32]	[Me=0]	[k=3]	[eval=24]	Cost=1441.25	-O2 avx 256 256 256 16 256 6 5
[22:17:33]	[Me=0]	[k=4]	[eval=25]	Cost=1331.38	-O2 avx 256 256 256 16 256 3 4
[22:17:35]	[Me=0]	[k=4]	[eval=26]	Cost=1430.58	-O2 avx 256 256 256 16 256 4 5
[22:17:36]	[Me=0]	[k=4]	[eval=27]	Cost=1385.58	-O2 avx2 256 256 256 16 256 6 4
[22:17:37]	[Me=0]	[k=4]	[eval=28]	Cost=1437.63	-O2 avx512 256 256 256 16 256 6 5
[22:17:39]	[Me=0]	[k=4]	[eval=29]	Cost=1367.93	-O2 avx512 256 256 256 16 256 4 4
[22:17:40]	[Me=0]	[k=4]	[eval=30]	Cost=1391.33	-O2 avx 256 256 256 16 256 7 4
[22:17:42]	[Me=0]	[k=4]	[eval=31]	Cost=1384.87	-O2 avx 256 256 256 16 256 6 4
[22:17:43]	[Me=0]	[k=4]	[eval=32]	Cost=1366.65	-O3 avx 256 256 256 16 256 4 4
[22:17:44]	[Me=0]	[k=5]	[eval=33]	Cost=1385.54	-O2 avx2 256 256 256 16 256 6 4
[22:17:46]	[Me=0]	[k=5]	[eval=34]	Cost=1354.43	-O3 avx 256 256 256 16 256 7 3
[22:17:47]	[Me=0]	[k=5]	[eval=35]	Cost=1458.66	-O3 avx 256 256 256 16 256 6 7
[22:17:49]	[Me=0]	[k=5]	[eval=36]	Cost=1442.59	-O2 avx512 256 256 256 16 256 6 6
[22:17:50]	[Me=0]	[k=5]	[eval=37]	Cost=1427.45	-O3 avx2 256 256 256 16 256 5 5
[22:17:52]	[Me=0]	[k=5]	[eval=38]	Cost=1248.89	-O2 avx2 256 256 256 16 256 6 2
[22:17:53]	[Me=0]	[k=5]	[eval=39]	Cost=1354.9	-O3 avx2 256 256 256 16 256 7 3
[22:17:54]	[Me=0]	[k=5]	[eval=40]	Cost=1428.87	-O2 avx 256 256 256 16 256 4 5
[22:17:56]	[Me=0]	[k=6]	[eval=41]	Cost=1431.66	-O3 avx 256 256 256 16 256 5 6
[22:17:57]	[Me=0]	[k=6]	[eval=42]	Cost=1466.12	-Ofast avx 256 256 256 16 256 9 8
[22:17:59]	[Me=0]	[k=6]	[eval=43]	Cost=1354.35	-O2 avx2 256 256 256 16 256 7 3
[22:18:00]	[Me=0]	[k=6]	[eval=44]	Cost=1456.64	-Ofast avx 256 256 256 16 256 8 5
[22:18:01]	[Me=0]	[k=6]	[eval=45]	Cost=1386.56	-O3 avx512 256 256 256 16 256 6 4
[22:18:03]	[Me=0]	[k=6]	[eval=46]	Cost=1431.49	-O2 avx2 256 256 256 16 256 5 6
[22:18:04]	[Me=0]	[k=6]	[eval=47]	Cost=1444.56	-O2 avx2 256 256 256 16 256 6 6
[22:18:05]	[Me=0]	[k=6]	[eval=48]	Cost=1385.11	-O2 avx 256 256 256 16 256 3 6
[22:18:07]	[Me=0]	[k=7]	[eval=49]	Cost=1467.22	-O2 avx2 256 256 256 16 256 7 8
[22:18:08]	[Me=0]	[k=7]	[eval=50]	Cost=1451.39	-O2 avx 256 256 256 16 256 11 6
[22:18:10]	[Me=0]	[k=7]	[eval=51]	Cost=1459.63	-O2 avx 256 256 256 16 256 12 9
[22:18:11]	[Me=0]	[k=7]	[eval=52]	Cost=1486.59	-O3 avx 256 256 256 16 256 8 10
[22:18:12]	[Me=0]	[k=7]	[eval=53]	Cost=1479.51	-O2 avx 256 256 256 16 256 8 9
[22:18:14]	[Me=0]	[k=7]	[eval=54]	Cost=1389.88	-O3 avx2 256 256 256 16 256 7 4
[22:18:15]	[Me=0]	[k=7]	[eval=55]	Cost=1468.43	-O2 avx2 256 256 256 16 256 10 9
[22:18:16]	[Me=0]	[k=7]	[eval=56]	Cost=1467.43	-O2 avx 256 256 256 16 256 8 7
[22:18:18]	[Me=0]	[k=8]	[eval=57]	Cost=1455.92	-O2 avx 256 256 256 16 256 11 13
[22:18:19]	[Me=0]	[k=8]	[eval=58]	Cost=1484.99	-O2 avx 256 256 256 16 256 6 12
[22:18:20]	[Me=0]	[k=8]	[eval=59]	Cost=1467.68	-O3 avx2 256 256 256 16 256 12 10
[22:18:22]	[Me=0]	[k=8]	[eval=60]	Cost=1407.62	-O2 avx2 256 256 256 16 256 8 4
[22:18:23]	[Me=0]	[k=8]	[eval=61]	Cost=1469.21	-O3 avx 256 256 256 16 256 9 9
[22:18:25]	[Me=0]	[k=8]	[eval=62]	Cost=1371.27	-O2 avx 256 256 256 16 256 5 4
[22:18:26]	[Me=0]	[k=8]	[eval=63]	Cost=1436.77	-O3 avx 256 256 256 16 256 14 14
[22:18:27]	[Me=0]	[k=8]	[eval=64]	Cost=1480.9	-O2 avx2 256 256 256 16 256 8 8
[22:18:29]	[Me=0]	[k=9]	[eval=65]	Cost=1462.35	-O3 avx 256 256 256 16 256 9 13
[22:18:30]	[Me=0]	[k=9]	[eval=66]	Cost=1468.16	-O2 avx 256 256 256 16 256 11 10
[22:18:31]	[Me=0]	[k=9]	[eval=67]	Cost=1461.28	-O2 avx 256 256 256 16 256 5 8
[22:18:33]	[Me=0]	[k=9]	[eval=68]	Cost=1462.2	-O3 avx 256 256 256 16 256 12 12
[22:18:34]	[Me=0]	[k=9]	[eval=69]	Cost=1297.15	-O2 avx 256 256 256 16 256 1 6
[22:18:35]	[Me=0]	[k=9]	[eval=70]	Cost=1482.9	-O3 avx 256 256 256 16 256 6 10
[22:18:37]	[Me=0]	[k=9]	[eval=71]	Cost=1473.92	-O3 avx512 256 256 256 16 256 7 9
[22:18:38]	[Me=0]	[k=9]	[eval=72]	Cost=1467.82	-O3 avx2 256 256 256 16 256 7 14
[22:18:40]	[Me=0]	[k=10]	[eval=73]	Cost=1440.17	-O3 avx2 256 256 256 16 256 3 9
[22:18:41]	[Me=0]	[k=10]	[eval=74]	Cost=1432.23	-O3 avx 256 256 256 16 256 5 6
[22:18:42]	[Me=0]	[k=10]	[eval=75]	Cost=1473.61	-Ofast avx 256 256 256 16 256 4 9
[22:18:44]	[Me=0]	[k=10]	[eval=76]	Cost=1431.71	-O2 avx 256 256 256 16 256 4 6
[22:18:45]	[Me=0]	[k=10]	[eval=77]	Cost=1479.06	-Ofast avx2 256 256 256 16 256 6 11
[22:18:46]	[Me=0]	[k=10]	[eval=78]	Cost=1486.64	-O2 avx2 256 256 256 16 256 8 11
[22:18:48]	[Me=0]	[k=10]	[eval=79]	Cost=1479.47	-O2 avx 256 256 256 16 256 6 11
[22:18:49]	[Me=0]	[k=10]	[eval=80]	Cost=1468.37	-O3 avx2 256 256 256 16 256 10 10
[22:18:50]	[Me=0]	[k=11]	[eval=81]	Cost=1478.66	-O3 avx 256 256 256 16 256 7 10
[22:18:52]	[Me=0]	[k=11]	[eval=82]	Cost=1486.2	-O3 avx2 256 256 256 16 256 8 10
[22:18:53]	[Me=0]	[k=11]	[eval=83]	Cost=1480.04	-O2 avx 256 256 256 16 256 8 8
[22:18:54]	[Me=0]	[k=11]	[eval=84]	Cost=1474.99	-Ofast avx 256 256 256 16 256 6 14
[22:18:56]	[Me=0]	[k=11]	[eval=85]	Cost=1482.6	-O2 avx2 256 256 256 16 256 8 12
[22:18:57]	[Me=0]	[k=11]	[eval=86]	Cost=1475.53	-O2 avx512 256 256 256 16 256 7 14
[22:18:58]	[Me=0]	[k=11]	[eval=87]	Cost=1446.93	-Ofast avx2 256 256 256 16 256 9 16
[22:19:00]	[Me=0]	[k=11]	[eval=88]	Cost=1467.71	-O2 avx512 256 256 256 16 256 9 11
[22:19:01]	[Me=0]	[k=12]	[eval=89]	Cost=1480.55	-O3 avx 256 256 256 16 256 7 10
[22:19:03]	[Me=0]	[k=12]	[eval=90]	Cost=1484.5	-O2 avx2 256 256 256 16 256 8 11
[22:19:04]	[Me=0]	[k=12]	[eval=91]	Cost=1477.79	-O3 avx 256 256 256 16 256 8 8
[22:19:05]	[Me=0]	[k=12]	[eval=92]	Cost=1481.6	-O3 avx2 256 256 256 16 256 6 11
[22:19:07]	[Me=0]	[k=12]	[eval=93]	Cost=1483.03	-O2 avx2 256 256 256 16 256 8 12
[22:19:08]	[Me=0]	[k=12]	[eval=94]	Cost=1483.66	-O3 avx2 256 256 256 16 256 7 12
[22:19:09]	[Me=0]	[k=12]	[eval=95]	Cost=1471.26	-O2 avx512 256 256 256 16 256 6 13
[22:19:11]	[Me=0]	[k=12]	[eval=96]	Cost=1485.97	-O3 avx 256 256 256 16 256 8 12
[22:19:12]	[Me=0]	[k=13]	[eval=97]	Cost=1481.01	-O2 avx2 256 256 256 16 256 8 9
[22:19:16]	[Me=0]	[k=13]	[eval=98]	Cost=1486.17	-O2 avx 256 256 256 16 256 4 14
[22:19:17]	[Me=0]	[k=13]	[eval=99]	Cost=1473.98	-O2 avx2 256 256 256 16 256 9 12
[22:19:19]	[Me=0]	[k=13]	[eval=100]	Cost=1469.44	-O2 avx2 256 256 256 16 256 7 13
[22:19:20]	[Me=0]	[k=13]	[eval=101]	Cost=1471.66	-O2 avx512 256 256 256 16 256 9 11
[22:19:21]	[Me=0]	[k=13]	[eval=102]	Cost=1476.92	-O2 avx512 256 256 256 16 256 7 11
[22:19:23]	[Me=0]	[k=13]	[eval=103]	Cost=1484.27	-O3 avx512 256 256 256 16 256 8 10
[22:19:24]	[Me=0]	[k=13]	[eval=104]	Cost=1489.21	-O3 avx2 256 256 256 16 256 4 12
[22:19:25]	[Me=0]	[k=14]	[eval=105]	Cost=1480.97	-O2 avx2 256 256 256 16 256 5 12
[info] [Me=0] Path taken:
[info] [Me=0] Best solution found:
	1490.38 -O3 avx2 256 256 256 16 256 4 12

[info] [Me=0] Gathering solutions from all processes
[info] [Me=0] Best solutions:
	1490.38 -O3 avx2 256 256 256 16 256 4 12 Final evaluation: 1488.91
[info] [Me=0] Best overall:
	1488.91 -O3 avx2 256 256 256 16 256 4 12
[info] [Me=0] Total cost evaluations: 106
[info] [Me=0] Elapsed time: 3.31 seconds
[info] [Me=0] Run finished. Logs can be found at convergence_alg5_run3.log.
