[info] [Me=0] Args:
	algorithm: hill_climbing
	batch: False
	hparams: {}
	log: convergence_run_0.log
	phase: run
	problem_size: [256, 256, 256]
	seed: 33
	steps: 100
[info] [Me=0] Hyperparameters:
[info] [Me=0] real seed: 33
[info] [Me=0] Simulator initialized
[info] [Me=0] Starting hill_climbing
[19:20:12]	[Me=0]	[k=0]	[eval=1]	Cost=1164.55	-O2 avx 256 256 256 16 256 3 3	(Initial)
[19:20:14]	[Me=0]	[k=1]	[eval=2]	Cost=1163.0	-O2 avx2 256 256 256 16 256 3 3
[19:20:15]	[Me=0]	[k=2]	[eval=3]	Cost=1074.33	-O2 avx 256 256 256 16 256 3 2
[19:20:17]	[Me=0]	[k=3]	[eval=4]	Cost=1163.55	-Ofast avx 256 256 256 16 256 3 3
[19:20:19]	[Me=0]	[k=4]	[eval=5]	Cost=1143.16	-O2 avx 256 256 256 16 256 2 3
[19:20:20]	[Me=0]	[k=5]	[eval=6]	Cost=1220.97	-O2 avx 256 256 256 16 256 3 4	(New best!)
[19:20:22]	[Me=0]	[k=6]	[eval=7]	Cost=1220.95	-O2 avx2 256 256 256 16 256 3 4
[19:20:23]	[Me=0]	[k=7]	[eval=8]	Cost=1166.2	-O2 avx 256 256 256 16 256 3 3
[19:20:25]	[Me=0]	[k=8]	[eval=9]	Cost=1261.25	-O2 avx 256 256 256 16 256 4 4	(New best!)
[19:20:26]	[Me=0]	[k=9]	[eval=10]	Cost=1253.26	-O2 avx 256 256 256 16 256 5 4
[19:20:28]	[Me=0]	[k=10]	[eval=11]	Cost=1184.75	-O2 avx 256 256 256 16 256 4 3
[19:20:30]	[Me=0]	[k=11]	[eval=12]	Cost=1222.26	-O2 avx 256 256 256 16 256 3 4
[19:20:31]	[Me=0]	[k=12]	[eval=13]	Cost=1260.39	-O2 avx512 256 256 256 16 256 4 4
[19:20:33]	[Me=0]	[k=13]	[eval=14]	Cost=1291.31	-O2 avx 256 256 256 16 256 4 5	(New best!)
[19:20:34]	[Me=0]	[k=14]	[eval=15]	Cost=1246.11	-O2 avx 256 256 256 16 256 3 5
[19:20:36]	[Me=0]	[k=15]	[eval=16]	Cost=1263.5	-O2 avx 256 256 256 16 256 4 4
[19:20:37]	[Me=0]	[k=16]	[eval=17]	Cost=1334.04	-O2 avx 256 256 256 16 256 4 6	(New best!)
[19:20:39]	[Me=0]	[k=17]	[eval=18]	Cost=1333.23	-Ofast avx 256 256 256 16 256 4 6
[19:20:40]	[Me=0]	[k=18]	[eval=19]	Cost=1332.6	-O2 avx512 256 256 256 16 256 4 6
[19:20:42]	[Me=0]	[k=19]	[eval=20]	Cost=1321.98	-O2 avx 256 256 256 16 256 5 6
[19:20:43]	[Me=0]	[k=20]	[eval=21]	Cost=1289.65	-O2 avx 256 256 256 16 256 3 6
[19:20:44]	[Me=0]	[k=21]	[eval=22]	Cost=1349.7	-O2 avx 256 256 256 16 256 4 7	(New best!)
[19:20:46]	[Me=0]	[k=22]	[eval=23]	Cost=1350.64	-O3 avx 256 256 256 16 256 4 7	(New best!)
[19:20:47]	[Me=0]	[k=23]	[eval=24]	Cost=1334.54	-O3 avx 256 256 256 16 256 4 6
[19:20:49]	[Me=0]	[k=24]	[eval=25]	Cost=1377.22	-O3 avx 256 256 256 16 256 4 8	(New best!)
[19:20:50]	[Me=0]	[k=25]	[eval=26]	Cost=1332.69	-O3 avx 256 256 256 16 256 3 8
[19:20:52]	[Me=0]	[k=26]	[eval=27]	Cost=1380.27	-O3 avx2 256 256 256 16 256 4 8	(New best!)
[19:20:53]	[Me=0]	[k=27]	[eval=28]	Cost=1380.14	-O3 avx512 256 256 256 16 256 4 8
[19:20:55]	[Me=0]	[k=28]	[eval=29]	Cost=1374.48	-Ofast avx2 256 256 256 16 256 4 8
[19:20:56]	[Me=0]	[k=29]	[eval=30]	Cost=1380.63	-O2 avx2 256 256 256 16 256 4 8	(New best!)
[19:20:57]	[Me=0]	[k=30]	[eval=31]	Cost=1364.35	-O2 avx2 256 256 256 16 256 5 8
[19:20:59]	[Me=0]	[k=31]	[eval=32]	Cost=1380.68	-O2 avx 256 256 256 16 256 4 8	(New best!)
[19:21:00]	[Me=0]	[k=32]	[eval=33]	Cost=1380.52	-O2 avx512 256 256 256 16 256 4 8
[19:21:02]	[Me=0]	[k=33]	[eval=34]	Cost=1378.03	-O3 avx 256 256 256 16 256 4 8
[19:21:03]	[Me=0]	[k=34]	[eval=35]	Cost=1380.98	-O2 avx 256 256 256 16 256 4 9	(New best!)
[19:21:05]	[Me=0]	[k=35]	[eval=36]	Cost=1370.19	-O2 avx 256 256 256 16 256 5 9
[19:21:06]	[Me=0]	[k=36]	[eval=37]	Cost=1380.9	-O3 avx 256 256 256 16 256 4 9
[19:21:07]	[Me=0]	[k=37]	[eval=38]	Cost=1391.27	-O2 avx 256 256 256 16 256 4 10	(New best!)
[19:21:09]	[Me=0]	[k=38]	[eval=39]	Cost=1373.76	-O2 avx 256 256 256 16 256 5 10
[19:21:10]	[Me=0]	[k=39]	[eval=40]	Cost=1394.48	-O2 avx 256 256 256 16 256 4 11	(New best!)
[19:21:12]	[Me=0]	[k=40]	[eval=41]	Cost=1392.39	-O2 avx512 256 256 256 16 256 4 11
[19:21:13]	[Me=0]	[k=41]	[eval=42]	Cost=1374.76	-O2 avx 256 256 256 16 256 5 11
[19:21:15]	[Me=0]	[k=42]	[eval=43]	Cost=1396.82	-O2 avx2 256 256 256 16 256 4 11	(New best!)
[19:21:16]	[Me=0]	[k=43]	[eval=44]	Cost=1372.68	-O2 avx2 256 256 256 16 256 5 11
[19:21:17]	[Me=0]	[k=44]	[eval=45]	Cost=1399.45	-O3 avx2 256 256 256 16 256 4 11	(New best!)
[19:21:19]	[Me=0]	[k=45]	[eval=46]	Cost=1376.37	-O3 avx2 256 256 256 16 256 5 11
[19:21:20]	[Me=0]	[k=46]	[eval=47]	Cost=1349.23	-O3 avx2 256 256 256 16 256 3 11
[19:21:22]	[Me=0]	[k=47]	[eval=48]	Cost=1397.35	-O3 avx2 256 256 256 16 256 4 12
[19:21:23]	[Me=0]	[k=48]	[eval=49]	Cost=1394.07	-O3 avx 256 256 256 16 256 4 11
[19:21:25]	[Me=0]	[k=49]	[eval=50]	Cost=1385.41	-O3 avx2 256 256 256 16 256 4 10
[19:21:26]	[Me=0]	[k=50]	[eval=51]	Cost=1396.72	-O2 avx2 256 256 256 16 256 4 11
[19:21:27]	[Me=0]	[k=51]	[eval=52]	Cost=1394.05	-Ofast avx2 256 256 256 16 256 4 11
[19:21:29]	[Me=0]	[k=52]	[eval=53]	Cost=1396.41	-O3 avx512 256 256 256 16 256 4 11
[info] [Me=0] Algorithm exited: Best solution neighborhood was fully explored 
[info] [Me=0] Path taken:
	1164.55 -O2 avx 256 256 256 16 256 3 3
	1220.97 -O2 avx 256 256 256 16 256 3 4
	1261.25 -O2 avx 256 256 256 16 256 4 4
	1291.31 -O2 avx 256 256 256 16 256 4 5
	1334.04 -O2 avx 256 256 256 16 256 4 6
	1349.7 -O2 avx 256 256 256 16 256 4 7
	1350.64 -O3 avx 256 256 256 16 256 4 7
	1377.22 -O3 avx 256 256 256 16 256 4 8
	1380.27 -O3 avx2 256 256 256 16 256 4 8
	1380.63 -O2 avx2 256 256 256 16 256 4 8
	1380.68 -O2 avx 256 256 256 16 256 4 8
	1380.98 -O2 avx 256 256 256 16 256 4 9
	1391.27 -O2 avx 256 256 256 16 256 4 10
	1394.48 -O2 avx 256 256 256 16 256 4 11
	1396.82 -O2 avx2 256 256 256 16 256 4 11
	1399.45 -O3 avx2 256 256 256 16 256 4 11
[info] [Me=0] Best solution found:
	1399.45 -O3 avx2 256 256 256 16 256 4 11

[info] [Me=0] Gathering solutions from all processes
[info] [Me=0] Best solutions:
	1399.45 -O3 avx2 256 256 256 16 256 4 11
[info] [Me=0] Best overall:
	1399.45 -O3 avx2 256 256 256 16 256 4 11
[info] [Me=0] Total cost evaluations: 53
[info] [Me=0] Run finished. Logs can be found at convergence_run_0.log.
