[info] [Me=0] Args:
	algorithm: hill_climbing
	batch: False
	flexible_shape: False
	hparams: {}
	log: convergence_alg0_run1.log
	phase: run
	problem_size: [256, 256, 256]
	program_path: iso3dfd-st7
	seed: 33
	steps: 100
	use_energy: False
[info] [Me=0] Hyperparameters:
[info] [Me=0] real seed: 33
[info] [Me=0] Simulator initialized
[info] [Me=0] Starting hill_climbing
[22:48:47]	[Me=0]	[k=0]	[eval=1]	Cost=1322.94	-O2 avx 256 256 256 16 256 3 3	(Initial)
[22:48:48]	[Me=0]	[k=1]	[eval=2]	Cost=1319.33	-O2 avx2 256 256 256 16 256 3 3
[22:48:50]	[Me=0]	[k=2]	[eval=3]	Cost=1237.05	-O2 avx 256 256 256 16 256 3 2
[22:48:51]	[Me=0]	[k=3]	[eval=4]	Cost=1320.74	-O3 avx 256 256 256 16 256 3 3
[22:48:53]	[Me=0]	[k=4]	[eval=5]	Cost=1297.36	-O2 avx 256 256 256 16 256 2 3
[22:48:54]	[Me=0]	[k=5]	[eval=6]	Cost=1332.76	-O2 avx 256 256 256 16 256 3 4	(New best!)
[22:48:56]	[Me=0]	[k=6]	[eval=7]	Cost=1329.7	-O2 avx2 256 256 256 16 256 3 4
[22:48:57]	[Me=0]	[k=7]	[eval=8]	Cost=1320.18	-O2 avx 256 256 256 16 256 3 3
[22:48:59]	[Me=0]	[k=8]	[eval=9]	Cost=1366.34	-O2 avx 256 256 256 16 256 4 4	(New best!)
[22:49:00]	[Me=0]	[k=9]	[eval=10]	Cost=1370.73	-O2 avx 256 256 256 16 256 5 4	(New best!)
[22:49:01]	[Me=0]	[k=10]	[eval=11]	Cost=1428.72	-O2 avx 256 256 256 16 256 5 5	(New best!)
[22:49:03]	[Me=0]	[k=11]	[eval=12]	Cost=1429.44	-O2 avx 256 256 256 16 256 5 6	(New best!)
[22:49:04]	[Me=0]	[k=12]	[eval=13]	Cost=1430.43	-O2 avx 256 256 256 16 256 4 6	(New best!)
[22:49:06]	[Me=0]	[k=13]	[eval=14]	Cost=1434.36	-O3 avx 256 256 256 16 256 4 6	(New best!)
[22:49:07]	[Me=0]	[k=14]	[eval=15]	Cost=1382.41	-O3 avx 256 256 256 16 256 3 6
[22:49:08]	[Me=0]	[k=15]	[eval=16]	Cost=1434.23	-O3 avx512 256 256 256 16 256 4 6
[22:49:10]	[Me=0]	[k=16]	[eval=17]	Cost=1433.79	-O3 avx2 256 256 256 16 256 4 6
[22:49:11]	[Me=0]	[k=17]	[eval=18]	Cost=1451.09	-O3 avx 256 256 256 16 256 4 7	(New best!)
[22:49:12]	[Me=0]	[k=18]	[eval=19]	Cost=1458.41	-O3 avx 256 256 256 16 256 4 8	(New best!)
[22:49:14]	[Me=0]	[k=19]	[eval=20]	Cost=1459.59	-Ofast avx 256 256 256 16 256 4 8	(New best!)
[22:49:15]	[Me=0]	[k=20]	[eval=21]	Cost=1450.44	-Ofast avx 256 256 256 16 256 4 7
[22:49:16]	[Me=0]	[k=21]	[eval=22]	Cost=1469.32	-Ofast avx 256 256 256 16 256 4 9	(New best!)
[22:49:18]	[Me=0]	[k=22]	[eval=23]	Cost=1440.39	-Ofast avx 256 256 256 16 256 3 9
[22:49:19]	[Me=0]	[k=23]	[eval=24]	Cost=1472.69	-Ofast avx2 256 256 256 16 256 4 9	(New best!)
[22:49:20]	[Me=0]	[k=24]	[eval=25]	Cost=1470.33	-Ofast avx512 256 256 256 16 256 4 9
[22:49:22]	[Me=0]	[k=25]	[eval=26]	Cost=1471.49	-O3 avx2 256 256 256 16 256 4 9
[22:49:23]	[Me=0]	[k=26]	[eval=27]	Cost=1469.87	-O2 avx2 256 256 256 16 256 4 9
[22:49:25]	[Me=0]	[k=27]	[eval=28]	Cost=1463.7	-Ofast avx2 256 256 256 16 256 5 9
[22:49:26]	[Me=0]	[k=28]	[eval=29]	Cost=1462.41	-Ofast avx2 256 256 256 16 256 4 8
[22:49:27]	[Me=0]	[k=29]	[eval=30]	Cost=1471.93	-Ofast avx 256 256 256 16 256 4 9
[22:49:29]	[Me=0]	[k=30]	[eval=31]	Cost=1439.07	-Ofast avx2 256 256 256 16 256 3 9
[22:49:30]	[Me=0]	[k=31]	[eval=32]	Cost=1478.88	-Ofast avx2 256 256 256 16 256 4 10	(New best!)
[22:49:31]	[Me=0]	[k=32]	[eval=33]	Cost=1481.73	-O2 avx2 256 256 256 16 256 4 10	(New best!)
[22:49:33]	[Me=0]	[k=33]	[eval=34]	Cost=1469.98	-O2 avx2 256 256 256 16 256 5 10
[22:49:34]	[Me=0]	[k=34]	[eval=35]	Cost=1481.21	-O2 avx2 256 256 256 16 256 4 11
[22:49:35]	[Me=0]	[k=35]	[eval=36]	Cost=1479.53	-O3 avx2 256 256 256 16 256 4 10
[22:49:37]	[Me=0]	[k=36]	[eval=37]	Cost=1469.95	-O2 avx2 256 256 256 16 256 4 9
[22:49:38]	[Me=0]	[k=37]	[eval=38]	Cost=1480.57	-O2 avx512 256 256 256 16 256 4 10
[22:49:39]	[Me=0]	[k=38]	[eval=39]	Cost=1482.48	-O2 avx 256 256 256 16 256 4 10	(New best!)
[22:49:41]	[Me=0]	[k=39]	[eval=40]	Cost=1479.67	-Ofast avx 256 256 256 16 256 4 10
[22:49:42]	[Me=0]	[k=40]	[eval=41]	Cost=1482.38	-O2 avx512 256 256 256 16 256 4 10
[22:49:43]	[Me=0]	[k=41]	[eval=42]	Cost=1472.54	-O2 avx 256 256 256 16 256 4 9
[22:49:45]	[Me=0]	[k=42]	[eval=43]	Cost=1451.53	-O2 avx 256 256 256 16 256 3 10
[22:49:46]	[Me=0]	[k=43]	[eval=44]	Cost=1484.38	-O2 avx 256 256 256 16 256 4 11	(New best!)
[22:49:47]	[Me=0]	[k=44]	[eval=45]	Cost=1480.52	-O2 avx 256 256 256 16 256 4 10
[22:49:49]	[Me=0]	[k=45]	[eval=46]	Cost=1482.32	-O3 avx 256 256 256 16 256 4 11
[22:49:50]	[Me=0]	[k=46]	[eval=47]	Cost=1483.78	-O2 avx 256 256 256 16 256 4 12
[22:49:52]	[Me=0]	[k=47]	[eval=48]	Cost=1481.81	-Ofast avx 256 256 256 16 256 4 11
[22:49:53]	[Me=0]	[k=48]	[eval=49]	Cost=1482.31	-O2 avx2 256 256 256 16 256 4 11
[22:49:54]	[Me=0]	[k=49]	[eval=50]	Cost=1454.59	-O2 avx 256 256 256 16 256 3 11
[22:49:56]	[Me=0]	[k=50]	[eval=51]	Cost=1481.34	-O2 avx512 256 256 256 16 256 4 11
[22:49:57]	[Me=0]	[k=51]	[eval=52]	Cost=1471.84	-O2 avx 256 256 256 16 256 5 11
[info] [Me=0] Algorithm exited: Best solution neighborhood was fully explored 
[info] [Me=0] Path taken:
	1322.94 -O2 avx 256 256 256 16 256 3 3
	1332.76 -O2 avx 256 256 256 16 256 3 4
	1366.34 -O2 avx 256 256 256 16 256 4 4
	1370.73 -O2 avx 256 256 256 16 256 5 4
	1428.72 -O2 avx 256 256 256 16 256 5 5
	1429.44 -O2 avx 256 256 256 16 256 5 6
	1430.43 -O2 avx 256 256 256 16 256 4 6
	1434.36 -O3 avx 256 256 256 16 256 4 6
	1451.09 -O3 avx 256 256 256 16 256 4 7
	1458.41 -O3 avx 256 256 256 16 256 4 8
	1459.59 -Ofast avx 256 256 256 16 256 4 8
	1469.32 -Ofast avx 256 256 256 16 256 4 9
	1472.69 -Ofast avx2 256 256 256 16 256 4 9
	1478.88 -Ofast avx2 256 256 256 16 256 4 10
	1481.73 -O2 avx2 256 256 256 16 256 4 10
	1482.48 -O2 avx 256 256 256 16 256 4 10
	1484.38 -O2 avx 256 256 256 16 256 4 11
[info] [Me=0] Best solution found:
	1484.38 -O2 avx 256 256 256 16 256 4 11

[info] [Me=0] Gathering solutions from all processes
[info] [Me=0] Best solutions:
	1484.38 -O2 avx 256 256 256 16 256 4 11 Final evaluation: 1481.6
[info] [Me=0] Best overall:
	1481.6 -O2 avx 256 256 256 16 256 4 11
[info] [Me=0] Total cost evaluations: 52
[info] [Me=0] Elapsed time: 3.35 seconds
[info] [Me=0] Run finished. Logs can be found at convergence_alg0_run1.log.
