[info] [Me=0] Args:
	algorithm: simulated_annealing
	batch: False
	hparams: {"t0":20}
	log: convergence_run_2.log
	phase: run
	problem_size: [256, 256, 256]
	seed: 33
	steps: 100
[info] [Me=0] Hyperparameters:
	t0: 20
[info] [Me=0] real seed: 33
[info] [Me=0] Simulator initialized
[info] [Me=0] Starting simulated_annealing
[18:55:19]	[Me=0]	[k=0]	[eval=1]	Cost=1165.04	-O2 avx 256 256 256 16 256 3 3	(Initial)
[18:55:20]	[Me=0]	[k=1]	[eval=2]	Cost=1163.62	-O2 avx512 256 256 256 16 256 3 3	(Risky choice !)
[18:55:22]	[Me=0]	[k=2]	[eval=3]	Cost=1148.11	-O2 avx512 256 256 256 16 256 2 3
[18:55:24]	[Me=0]	[k=3]	[eval=4]	Cost=1162.13	-O2 avx2 256 256 256 16 256 3 3
[18:55:25]	[Me=0]	[k=4]	[eval=5]	Cost=1184.62	-O2 avx512 256 256 256 16 256 4 3	(New best)
[18:55:27]	[Me=0]	[k=5]	[eval=6]	Cost=1263.72	-O2 avx512 256 256 256 16 256 4 4	(New best)
[18:55:28]	[Me=0]	[k=6]	[eval=7]	Cost=1290.98	-O2 avx512 256 256 256 16 256 4 5	(New best)
[18:55:30]	[Me=0]	[k=7]	[eval=8]	Cost=1245.34	-O2 avx512 256 256 256 16 256 3 5
[18:55:31]	[Me=0]	[k=8]	[eval=9]	Cost=1290.44	-O3 avx512 256 256 256 16 256 4 5	(Risky choice !)
[18:55:33]	[Me=0]	[k=9]	[eval=10]	Cost=1245.03	-O3 avx512 256 256 256 16 256 3 5
[18:55:34]	[Me=0]	[k=10]	[eval=11]	Cost=1289.55	-Ofast avx512 256 256 256 16 256 4 5	(Risky choice !)
[18:55:36]	[Me=0]	[k=11]	[eval=12]	Cost=1260.91	-Ofast avx512 256 256 256 16 256 4 4
[18:55:37]	[Me=0]	[k=12]	[eval=13]	Cost=1245.78	-Ofast avx512 256 256 256 16 256 3 5
[18:55:39]	[Me=0]	[k=13]	[eval=14]	Cost=1292.17	-Ofast avx 256 256 256 16 256 4 5	(New best)
[18:55:40]	[Me=0]	[k=14]	[eval=15]	Cost=1291.78	-O2 avx 256 256 256 16 256 4 5	(Risky choice !)
[18:55:42]	[Me=0]	[k=15]	[eval=16]	Cost=1277.09	-O2 avx 256 256 256 16 256 5 5
[18:55:43]	[Me=0]	[k=16]	[eval=17]	Cost=1244.01	-O2 avx 256 256 256 16 256 3 5
[18:55:45]	[Me=0]	[k=17]	[eval=18]	Cost=1291.41	-O3 avx 256 256 256 16 256 4 5	(Risky choice !)
[18:55:46]	[Me=0]	[k=18]	[eval=19]	Cost=1292.61	-O2 avx 256 256 256 16 256 4 5	(New best)
[18:55:48]	[Me=0]	[k=19]	[eval=20]	Cost=1276.52	-O2 avx 256 256 256 16 256 5 5
[18:55:49]	[Me=0]	[k=20]	[eval=21]	Cost=1245.47	-O2 avx 256 256 256 16 256 3 5
[18:55:49]	[Me=0]	[k=21]	[eval=21]	Cost=1276.52	-O2 avx 256 256 256 16 256 5 5
[18:55:49]	[Me=0]	[k=22]	[eval=21]	Cost=1245.47	-O2 avx 256 256 256 16 256 3 5
[18:55:51]	[Me=0]	[k=23]	[eval=22]	Cost=1262.41	-O2 avx 256 256 256 16 256 4 4
[18:55:52]	[Me=0]	[k=24]	[eval=23]	Cost=1290.03	-O3 avx 256 256 256 16 256 4 5
[18:55:52]	[Me=0]	[k=25]	[eval=23]	Cost=1276.52	-O2 avx 256 256 256 16 256 5 5
[18:55:52]	[Me=0]	[k=26]	[eval=23]	Cost=1290.03	-O3 avx 256 256 256 16 256 4 5	(Risky choice !)
[18:55:54]	[Me=0]	[k=27]	[eval=24]	Cost=1290.51	-O2 avx 256 256 256 16 256 4 5	(Risky choice !)
[18:55:55]	[Me=0]	[k=28]	[eval=25]	Cost=1291.96	-O3 avx 256 256 256 16 256 4 5	(Risky choice !)
[18:55:57]	[Me=0]	[k=29]	[eval=26]	Cost=1275.84	-O3 avx 256 256 256 16 256 5 5
[18:55:58]	[Me=0]	[k=30]	[eval=27]	Cost=1262.94	-O3 avx 256 256 256 16 256 4 4
[18:56:00]	[Me=0]	[k=31]	[eval=28]	Cost=1292.48	-O3 avx2 256 256 256 16 256 4 5
[18:56:01]	[Me=0]	[k=32]	[eval=29]	Cost=1291.07	-O3 avx 256 256 256 16 256 4 5
[18:56:03]	[Me=0]	[k=33]	[eval=30]	Cost=1263.53	-O3 avx2 256 256 256 16 256 4 4
[18:56:04]	[Me=0]	[k=34]	[eval=31]	Cost=1333.12	-O3 avx2 256 256 256 16 256 4 6	(New best)
[18:56:06]	[Me=0]	[k=35]	[eval=32]	Cost=1322.26	-O3 avx2 256 256 256 16 256 5 6
[18:56:07]	[Me=0]	[k=36]	[eval=33]	Cost=1349.95	-O3 avx2 256 256 256 16 256 4 7	(New best)
[18:56:09]	[Me=0]	[k=37]	[eval=34]	Cost=1306.61	-O3 avx2 256 256 256 16 256 3 7
[18:56:10]	[Me=0]	[k=38]	[eval=35]	Cost=1350.84	-Ofast avx2 256 256 256 16 256 4 7	(New best)
[18:56:12]	[Me=0]	[k=39]	[eval=36]	Cost=1377.82	-Ofast avx2 256 256 256 16 256 4 8	(New best)
[18:56:13]	[Me=0]	[k=40]	[eval=37]	Cost=1350.63	-Ofast avx2 256 256 256 16 256 4 7
[18:56:15]	[Me=0]	[k=41]	[eval=38]	Cost=1359.23	-Ofast avx2 256 256 256 16 256 5 8
[18:56:16]	[Me=0]	[k=42]	[eval=39]	Cost=1379.35	-Ofast avx 256 256 256 16 256 4 8	(New best)
[18:56:18]	[Me=0]	[k=43]	[eval=40]	Cost=1379.22	-O3 avx 256 256 256 16 256 4 8
[18:56:19]	[Me=0]	[k=44]	[eval=41]	Cost=1381.15	-Ofast avx 256 256 256 16 256 4 9	(New best)
[18:56:20]	[Me=0]	[k=45]	[eval=42]	Cost=1364.15	-Ofast avx 256 256 256 16 256 5 9
[18:56:22]	[Me=0]	[k=46]	[eval=43]	Cost=1380.38	-Ofast avx512 256 256 256 16 256 4 9
[18:56:23]	[Me=0]	[k=47]	[eval=44]	Cost=1386.18	-Ofast avx 256 256 256 16 256 4 10	(New best)
[18:56:25]	[Me=0]	[k=48]	[eval=45]	Cost=1387.15	-O3 avx 256 256 256 16 256 4 10	(New best)
[18:56:26]	[Me=0]	[k=49]	[eval=46]	Cost=1391.49	-O2 avx 256 256 256 16 256 4 10	(New best)
[18:56:28]	[Me=0]	[k=50]	[eval=47]	Cost=1346.49	-O2 avx 256 256 256 16 256 3 10
[18:56:29]	[Me=0]	[k=51]	[eval=48]	Cost=1380.33	-O2 avx 256 256 256 16 256 4 9
[18:56:29]	[Me=0]	[k=52]	[eval=48]	Cost=1380.33	-O2 avx 256 256 256 16 256 4 9
[18:56:30]	[Me=0]	[k=53]	[eval=49]	Cost=1392.74	-O2 avx 256 256 256 16 256 4 11	(New best)
[18:56:32]	[Me=0]	[k=54]	[eval=50]	Cost=1383.52	-O2 avx 256 256 256 16 256 4 10
[18:56:32]	[Me=0]	[k=55]	[eval=50]	Cost=1383.52	-O2 avx 256 256 256 16 256 4 10
[18:56:33]	[Me=0]	[k=56]	[eval=51]	Cost=1374.04	-O2 avx 256 256 256 16 256 5 11
[18:56:35]	[Me=0]	[k=57]	[eval=52]	Cost=1393.87	-O2 avx512 256 256 256 16 256 4 11	(New best)
[18:56:36]	[Me=0]	[k=58]	[eval=53]	Cost=1373.21	-O2 avx512 256 256 256 16 256 5 11
[18:56:38]	[Me=0]	[k=59]	[eval=54]	Cost=1351.65	-O2 avx512 256 256 256 16 256 3 11
[18:56:39]	[Me=0]	[k=60]	[eval=55]	Cost=1394.93	-O2 avx2 256 256 256 16 256 4 11	(New best)
[18:56:40]	[Me=0]	[k=61]	[eval=56]	Cost=1366.61	-O2 avx2 256 256 256 16 256 5 11
[18:56:42]	[Me=0]	[k=62]	[eval=57]	Cost=1389.13	-O2 avx2 256 256 256 16 256 4 10
[18:56:42]	[Me=0]	[k=63]	[eval=57]	Cost=1366.61	-O2 avx2 256 256 256 16 256 5 11
[18:56:42]	[Me=0]	[k=64]	[eval=57]	Cost=1366.61	-O2 avx2 256 256 256 16 256 5 11
[18:56:43]	[Me=0]	[k=65]	[eval=58]	Cost=1395.11	-Ofast avx2 256 256 256 16 256 4 11	(New best)
[18:56:45]	[Me=0]	[k=66]	[eval=59]	Cost=1386.65	-O3 avx2 256 256 256 16 256 4 11
[18:56:46]	[Me=0]	[k=67]	[eval=60]	Cost=1395.88	-O2 avx2 256 256 256 16 256 4 11	(New best)
[18:56:48]	[Me=0]	[k=68]	[eval=61]	Cost=1348.83	-O2 avx2 256 256 256 16 256 3 11
[18:56:49]	[Me=0]	[k=69]	[eval=62]	Cost=1389.22	-O3 avx2 256 256 256 16 256 4 11
[18:56:50]	[Me=0]	[k=70]	[eval=63]	Cost=1398.44	-O2 avx 256 256 256 16 256 4 11	(New best)
[18:56:52]	[Me=0]	[k=71]	[eval=64]	Cost=1391.64	-O2 avx2 256 256 256 16 256 4 11
[18:56:53]	[Me=0]	[k=72]	[eval=65]	Cost=1397.99	-O3 avx 256 256 256 16 256 4 11
[18:56:55]	[Me=0]	[k=73]	[eval=66]	Cost=1393.92	-Ofast avx 256 256 256 16 256 4 11
[18:56:56]	[Me=0]	[k=74]	[eval=67]	Cost=1372.69	-O2 avx 256 256 256 16 256 5 11
[18:56:58]	[Me=0]	[k=75]	[eval=68]	Cost=1401.64	-O2 avx512 256 256 256 16 256 4 11	(New best)
[18:56:59]	[Me=0]	[k=76]	[eval=69]	Cost=1389.19	-O2 avx512 256 256 256 16 256 4 10
[18:57:00]	[Me=0]	[k=77]	[eval=70]	Cost=1390.76	-O3 avx512 256 256 256 16 256 4 11
[18:57:02]	[Me=0]	[k=78]	[eval=71]	Cost=1394.98	-O2 avx2 256 256 256 16 256 4 11
[18:57:03]	[Me=0]	[k=79]	[eval=72]	Cost=1393.92	-Ofast avx512 256 256 256 16 256 4 11
[18:57:05]	[Me=0]	[k=80]	[eval=73]	Cost=1396.55	-O2 avx 256 256 256 16 256 4 11
[18:57:05]	[Me=0]	[k=81]	[eval=73]	Cost=1396.55	-O2 avx 256 256 256 16 256 4 11
[18:57:06]	[Me=0]	[k=82]	[eval=74]	Cost=1368.23	-O2 avx512 256 256 256 16 256 5 11
[18:57:07]	[Me=0]	[k=83]	[eval=75]	Cost=1395.99	-O2 avx512 256 256 256 16 256 4 12
[18:57:07]	[Me=0]	[k=84]	[eval=75]	Cost=1393.92	-Ofast avx512 256 256 256 16 256 4 11
[18:57:07]	[Me=0]	[k=85]	[eval=75]	Cost=1393.92	-Ofast avx512 256 256 256 16 256 4 11
[18:57:07]	[Me=0]	[k=86]	[eval=75]	Cost=1395.99	-O2 avx512 256 256 256 16 256 4 12
[18:57:07]	[Me=0]	[k=87]	[eval=75]	Cost=1368.23	-O2 avx512 256 256 256 16 256 5 11
[18:57:07]	[Me=0]	[k=88]	[eval=75]	Cost=1394.98	-O2 avx2 256 256 256 16 256 4 11
[18:57:07]	[Me=0]	[k=89]	[eval=75]	Cost=1390.76	-O3 avx512 256 256 256 16 256 4 11
[18:57:07]	[Me=0]	[k=90]	[eval=75]	Cost=1395.99	-O2 avx512 256 256 256 16 256 4 12
[18:57:09]	[Me=0]	[k=91]	[eval=76]	Cost=1350.19	-O2 avx512 256 256 256 16 256 3 11
[18:57:09]	[Me=0]	[k=92]	[eval=76]	Cost=1390.76	-O3 avx512 256 256 256 16 256 4 11
[18:57:09]	[Me=0]	[k=93]	[eval=76]	Cost=1394.98	-O2 avx2 256 256 256 16 256 4 11
[18:57:09]	[Me=0]	[k=94]	[eval=76]	Cost=1394.98	-O2 avx2 256 256 256 16 256 4 11
[18:57:09]	[Me=0]	[k=95]	[eval=76]	Cost=1394.98	-O2 avx2 256 256 256 16 256 4 11
[18:57:09]	[Me=0]	[k=96]	[eval=76]	Cost=1395.99	-O2 avx512 256 256 256 16 256 4 12
[18:57:09]	[Me=0]	[k=97]	[eval=76]	Cost=1395.99	-O2 avx512 256 256 256 16 256 4 12
[18:57:09]	[Me=0]	[k=98]	[eval=76]	Cost=1396.55	-O2 avx 256 256 256 16 256 4 11
[18:57:09]	[Me=0]	[k=99]	[eval=76]	Cost=1393.92	-Ofast avx512 256 256 256 16 256 4 11
[18:57:09]	[Me=0]	[k=100]	[eval=76]	Cost=1368.23	-O2 avx512 256 256 256 16 256 5 11
[info] [Me=0] Path taken:
	1165.04 -O2 avx 256 256 256 16 256 3 3
	1184.62 -O2 avx512 256 256 256 16 256 4 3
	1263.72 -O2 avx512 256 256 256 16 256 4 4
	1290.98 -O2 avx512 256 256 256 16 256 4 5
	1292.17 -Ofast avx 256 256 256 16 256 4 5
	1292.61 -O2 avx 256 256 256 16 256 4 5
	1333.12 -O3 avx2 256 256 256 16 256 4 6
	1349.95 -O3 avx2 256 256 256 16 256 4 7
	1350.84 -Ofast avx2 256 256 256 16 256 4 7
	1377.82 -Ofast avx2 256 256 256 16 256 4 8
	1379.35 -Ofast avx 256 256 256 16 256 4 8
	1381.15 -Ofast avx 256 256 256 16 256 4 9
	1386.18 -Ofast avx 256 256 256 16 256 4 10
	1387.15 -O3 avx 256 256 256 16 256 4 10
	1391.49 -O2 avx 256 256 256 16 256 4 10
	1392.74 -O2 avx 256 256 256 16 256 4 11
	1393.87 -O2 avx512 256 256 256 16 256 4 11
	1394.93 -O2 avx2 256 256 256 16 256 4 11
	1395.11 -Ofast avx2 256 256 256 16 256 4 11
	1395.88 -O2 avx2 256 256 256 16 256 4 11
	1398.44 -O2 avx 256 256 256 16 256 4 11
	1401.64 -O2 avx512 256 256 256 16 256 4 11
[info] [Me=0] Best solution found:
	1401.64 -O2 avx512 256 256 256 16 256 4 11

[info] [Me=0] Gathering solutions from all processes
[info] [Me=0] Best solutions:
	1401.64 -O2 avx512 256 256 256 16 256 4 11
[info] [Me=0] Best overall:
	1401.64 -O2 avx512 256 256 256 16 256 4 11
[info] [Me=0] Total cost evaluations: 76
[info] [Me=0] Run finished. Logs can be found at convergence_run_2.log.
