[info] [Me=0] Args:
	algorithm: simulated_annealing
	batch: False
	flexible_shape: False
	hparams: {"t0":20}
	log: convergence_alg3_run3.log
	phase: run
	problem_size: [256, 256, 256]
	program_path: iso3dfd-st7
	seed: 33
	steps: 100
	use_energy: False
[info] [Me=0] Hyperparameters:
	t0: 20
[info] [Me=0] real seed: 33
[info] [Me=0] Simulator initialized
[info] [Me=0] Starting simulated_annealing
[21:41:10]	[Me=0]	[k=0]	[eval=1]	Cost=1323.64	-O2 avx 256 256 256 16 256 3 3	(Initial)
[21:41:12]	[Me=0]	[k=1]	[eval=2]	Cost=1316.86	-O2 avx512 256 256 256 16 256 3 3	(Risky choice !)
[21:41:13]	[Me=0]	[k=2]	[eval=3]	Cost=1298.46	-O2 avx512 256 256 256 16 256 2 3
[21:41:15]	[Me=0]	[k=3]	[eval=4]	Cost=1315.17	-O2 avx2 256 256 256 16 256 3 3
[21:41:16]	[Me=0]	[k=4]	[eval=5]	Cost=1336.14	-O2 avx512 256 256 256 16 256 4 3	(New best)
[21:41:18]	[Me=0]	[k=5]	[eval=6]	Cost=1367.96	-O2 avx512 256 256 256 16 256 4 4	(New best)
[21:41:19]	[Me=0]	[k=6]	[eval=7]	Cost=1428.55	-O2 avx512 256 256 256 16 256 4 5	(New best)
[21:41:20]	[Me=0]	[k=7]	[eval=8]	Cost=1380.71	-O2 avx512 256 256 256 16 256 3 5
[21:41:22]	[Me=0]	[k=8]	[eval=9]	Cost=1427.78	-Ofast avx512 256 256 256 16 256 4 5	(Risky choice !)
[21:41:23]	[Me=0]	[k=9]	[eval=10]	Cost=1376.25	-Ofast avx512 256 256 256 16 256 3 5
[21:41:25]	[Me=0]	[k=10]	[eval=11]	Cost=1425.28	-O3 avx512 256 256 256 16 256 4 5
[21:41:27]	[Me=0]	[k=11]	[eval=12]	Cost=1366.87	-Ofast avx512 256 256 256 16 256 4 4
[21:41:27]	[Me=0]	[k=12]	[eval=12]	Cost=1376.25	-Ofast avx512 256 256 256 16 256 3 5
[21:41:28]	[Me=0]	[k=13]	[eval=13]	Cost=1430.29	-Ofast avx 256 256 256 16 256 4 5	(New best)
[21:41:30]	[Me=0]	[k=14]	[eval=14]	Cost=1428.7	-O2 avx 256 256 256 16 256 4 5
[21:41:31]	[Me=0]	[k=15]	[eval=15]	Cost=1427.21	-Ofast avx 256 256 256 16 256 5 5
[21:41:32]	[Me=0]	[k=16]	[eval=16]	Cost=1376.54	-Ofast avx 256 256 256 16 256 3 5
[21:41:32]	[Me=0]	[k=17]	[eval=16]	Cost=1428.7	-O2 avx 256 256 256 16 256 4 5
[21:41:32]	[Me=0]	[k=18]	[eval=16]	Cost=1428.7	-O2 avx 256 256 256 16 256 4 5
[21:41:34]	[Me=0]	[k=19]	[eval=17]	Cost=1429.9	-Ofast avx2 256 256 256 16 256 4 5	(Risky choice !)
[21:41:38]	[Me=0]	[k=20]	[eval=18]	Cost=1429.56	-Ofast avx2 256 256 256 16 256 5 5	(Risky choice !)
[21:41:39]	[Me=0]	[k=21]	[eval=19]	Cost=1430.73	-Ofast avx2 256 256 256 16 256 4 5	(New best)
[21:41:41]	[Me=0]	[k=22]	[eval=20]	Cost=1366.83	-Ofast avx2 256 256 256 16 256 4 4
[21:41:42]	[Me=0]	[k=23]	[eval=21]	Cost=1429.37	-O2 avx2 256 256 256 16 256 4 5
[21:41:43]	[Me=0]	[k=24]	[eval=22]	Cost=1428.86	-Ofast avx2 256 256 256 16 256 5 5
[21:41:43]	[Me=0]	[k=25]	[eval=22]	Cost=1429.37	-O2 avx2 256 256 256 16 256 4 5	(Risky choice !)
[21:41:45]	[Me=0]	[k=26]	[eval=23]	Cost=1429.64	-Ofast avx2 256 256 256 16 256 4 5	(Risky choice !)
[21:41:46]	[Me=0]	[k=27]	[eval=24]	Cost=1429.14	-O2 avx2 256 256 256 16 256 4 5
[21:41:48]	[Me=0]	[k=28]	[eval=25]	Cost=1427.72	-O3 avx2 256 256 256 16 256 4 5	(Risky choice !)
[21:41:51]	[Me=0]	[k=29]	[eval=26]	Cost=1375.7	-O3 avx2 256 256 256 16 256 3 5
[21:41:53]	[Me=0]	[k=30]	[eval=27]	Cost=1429.48	-O3 avx 256 256 256 16 256 4 5
[21:41:54]	[Me=0]	[k=31]	[eval=28]	Cost=1367.4	-O3 avx 256 256 256 16 256 4 4
[21:41:58]	[Me=0]	[k=32]	[eval=29]	Cost=1433.19	-O3 avx 256 256 256 16 256 4 6	(New best)
[21:42:00]	[Me=0]	[k=33]	[eval=30]	Cost=1428.91	-O3 avx 256 256 256 16 256 5 6
[21:42:03]	[Me=0]	[k=34]	[eval=31]	Cost=1453.82	-O3 avx 256 256 256 16 256 4 7	(New best)
[21:42:05]	[Me=0]	[k=35]	[eval=32]	Cost=1410.91	-O3 avx 256 256 256 16 256 3 7
[21:42:07]	[Me=0]	[k=36]	[eval=33]	Cost=1450.2	-Ofast avx 256 256 256 16 256 4 7
[21:42:09]	[Me=0]	[k=37]	[eval=34]	Cost=1434.73	-O3 avx 256 256 256 16 256 4 6
[21:42:11]	[Me=0]	[k=38]	[eval=35]	Cost=1447.77	-O3 avx 256 256 256 16 256 5 7
[21:42:14]	[Me=0]	[k=39]	[eval=36]	Cost=1453.93	-O3 avx2 256 256 256 16 256 4 7	(New best)
[21:42:16]	[Me=0]	[k=40]	[eval=37]	Cost=1452.54	-Ofast avx2 256 256 256 16 256 4 7
[21:42:17]	[Me=0]	[k=41]	[eval=38]	Cost=1462.61	-O3 avx2 256 256 256 16 256 4 8	(New best)
[21:42:18]	[Me=0]	[k=42]	[eval=39]	Cost=1458.9	-O3 avx2 256 256 256 16 256 5 8
[21:42:20]	[Me=0]	[k=43]	[eval=40]	Cost=1466.36	-O3 avx512 256 256 256 16 256 4 8	(New best)
[21:42:21]	[Me=0]	[k=44]	[eval=41]	Cost=1470.58	-O3 avx512 256 256 256 16 256 4 9	(New best)
[21:42:22]	[Me=0]	[k=45]	[eval=42]	Cost=1480.79	-O3 avx512 256 256 256 16 256 4 10	(New best)
[21:42:24]	[Me=0]	[k=46]	[eval=43]	Cost=1480.96	-Ofast avx512 256 256 256 16 256 4 10	(New best)
[21:42:25]	[Me=0]	[k=47]	[eval=44]	Cost=1481.6	-O2 avx512 256 256 256 16 256 4 10	(New best)
[21:42:26]	[Me=0]	[k=48]	[eval=45]	Cost=1453.28	-O2 avx512 256 256 256 16 256 3 10
[21:42:28]	[Me=0]	[k=49]	[eval=46]	Cost=1472.54	-O2 avx512 256 256 256 16 256 4 9
[21:42:28]	[Me=0]	[k=50]	[eval=46]	Cost=1472.54	-O2 avx512 256 256 256 16 256 4 9
[21:42:29]	[Me=0]	[k=51]	[eval=47]	Cost=1484.37	-O2 avx512 256 256 256 16 256 4 11	(New best)
[21:42:30]	[Me=0]	[k=52]	[eval=48]	Cost=1477.81	-O2 avx512 256 256 256 16 256 4 10
[21:42:30]	[Me=0]	[k=53]	[eval=48]	Cost=1477.81	-O2 avx512 256 256 256 16 256 4 10
[21:42:32]	[Me=0]	[k=54]	[eval=49]	Cost=1474.01	-O2 avx512 256 256 256 16 256 5 11
[21:42:33]	[Me=0]	[k=55]	[eval=50]	Cost=1481.78	-O2 avx2 256 256 256 16 256 4 11
[21:42:33]	[Me=0]	[k=56]	[eval=50]	Cost=1474.01	-O2 avx512 256 256 256 16 256 5 11
[21:42:35]	[Me=0]	[k=57]	[eval=51]	Cost=1454.22	-O2 avx512 256 256 256 16 256 3 11
[21:42:35]	[Me=0]	[k=58]	[eval=51]	Cost=1481.78	-O2 avx2 256 256 256 16 256 4 11
[21:42:35]	[Me=0]	[k=59]	[eval=51]	Cost=1474.01	-O2 avx512 256 256 256 16 256 5 11
[21:42:35]	[Me=0]	[k=60]	[eval=51]	Cost=1477.81	-O2 avx512 256 256 256 16 256 4 10
[21:42:35]	[Me=0]	[k=61]	[eval=51]	Cost=1474.01	-O2 avx512 256 256 256 16 256 5 11
[21:42:35]	[Me=0]	[k=62]	[eval=51]	Cost=1474.01	-O2 avx512 256 256 256 16 256 5 11
[21:42:36]	[Me=0]	[k=63]	[eval=52]	Cost=1481.97	-O3 avx512 256 256 256 16 256 4 11
[21:42:36]	[Me=0]	[k=64]	[eval=52]	Cost=1481.97	-O3 avx512 256 256 256 16 256 4 11
[21:42:37]	[Me=0]	[k=65]	[eval=53]	Cost=1483.53	-Ofast avx512 256 256 256 16 256 4 11
[21:42:37]	[Me=0]	[k=66]	[eval=53]	Cost=1483.53	-Ofast avx512 256 256 256 16 256 4 11
[21:42:39]	[Me=0]	[k=67]	[eval=54]	Cost=1486.49	-O2 avx 256 256 256 16 256 4 11	(New best)
[21:42:40]	[Me=0]	[k=68]	[eval=55]	Cost=1482.32	-O2 avx2 256 256 256 16 256 4 11
[21:42:41]	[Me=0]	[k=69]	[eval=56]	Cost=1482.74	-Ofast avx 256 256 256 16 256 4 11
[21:42:43]	[Me=0]	[k=70]	[eval=57]	Cost=1481.42	-O3 avx 256 256 256 16 256 4 11
[21:42:44]	[Me=0]	[k=71]	[eval=58]	Cost=1474.81	-O2 avx 256 256 256 16 256 5 11
[21:42:45]	[Me=0]	[k=72]	[eval=59]	Cost=1482.81	-O2 avx512 256 256 256 16 256 4 11
[21:42:45]	[Me=0]	[k=73]	[eval=59]	Cost=1482.74	-Ofast avx 256 256 256 16 256 4 11
[21:42:45]	[Me=0]	[k=74]	[eval=59]	Cost=1482.81	-O2 avx512 256 256 256 16 256 4 11
[21:42:45]	[Me=0]	[k=75]	[eval=59]	Cost=1481.42	-O3 avx 256 256 256 16 256 4 11
[21:42:45]	[Me=0]	[k=76]	[eval=59]	Cost=1482.32	-O2 avx2 256 256 256 16 256 4 11
[21:42:45]	[Me=0]	[k=77]	[eval=59]	Cost=1482.32	-O2 avx2 256 256 256 16 256 4 11
[21:42:45]	[Me=0]	[k=78]	[eval=59]	Cost=1474.81	-O2 avx 256 256 256 16 256 5 11
[21:42:47]	[Me=0]	[k=79]	[eval=60]	Cost=1488.85	-O2 avx 256 256 256 16 256 4 12	(New best)
[21:42:48]	[Me=0]	[k=80]	[eval=61]	Cost=1462.08	-O2 avx 256 256 256 16 256 3 12
[21:42:49]	[Me=0]	[k=81]	[eval=62]	Cost=1488.57	-O3 avx 256 256 256 16 256 4 12
[21:42:51]	[Me=0]	[k=82]	[eval=63]	Cost=1480.43	-O2 avx 256 256 256 16 256 4 13
[21:42:52]	[Me=0]	[k=83]	[eval=64]	Cost=1479.15	-O2 avx 256 256 256 16 256 5 12
[21:42:53]	[Me=0]	[k=84]	[eval=65]	Cost=1488.01	-O2 avx512 256 256 256 16 256 4 12
[21:42:55]	[Me=0]	[k=85]	[eval=66]	Cost=1488.15	-Ofast avx 256 256 256 16 256 4 12
[21:42:55]	[Me=0]	[k=86]	[eval=66]	Cost=1480.43	-O2 avx 256 256 256 16 256 4 13
[21:42:55]	[Me=0]	[k=87]	[eval=66]	Cost=1462.08	-O2 avx 256 256 256 16 256 3 12
[21:42:55]	[Me=0]	[k=88]	[eval=66]	Cost=1488.15	-Ofast avx 256 256 256 16 256 4 12
[21:42:55]	[Me=0]	[k=89]	[eval=66]	Cost=1488.01	-O2 avx512 256 256 256 16 256 4 12
[21:42:55]	[Me=0]	[k=90]	[eval=66]	Cost=1488.01	-O2 avx512 256 256 256 16 256 4 12
[21:42:55]	[Me=0]	[k=91]	[eval=66]	Cost=1488.01	-O2 avx512 256 256 256 16 256 4 12
[21:42:55]	[Me=0]	[k=92]	[eval=66]	Cost=1480.43	-O2 avx 256 256 256 16 256 4 13
[21:42:55]	[Me=0]	[k=93]	[eval=66]	Cost=1480.43	-O2 avx 256 256 256 16 256 4 13
[21:42:56]	[Me=0]	[k=94]	[eval=67]	Cost=1486.01	-O2 avx2 256 256 256 16 256 4 12
[21:42:56]	[Me=0]	[k=95]	[eval=67]	Cost=1488.57	-O3 avx 256 256 256 16 256 4 12
[21:42:56]	[Me=0]	[k=96]	[eval=67]	Cost=1479.15	-O2 avx 256 256 256 16 256 5 12
[21:42:56]	[Me=0]	[k=97]	[eval=67]	Cost=1462.08	-O2 avx 256 256 256 16 256 3 12
[21:42:56]	[Me=0]	[k=98]	[eval=67]	Cost=1488.57	-O3 avx 256 256 256 16 256 4 12
[21:42:57]	[Me=0]	[k=99]	[eval=68]	Cost=1482.55	-O2 avx 256 256 256 16 256 4 11
[21:42:57]	[Me=0]	[k=100]	[eval=68]	Cost=1462.08	-O2 avx 256 256 256 16 256 3 12
[info] [Me=0] Path taken:
	1323.64 -O2 avx 256 256 256 16 256 3 3
	1336.14 -O2 avx512 256 256 256 16 256 4 3
	1367.96 -O2 avx512 256 256 256 16 256 4 4
	1428.55 -O2 avx512 256 256 256 16 256 4 5
	1430.29 -Ofast avx 256 256 256 16 256 4 5
	1430.73 -Ofast avx2 256 256 256 16 256 4 5
	1433.19 -O3 avx 256 256 256 16 256 4 6
	1453.82 -O3 avx 256 256 256 16 256 4 7
	1453.93 -O3 avx2 256 256 256 16 256 4 7
	1462.61 -O3 avx2 256 256 256 16 256 4 8
	1466.36 -O3 avx512 256 256 256 16 256 4 8
	1470.58 -O3 avx512 256 256 256 16 256 4 9
	1480.79 -O3 avx512 256 256 256 16 256 4 10
	1480.96 -Ofast avx512 256 256 256 16 256 4 10
	1481.6 -O2 avx512 256 256 256 16 256 4 10
	1484.37 -O2 avx512 256 256 256 16 256 4 11
	1486.49 -O2 avx 256 256 256 16 256 4 11
	1488.85 -O2 avx 256 256 256 16 256 4 12
[info] [Me=0] Best solution found:
	1488.85 -O2 avx 256 256 256 16 256 4 12

[info] [Me=0] Gathering solutions from all processes
[info] [Me=0] Best solutions:
	1488.85 -O2 avx 256 256 256 16 256 4 12 Final evaluation: 1486.25
[info] [Me=0] Best overall:
	1486.25 -O2 avx 256 256 256 16 256 4 12
[info] [Me=0] Total cost evaluations: 68
[info] [Me=0] Elapsed time: 3.31 seconds
[info] [Me=0] Run finished. Logs can be found at convergence_alg3_run3.log.
