[info] [Me=0] Args:
	algorithm: hill_climbing
	batch: False
	flexible_shape: False
	hparams: {}
	log: convergence_alg0_run2.log
	phase: run
	problem_size: [256, 256, 256]
	program_path: iso3dfd-st7
	seed: 33
	steps: 100
	use_energy: False
[info] [Me=0] Hyperparameters:
[info] [Me=0] real seed: 33
[info] [Me=0] Simulator initialized
[info] [Me=0] Starting hill_climbing
[21:11:59]	[Me=0]	[k=0]	[eval=1]	Cost=1322.59	-O2 avx 256 256 256 16 256 3 3	(Initial)
[21:12:00]	[Me=0]	[k=1]	[eval=2]	Cost=1318.05	-O2 avx2 256 256 256 16 256 3 3
[21:12:02]	[Me=0]	[k=2]	[eval=3]	Cost=1240.08	-O2 avx 256 256 256 16 256 3 2
[21:12:03]	[Me=0]	[k=3]	[eval=4]	Cost=1320.46	-Ofast avx 256 256 256 16 256 3 3
[21:12:04]	[Me=0]	[k=4]	[eval=5]	Cost=1299.17	-O2 avx 256 256 256 16 256 2 3
[21:12:06]	[Me=0]	[k=5]	[eval=6]	Cost=1330.35	-O2 avx 256 256 256 16 256 3 4	(New best!)
[21:12:07]	[Me=0]	[k=6]	[eval=7]	Cost=1334.46	-O2 avx2 256 256 256 16 256 3 4	(New best!)
[21:12:09]	[Me=0]	[k=7]	[eval=8]	Cost=1367.01	-O2 avx2 256 256 256 16 256 4 4	(New best!)
[21:12:10]	[Me=0]	[k=8]	[eval=9]	Cost=1429.34	-O2 avx2 256 256 256 16 256 4 5	(New best!)
[21:12:12]	[Me=0]	[k=9]	[eval=10]	Cost=1435.28	-O2 avx2 256 256 256 16 256 4 6	(New best!)
[21:12:13]	[Me=0]	[k=10]	[eval=11]	Cost=1383.62	-O2 avx2 256 256 256 16 256 3 6
[21:12:14]	[Me=0]	[k=11]	[eval=12]	Cost=1428.85	-O2 avx2 256 256 256 16 256 4 5
[21:12:16]	[Me=0]	[k=12]	[eval=13]	Cost=1451.81	-O2 avx2 256 256 256 16 256 4 7	(New best!)
[21:12:17]	[Me=0]	[k=13]	[eval=14]	Cost=1450.28	-Ofast avx2 256 256 256 16 256 4 7
[21:12:18]	[Me=0]	[k=14]	[eval=15]	Cost=1448.26	-O2 avx512 256 256 256 16 256 4 7
[21:12:20]	[Me=0]	[k=15]	[eval=16]	Cost=1447.08	-O2 avx2 256 256 256 16 256 5 7
[21:12:21]	[Me=0]	[k=16]	[eval=17]	Cost=1406.52	-O2 avx2 256 256 256 16 256 3 7
[21:12:23]	[Me=0]	[k=17]	[eval=18]	Cost=1463.12	-O2 avx2 256 256 256 16 256 4 8	(New best!)
[21:12:24]	[Me=0]	[k=18]	[eval=19]	Cost=1464.4	-O3 avx2 256 256 256 16 256 4 8	(New best!)
[21:12:25]	[Me=0]	[k=19]	[eval=20]	Cost=1450.8	-O3 avx2 256 256 256 16 256 4 7
[21:12:27]	[Me=0]	[k=20]	[eval=21]	Cost=1471.71	-O3 avx2 256 256 256 16 256 4 9	(New best!)
[21:12:28]	[Me=0]	[k=21]	[eval=22]	Cost=1439.32	-O3 avx2 256 256 256 16 256 3 9
[21:12:29]	[Me=0]	[k=22]	[eval=23]	Cost=1470.08	-O3 avx 256 256 256 16 256 4 9
[21:12:31]	[Me=0]	[k=23]	[eval=24]	Cost=1461.68	-O3 avx2 256 256 256 16 256 4 8
[21:12:32]	[Me=0]	[k=24]	[eval=25]	Cost=1473.01	-O2 avx2 256 256 256 16 256 4 9	(New best!)
[21:12:33]	[Me=0]	[k=25]	[eval=26]	Cost=1472.23	-Ofast avx2 256 256 256 16 256 4 9
[21:12:35]	[Me=0]	[k=26]	[eval=27]	Cost=1482.78	-O2 avx2 256 256 256 16 256 4 10	(New best!)
[21:12:36]	[Me=0]	[k=27]	[eval=28]	Cost=1481.08	-O3 avx2 256 256 256 16 256 4 10
[21:12:37]	[Me=0]	[k=28]	[eval=29]	Cost=1482.61	-O2 avx512 256 256 256 16 256 4 10
[21:12:39]	[Me=0]	[k=29]	[eval=30]	Cost=1453.3	-O2 avx2 256 256 256 16 256 3 10
[21:12:40]	[Me=0]	[k=30]	[eval=31]	Cost=1482.28	-O2 avx 256 256 256 16 256 4 10
[21:12:41]	[Me=0]	[k=31]	[eval=32]	Cost=1480.85	-Ofast avx2 256 256 256 16 256 4 10
[21:12:43]	[Me=0]	[k=32]	[eval=33]	Cost=1481.45	-O2 avx2 256 256 256 16 256 4 11
[21:12:44]	[Me=0]	[k=33]	[eval=34]	Cost=1472.63	-O2 avx2 256 256 256 16 256 4 9
[21:12:45]	[Me=0]	[k=34]	[eval=35]	Cost=1475.16	-O2 avx2 256 256 256 16 256 5 10
[info] [Me=0] Algorithm exited: Best solution neighborhood was fully explored 
[info] [Me=0] Path taken:
	1322.59 -O2 avx 256 256 256 16 256 3 3
	1330.35 -O2 avx 256 256 256 16 256 3 4
	1334.46 -O2 avx2 256 256 256 16 256 3 4
	1367.01 -O2 avx2 256 256 256 16 256 4 4
	1429.34 -O2 avx2 256 256 256 16 256 4 5
	1435.28 -O2 avx2 256 256 256 16 256 4 6
	1451.81 -O2 avx2 256 256 256 16 256 4 7
	1463.12 -O2 avx2 256 256 256 16 256 4 8
	1464.4 -O3 avx2 256 256 256 16 256 4 8
	1471.71 -O3 avx2 256 256 256 16 256 4 9
	1473.01 -O2 avx2 256 256 256 16 256 4 9
	1482.78 -O2 avx2 256 256 256 16 256 4 10
[info] [Me=0] Best solution found:
	1482.78 -O2 avx2 256 256 256 16 256 4 10

[info] [Me=0] Gathering solutions from all processes
[info] [Me=0] Best solutions:
	1482.78 -O2 avx2 256 256 256 16 256 4 10 Final evaluation: 1481.25
[info] [Me=0] Best overall:
	1481.25 -O2 avx2 256 256 256 16 256 4 10
[info] [Me=0] Total cost evaluations: 35
[info] [Me=0] Elapsed time: 3.33 seconds
[info] [Me=0] Run finished. Logs can be found at convergence_alg0_run2.log.
