[info] [Me=0] Args:
	algorithm: tabu_greedy
	batch: False
	flexible_shape: False
	hparams: {"n_tabu":5}
	log: convergence_alg2_run2.log
	phase: run
	problem_size: [256, 256, 256]
	program_path: iso3dfd-st7
	seed: 33
	steps: 10
	use_energy: False
[info] [Me=0] Hyperparameters:
	n_tabu: 5
[info] [Me=0] real seed: 33
[info] [Me=0] Simulator initialized
[info] [Me=0] Starting tabu_greedy hill climbing
[21:30:01]	[Me=0]	[k=0]	[eval=1]	Cost=1322.1	-O2 avx 256 256 256 16 256 3 3	(Initial)
[info] [Me=0] Tabu List:
	-O2 avx 256 256 256 16 256 4 3
[21:30:14]	[Me=0]	[k=1]	[eval=9]	Cost=1336.41	-O2 avx 256 256 256 16 256 4 3
[info] [Me=0] Tabu List:
	-O2 avx 256 256 256 16 256 4 3
	-O2 avx 256 256 256 16 256 4 4
[21:30:26]	[Me=0]	[k=2]	[eval=17]	Cost=1366.14	-O2 avx 256 256 256 16 256 4 4
[info] [Me=0] Tabu List:
	-O2 avx 256 256 256 16 256 4 3
	-O2 avx 256 256 256 16 256 4 4
	-O2 avx 256 256 256 16 256 4 5
[21:30:38]	[Me=0]	[k=3]	[eval=25]	Cost=1426.32	-O2 avx 256 256 256 16 256 4 5
[info] [Me=0] Tabu List:
	-O2 avx 256 256 256 16 256 4 3
	-O2 avx 256 256 256 16 256 4 4
	-O2 avx 256 256 256 16 256 4 5
	-O2 avx 256 256 256 16 256 4 6
[21:30:49]	[Me=0]	[k=4]	[eval=33]	Cost=1434.12	-O2 avx 256 256 256 16 256 4 6
[info] [Me=0] Tabu List:
	-O2 avx 256 256 256 16 256 4 3
	-O2 avx 256 256 256 16 256 4 4
	-O2 avx 256 256 256 16 256 4 5
	-O2 avx 256 256 256 16 256 4 6
	-O2 avx 256 256 256 16 256 4 7
[21:31:00]	[Me=0]	[k=5]	[eval=41]	Cost=1451.39	-O2 avx 256 256 256 16 256 4 7
[info] [Me=0] Tabu List:
	-O2 avx 256 256 256 16 256 4 4
	-O2 avx 256 256 256 16 256 4 5
	-O2 avx 256 256 256 16 256 4 6
	-O2 avx 256 256 256 16 256 4 7
	-O2 avx 256 256 256 16 256 4 8
[21:31:11]	[Me=0]	[k=6]	[eval=49]	Cost=1462.63	-O2 avx 256 256 256 16 256 4 8
[info] [Me=0] Tabu List:
	-O2 avx 256 256 256 16 256 4 5
	-O2 avx 256 256 256 16 256 4 6
	-O2 avx 256 256 256 16 256 4 7
	-O2 avx 256 256 256 16 256 4 8
	-O2 avx 256 256 256 16 256 4 9
[21:31:21]	[Me=0]	[k=7]	[eval=57]	Cost=1470.25	-O2 avx 256 256 256 16 256 4 9
[info] [Me=0] Tabu List:
	-O2 avx 256 256 256 16 256 4 6
	-O2 avx 256 256 256 16 256 4 7
	-O2 avx 256 256 256 16 256 4 8
	-O2 avx 256 256 256 16 256 4 9
	-O2 avx 256 256 256 16 256 4 10
[21:31:32]	[Me=0]	[k=8]	[eval=65]	Cost=1482.72	-O2 avx 256 256 256 16 256 4 10
[info] [Me=0] Tabu List:
	-O2 avx 256 256 256 16 256 4 7
	-O2 avx 256 256 256 16 256 4 8
	-O2 avx 256 256 256 16 256 4 9
	-O2 avx 256 256 256 16 256 4 10
	-O2 avx 256 256 256 16 256 4 11
[21:31:43]	[Me=0]	[k=9]	[eval=73]	Cost=1483.13	-O2 avx 256 256 256 16 256 4 11
[info] [Me=0] Tabu List:
	-O2 avx 256 256 256 16 256 4 8
	-O2 avx 256 256 256 16 256 4 9
	-O2 avx 256 256 256 16 256 4 10
	-O2 avx 256 256 256 16 256 4 11
	-O2 avx 256 256 256 16 256 4 12
[21:32:00]	[Me=0]	[k=10]	[eval=81]	Cost=1488.1	-O2 avx 256 256 256 16 256 4 12
[info] [Me=0] Path taken:
	1322.1 -O2 avx 256 256 256 16 256 3 3
	1336.41 -O2 avx 256 256 256 16 256 4 3
	1366.14 -O2 avx 256 256 256 16 256 4 4
	1426.32 -O2 avx 256 256 256 16 256 4 5
	1434.12 -O2 avx 256 256 256 16 256 4 6
	1451.39 -O2 avx 256 256 256 16 256 4 7
	1462.63 -O2 avx 256 256 256 16 256 4 8
	1470.25 -O2 avx 256 256 256 16 256 4 9
	1482.72 -O2 avx 256 256 256 16 256 4 10
	1483.13 -O2 avx 256 256 256 16 256 4 11
	1488.1 -O2 avx 256 256 256 16 256 4 12
[info] [Me=0] Best solution found:
	1488.1 -O2 avx 256 256 256 16 256 4 12

[info] [Me=0] Gathering solutions from all processes
[info] [Me=0] Best solutions:
	1488.1 -O2 avx 256 256 256 16 256 4 12 Final evaluation: 1487.93
[info] [Me=0] Best overall:
	1487.93 -O2 avx 256 256 256 16 256 4 12
[info] [Me=0] Total cost evaluations: 81
[info] [Me=0] Elapsed time: 3.32 seconds
[info] [Me=0] Run finished. Logs can be found at convergence_alg2_run2.log.
