[info] [Me=0] Args:
	algorithm: greedy
	batch: False
	flexible_shape: False
	hparams: {}
	log: convergence_alg1_run2.log
	phase: run
	problem_size: [256, 256, 256]
	program_path: iso3dfd-st7
	seed: 33
	steps: 10
	use_energy: False
[info] [Me=0] Hyperparameters:
[info] [Me=0] real seed: 33
[info] [Me=0] Simulator initialized
[info] [Me=0] Starting greedy hill climbing
[21:19:38]	[Me=0]	[k=0]	[eval=1]	Cost=1320.61	-O2 avx 256 256 256 16 256 3 3	(Initial)
[21:19:50]	[Me=0]	[k=1]	[eval=9]	Cost=1336.56	-O2 avx 256 256 256 16 256 4 3
[21:20:02]	[Me=0]	[k=2]	[eval=17]	Cost=1367.45	-O2 avx 256 256 256 16 256 4 4
[21:20:13]	[Me=0]	[k=3]	[eval=25]	Cost=1430.68	-O2 avx 256 256 256 16 256 4 5
[21:20:24]	[Me=0]	[k=4]	[eval=33]	Cost=1433.96	-O2 avx 256 256 256 16 256 4 6
[21:20:35]	[Me=0]	[k=5]	[eval=41]	Cost=1452.39	-O2 avx 256 256 256 16 256 4 7
[21:20:52]	[Me=0]	[k=6]	[eval=49]	Cost=1463.68	-O2 avx 256 256 256 16 256 4 8
[21:21:02]	[Me=0]	[k=7]	[eval=57]	Cost=1472.31	-O2 avx 256 256 256 16 256 4 9
[21:21:13]	[Me=0]	[k=8]	[eval=65]	Cost=1485.02	-O2 avx 256 256 256 16 256 4 10
[info] [Me=0] No better element. End of the loop
[info] [Me=0] End of the loop via number of iterations
[info] [Me=0] Path taken:
	1320.61 -O2 avx 256 256 256 16 256 3 3
	1336.56 -O2 avx 256 256 256 16 256 4 3
	1367.45 -O2 avx 256 256 256 16 256 4 4
	1430.68 -O2 avx 256 256 256 16 256 4 5
	1433.96 -O2 avx 256 256 256 16 256 4 6
	1452.39 -O2 avx 256 256 256 16 256 4 7
	1463.68 -O2 avx 256 256 256 16 256 4 8
	1472.31 -O2 avx 256 256 256 16 256 4 9
	1485.02 -O2 avx 256 256 256 16 256 4 10
[info] [Me=0] Best solution found:
	1485.02 -O2 avx 256 256 256 16 256 4 10

[info] [Me=0] Gathering solutions from all processes
[info] [Me=0] Best solutions:
	1485.02 -O2 avx 256 256 256 16 256 4 10 Final evaluation: 1483.92
[info] [Me=0] Best overall:
	1483.92 -O2 avx 256 256 256 16 256 4 10
[info] [Me=0] Total cost evaluations: 73
[info] [Me=0] Elapsed time: 3.34 seconds
[info] [Me=0] Run finished. Logs can be found at convergence_alg1_run2.log.
