[info] [Me=0] Args:
	algorithm: simulated_annealing
	batch: False
	flexible_shape: False
	hparams: {"t0":20}
	log: convergence_alg3_run0.log
	phase: run
	problem_size: [256, 256, 256]
	program_path: iso3dfd-st7
	seed: 33
	steps: 100
	use_energy: False
[info] [Me=0] Hyperparameters:
	t0: 20
[info] [Me=0] real seed: 33
[info] [Me=0] Simulator initialized
[info] [Me=0] Starting simulated_annealing
[21:36:18]	[Me=0]	[k=0]	[eval=1]	Cost=1322.98	-O2 avx 256 256 256 16 256 3 3	(Initial)
[21:36:19]	[Me=0]	[k=1]	[eval=2]	Cost=1320.69	-O2 avx2 256 256 256 16 256 3 3	(Risky choice !)
[21:36:21]	[Me=0]	[k=2]	[eval=3]	Cost=1300.97	-O2 avx2 256 256 256 16 256 2 3
[21:36:22]	[Me=0]	[k=3]	[eval=4]	Cost=1321.51	-O2 avx 256 256 256 16 256 3 3
[21:36:23]	[Me=0]	[k=4]	[eval=5]	Cost=1337.79	-O2 avx 256 256 256 16 256 4 3	(New best)
[21:36:25]	[Me=0]	[k=5]	[eval=6]	Cost=1367.99	-O2 avx 256 256 256 16 256 4 4	(New best)
[21:36:26]	[Me=0]	[k=6]	[eval=7]	Cost=1429.95	-O2 avx 256 256 256 16 256 4 5	(New best)
[21:36:28]	[Me=0]	[k=7]	[eval=8]	Cost=1380.11	-O2 avx 256 256 256 16 256 3 5
[21:36:29]	[Me=0]	[k=8]	[eval=9]	Cost=1427.75	-Ofast avx 256 256 256 16 256 4 5	(Risky choice !)
[21:36:30]	[Me=0]	[k=9]	[eval=10]	Cost=1380.31	-Ofast avx 256 256 256 16 256 3 5
[21:36:32]	[Me=0]	[k=10]	[eval=11]	Cost=1426.99	-O3 avx 256 256 256 16 256 4 5	(Risky choice !)
[21:36:33]	[Me=0]	[k=11]	[eval=12]	Cost=1365.29	-O3 avx 256 256 256 16 256 4 4
[21:36:35]	[Me=0]	[k=12]	[eval=13]	Cost=1377.28	-O3 avx 256 256 256 16 256 3 5
[21:36:36]	[Me=0]	[k=13]	[eval=14]	Cost=1429.63	-O3 avx512 256 256 256 16 256 4 5
[21:36:37]	[Me=0]	[k=14]	[eval=15]	Cost=1427.74	-O2 avx512 256 256 256 16 256 4 5
[21:36:39]	[Me=0]	[k=15]	[eval=16]	Cost=1427.53	-O3 avx512 256 256 256 16 256 5 5
[21:36:40]	[Me=0]	[k=16]	[eval=17]	Cost=1376.35	-O3 avx512 256 256 256 16 256 3 5
[21:36:40]	[Me=0]	[k=17]	[eval=17]	Cost=1427.74	-O2 avx512 256 256 256 16 256 4 5
[21:36:40]	[Me=0]	[k=18]	[eval=17]	Cost=1427.74	-O2 avx512 256 256 256 16 256 4 5
[21:36:42]	[Me=0]	[k=19]	[eval=18]	Cost=1428.85	-O3 avx 256 256 256 16 256 4 5	(Risky choice !)
[21:36:43]	[Me=0]	[k=20]	[eval=19]	Cost=1429.14	-O3 avx 256 256 256 16 256 5 5	(Risky choice !)
[21:36:44]	[Me=0]	[k=21]	[eval=20]	Cost=1427.99	-Ofast avx 256 256 256 16 256 5 5	(Risky choice !)
[21:36:46]	[Me=0]	[k=22]	[eval=21]	Cost=1428.52	-Ofast avx 256 256 256 16 256 4 5	(Risky choice !)
[21:36:47]	[Me=0]	[k=23]	[eval=22]	Cost=1368.67	-Ofast avx 256 256 256 16 256 4 4
[21:36:48]	[Me=0]	[k=24]	[eval=23]	Cost=1427.21	-O2 avx 256 256 256 16 256 4 5
[21:36:50]	[Me=0]	[k=25]	[eval=24]	Cost=1427.17	-Ofast avx 256 256 256 16 256 5 5
[21:36:50]	[Me=0]	[k=26]	[eval=24]	Cost=1427.21	-O2 avx 256 256 256 16 256 4 5	(Risky choice !)
[21:36:51]	[Me=0]	[k=27]	[eval=25]	Cost=1430.01	-Ofast avx 256 256 256 16 256 4 5	(New best)
[21:36:53]	[Me=0]	[k=28]	[eval=26]	Cost=1419.71	-O2 avx 256 256 256 16 256 4 5
[21:36:54]	[Me=0]	[k=29]	[eval=27]	Cost=1428.69	-O3 avx 256 256 256 16 256 4 5	(Risky choice !)
[21:36:55]	[Me=0]	[k=30]	[eval=28]	Cost=1381.48	-O3 avx 256 256 256 16 256 3 5
[21:36:57]	[Me=0]	[k=31]	[eval=29]	Cost=1427.15	-O3 avx512 256 256 256 16 256 4 5
[21:36:58]	[Me=0]	[k=32]	[eval=30]	Cost=1369.99	-O3 avx 256 256 256 16 256 4 4
[21:37:00]	[Me=0]	[k=33]	[eval=31]	Cost=1434.5	-O3 avx 256 256 256 16 256 4 6	(New best)
[21:37:01]	[Me=0]	[k=34]	[eval=32]	Cost=1430.69	-O3 avx 256 256 256 16 256 5 6
[21:37:02]	[Me=0]	[k=35]	[eval=33]	Cost=1452.45	-O3 avx 256 256 256 16 256 4 7	(New best)
[21:37:04]	[Me=0]	[k=36]	[eval=34]	Cost=1405.86	-O3 avx 256 256 256 16 256 3 7
[21:37:05]	[Me=0]	[k=37]	[eval=35]	Cost=1450.74	-Ofast avx 256 256 256 16 256 4 7
[21:37:06]	[Me=0]	[k=38]	[eval=36]	Cost=1435.41	-O3 avx 256 256 256 16 256 4 6
[21:37:08]	[Me=0]	[k=39]	[eval=37]	Cost=1449.09	-O3 avx 256 256 256 16 256 5 7
[21:37:09]	[Me=0]	[k=40]	[eval=38]	Cost=1453.63	-O3 avx512 256 256 256 16 256 4 7	(New best)
[21:37:11]	[Me=0]	[k=41]	[eval=39]	Cost=1449.24	-Ofast avx512 256 256 256 16 256 4 7
[21:37:12]	[Me=0]	[k=42]	[eval=40]	Cost=1463.93	-O3 avx512 256 256 256 16 256 4 8	(New best)
[21:37:13]	[Me=0]	[k=43]	[eval=41]	Cost=1464.29	-O3 avx512 256 256 256 16 256 5 8	(New best)
[21:37:15]	[Me=0]	[k=44]	[eval=42]	Cost=1460.31	-O3 avx2 256 256 256 16 256 5 8
[21:37:16]	[Me=0]	[k=45]	[eval=43]	Cost=1466.95	-O3 avx512 256 256 256 16 256 5 9	(New best)
[21:37:17]	[Me=0]	[k=46]	[eval=44]	Cost=1464.0	-Ofast avx512 256 256 256 16 256 5 9
[21:37:19]	[Me=0]	[k=47]	[eval=45]	Cost=1473.45	-O3 avx512 256 256 256 16 256 4 9	(New best)
[21:37:20]	[Me=0]	[k=48]	[eval=46]	Cost=1478.07	-O3 avx512 256 256 256 16 256 4 10	(New best)
[21:37:22]	[Me=0]	[k=49]	[eval=47]	Cost=1451.21	-O3 avx512 256 256 256 16 256 3 10
[21:37:23]	[Me=0]	[k=50]	[eval=48]	Cost=1471.66	-O3 avx512 256 256 256 16 256 4 9
[21:37:24]	[Me=0]	[k=51]	[eval=49]	Cost=1482.83	-O3 avx512 256 256 256 16 256 4 11	(New best)
[21:37:25]	[Me=0]	[k=52]	[eval=50]	Cost=1483.58	-O3 avx512 256 256 256 16 256 4 10	(New best)
[21:37:27]	[Me=0]	[k=53]	[eval=51]	Cost=1480.54	-Ofast avx512 256 256 256 16 256 4 10
[21:37:28]	[Me=0]	[k=54]	[eval=52]	Cost=1474.0	-O3 avx512 256 256 256 16 256 5 10
[21:37:28]	[Me=0]	[k=55]	[eval=52]	Cost=1474.0	-O3 avx512 256 256 256 16 256 5 10
[21:37:29]	[Me=0]	[k=56]	[eval=53]	Cost=1481.45	-O3 avx2 256 256 256 16 256 4 10
[21:37:29]	[Me=0]	[k=57]	[eval=53]	Cost=1474.0	-O3 avx512 256 256 256 16 256 5 10
[21:37:31]	[Me=0]	[k=58]	[eval=54]	Cost=1450.31	-O3 avx512 256 256 256 16 256 3 10
[21:37:31]	[Me=0]	[k=59]	[eval=54]	Cost=1481.45	-O3 avx2 256 256 256 16 256 4 10
[21:37:31]	[Me=0]	[k=60]	[eval=54]	Cost=1474.0	-O3 avx512 256 256 256 16 256 5 10
[21:37:32]	[Me=0]	[k=61]	[eval=55]	Cost=1472.72	-O3 avx512 256 256 256 16 256 4 9
[21:37:32]	[Me=0]	[k=62]	[eval=55]	Cost=1474.0	-O3 avx512 256 256 256 16 256 5 10
[21:37:32]	[Me=0]	[k=63]	[eval=55]	Cost=1474.0	-O3 avx512 256 256 256 16 256 5 10
[21:37:32]	[Me=0]	[k=64]	[eval=55]	Cost=1480.54	-Ofast avx512 256 256 256 16 256 4 10
[21:37:32]	[Me=0]	[k=65]	[eval=55]	Cost=1480.54	-Ofast avx512 256 256 256 16 256 4 10
[21:37:33]	[Me=0]	[k=66]	[eval=56]	Cost=1480.76	-O2 avx512 256 256 256 16 256 4 10
[21:37:33]	[Me=0]	[k=67]	[eval=56]	Cost=1480.76	-O2 avx512 256 256 256 16 256 4 10
[21:37:38]	[Me=0]	[k=68]	[eval=57]	Cost=1481.36	-O3 avx 256 256 256 16 256 4 10
[21:37:38]	[Me=0]	[k=69]	[eval=57]	Cost=1481.36	-O3 avx 256 256 256 16 256 4 10
[21:37:38]	[Me=0]	[k=70]	[eval=57]	Cost=1480.76	-O2 avx512 256 256 256 16 256 4 10
[21:37:38]	[Me=0]	[k=71]	[eval=57]	Cost=1480.54	-Ofast avx512 256 256 256 16 256 4 10
[21:37:38]	[Me=0]	[k=72]	[eval=57]	Cost=1474.0	-O3 avx512 256 256 256 16 256 5 10
[21:37:38]	[Me=0]	[k=73]	[eval=57]	Cost=1481.45	-O3 avx2 256 256 256 16 256 4 10
[21:37:38]	[Me=0]	[k=74]	[eval=57]	Cost=1480.76	-O2 avx512 256 256 256 16 256 4 10
[21:37:38]	[Me=0]	[k=75]	[eval=57]	Cost=1481.45	-O3 avx2 256 256 256 16 256 4 10
[21:37:38]	[Me=0]	[k=76]	[eval=57]	Cost=1480.54	-Ofast avx512 256 256 256 16 256 4 10
[21:37:38]	[Me=0]	[k=77]	[eval=57]	Cost=1481.36	-O3 avx 256 256 256 16 256 4 10
[21:37:38]	[Me=0]	[k=78]	[eval=57]	Cost=1481.36	-O3 avx 256 256 256 16 256 4 10
[21:37:38]	[Me=0]	[k=79]	[eval=57]	Cost=1474.0	-O3 avx512 256 256 256 16 256 5 10
[21:37:40]	[Me=0]	[k=80]	[eval=58]	Cost=1482.02	-O3 avx512 256 256 256 16 256 4 11
[21:37:40]	[Me=0]	[k=81]	[eval=58]	Cost=1480.54	-Ofast avx512 256 256 256 16 256 4 10
[21:37:40]	[Me=0]	[k=82]	[eval=58]	Cost=1480.54	-Ofast avx512 256 256 256 16 256 4 10
[21:37:40]	[Me=0]	[k=83]	[eval=58]	Cost=1482.02	-O3 avx512 256 256 256 16 256 4 11
[21:37:40]	[Me=0]	[k=84]	[eval=58]	Cost=1474.0	-O3 avx512 256 256 256 16 256 5 10
[21:37:40]	[Me=0]	[k=85]	[eval=58]	Cost=1481.45	-O3 avx2 256 256 256 16 256 4 10
[21:37:40]	[Me=0]	[k=86]	[eval=58]	Cost=1480.76	-O2 avx512 256 256 256 16 256 4 10
[21:37:40]	[Me=0]	[k=87]	[eval=58]	Cost=1482.02	-O3 avx512 256 256 256 16 256 4 11
[21:37:40]	[Me=0]	[k=88]	[eval=58]	Cost=1450.31	-O3 avx512 256 256 256 16 256 3 10
[21:37:40]	[Me=0]	[k=89]	[eval=58]	Cost=1480.76	-O2 avx512 256 256 256 16 256 4 10
[21:37:40]	[Me=0]	[k=90]	[eval=58]	Cost=1481.45	-O3 avx2 256 256 256 16 256 4 10
[21:37:40]	[Me=0]	[k=91]	[eval=58]	Cost=1481.45	-O3 avx2 256 256 256 16 256 4 10
[21:37:40]	[Me=0]	[k=92]	[eval=58]	Cost=1481.45	-O3 avx2 256 256 256 16 256 4 10
[21:37:40]	[Me=0]	[k=93]	[eval=58]	Cost=1482.02	-O3 avx512 256 256 256 16 256 4 11
[21:37:40]	[Me=0]	[k=94]	[eval=58]	Cost=1482.02	-O3 avx512 256 256 256 16 256 4 11
[21:37:40]	[Me=0]	[k=95]	[eval=58]	Cost=1481.36	-O3 avx 256 256 256 16 256 4 10
[21:37:40]	[Me=0]	[k=96]	[eval=58]	Cost=1480.54	-Ofast avx512 256 256 256 16 256 4 10
[21:37:40]	[Me=0]	[k=97]	[eval=58]	Cost=1474.0	-O3 avx512 256 256 256 16 256 5 10
[21:37:40]	[Me=0]	[k=98]	[eval=58]	Cost=1450.31	-O3 avx512 256 256 256 16 256 3 10
[21:37:40]	[Me=0]	[k=99]	[eval=58]	Cost=1480.54	-Ofast avx512 256 256 256 16 256 4 10
[21:37:40]	[Me=0]	[k=100]	[eval=58]	Cost=1472.72	-O3 avx512 256 256 256 16 256 4 9
[info] [Me=0] Path taken:
	1322.98 -O2 avx 256 256 256 16 256 3 3
	1337.79 -O2 avx 256 256 256 16 256 4 3
	1367.99 -O2 avx 256 256 256 16 256 4 4
	1429.95 -O2 avx 256 256 256 16 256 4 5
	1430.01 -Ofast avx 256 256 256 16 256 4 5
	1434.5 -O3 avx 256 256 256 16 256 4 6
	1452.45 -O3 avx 256 256 256 16 256 4 7
	1453.63 -O3 avx512 256 256 256 16 256 4 7
	1463.93 -O3 avx512 256 256 256 16 256 4 8
	1464.29 -O3 avx512 256 256 256 16 256 5 8
	1466.95 -O3 avx512 256 256 256 16 256 5 9
	1473.45 -O3 avx512 256 256 256 16 256 4 9
	1478.07 -O3 avx512 256 256 256 16 256 4 10
	1482.83 -O3 avx512 256 256 256 16 256 4 11
	1483.58 -O3 avx512 256 256 256 16 256 4 10
[info] [Me=0] Best solution found:
	1483.58 -O3 avx512 256 256 256 16 256 4 10

[info] [Me=0] Gathering solutions from all processes
[info] [Me=0] Best solutions:
	1483.58 -O3 avx512 256 256 256 16 256 4 10 Final evaluation: 1481.01
[info] [Me=0] Best overall:
	1481.01 -O3 avx512 256 256 256 16 256 4 10
[info] [Me=0] Total cost evaluations: 58
[info] [Me=0] Elapsed time: 3.34 seconds
[info] [Me=0] Run finished. Logs can be found at convergence_alg3_run0.log.
