[info] [Me=0] Args:
	algorithm: csa
	batch: False
	flexible_shape: False
	hparams: {}
	log: convergence_alg4_run4.log
	phase: run
	problem_size: [256, 256, 256]
	program_path: iso3dfd-st7
	seed: 33
	steps: 100
	use_energy: False
[info] [Me=0] Hyperparameters:
	popsize: 6
	t0: 1000
[info] [Me=0] real seed: 33
[info] [Me=0] Simulator initialized
[22:08:25]	[Me=0]	[k=0]	[eval=1]	Cost=1322.71	-O2 avx 256 256 256 16 256 3 3	(Initial)
[22:08:26]	[Me=0]	[k=1]	[eval=2]	Cost=1339.94	-O2 avx 256 256 256 16 256 4 3
[22:08:28]	[Me=0]	[k=1]	[eval=3]	Cost=1334.42	-O2 avx 256 256 256 16 256 3 4
[22:08:29]	[Me=0]	[k=1]	[eval=4]	Cost=1298.08	-O2 avx 256 256 256 16 256 2 3
[22:08:33]	[Me=0]	[k=1]	[eval=5]	Cost=1297.66	-O2 avx 256 256 256 16 256 2 3
[22:08:35]	[Me=0]	[k=1]	[eval=6]	Cost=1315.64	-Ofast avx 256 256 256 16 256 3 3
[22:08:36]	[Me=0]	[k=1]	[eval=7]	Cost=1231.16	-O2 avx 256 256 256 16 256 3 2
[22:08:38]	[Me=0]	[k=2]	[eval=8]	Cost=1233.35	-O2 avx512 256 256 256 16 256 3 2
[22:08:39]	[Me=0]	[k=2]	[eval=9]	Cost=1338.48	-O3 avx 256 256 256 16 256 4 3
[22:08:41]	[Me=0]	[k=2]	[eval=10]	Cost=1331.82	-O2 avx2 256 256 256 16 256 3 4
[22:08:42]	[Me=0]	[k=2]	[eval=11]	Cost=1296.58	-O3 avx 256 256 256 16 256 2 3
[22:08:44]	[Me=0]	[k=2]	[eval=12]	Cost=1314.57	-O2 avx 256 256 256 16 256 3 3
[22:08:45]	[Me=0]	[k=2]	[eval=13]	Cost=1320.39	-O3 avx 256 256 256 16 256 3 3
[22:08:47]	[Me=0]	[k=3]	[eval=14]	Cost=1238.62	-O3 avx 256 256 256 16 256 1 3
[22:08:48]	[Me=0]	[k=3]	[eval=15]	Cost=1335.89	-O2 avx 256 256 256 16 256 4 3
[22:08:50]	[Me=0]	[k=3]	[eval=16]	Cost=1217.27	-O3 avx 256 256 256 16 256 2 2
[22:08:51]	[Me=0]	[k=3]	[eval=17]	Cost=1315.71	-Ofast avx 256 256 256 16 256 3 3
[22:08:53]	[Me=0]	[k=3]	[eval=18]	Cost=1316.32	-Ofast avx 256 256 256 16 256 3 3
[22:08:54]	[Me=0]	[k=3]	[eval=19]	Cost=1239.42	-O3 avx 256 256 256 16 256 1 3
[22:08:56]	[Me=0]	[k=4]	[eval=20]	Cost=1243.05	-O2 avx 256 256 256 16 256 1 3
[22:08:58]	[Me=0]	[k=4]	[eval=21]	Cost=1146.62	-O3 avx 256 256 256 16 256 1 2
[22:08:59]	[Me=0]	[k=4]	[eval=22]	Cost=1239.38	-O2 avx 256 256 256 16 256 1 3
[22:09:01]	[Me=0]	[k=4]	[eval=23]	Cost=1238.2	-O3 avx2 256 256 256 16 256 1 3
[22:09:02]	[Me=0]	[k=4]	[eval=24]	Cost=1213.3	-O3 avx2 256 256 256 16 256 2 2
[22:09:04]	[Me=0]	[k=4]	[eval=25]	Cost=1237.3	-O3 avx2 256 256 256 16 256 1 3
[22:09:05]	[Me=0]	[k=5]	[eval=26]	Cost=1239.42	-O2 avx512 256 256 256 16 256 1 3
[22:09:07]	[Me=0]	[k=5]	[eval=27]	Cost=1236.55	-O3 avx2 256 256 256 16 256 3 2
[22:09:08]	[Me=0]	[k=5]	[eval=28]	Cost=1240.32	-O2 avx2 256 256 256 16 256 1 3
[22:09:10]	[Me=0]	[k=5]	[eval=29]	Cost=1148.36	-O3 avx2 256 256 256 16 256 1 2
[22:09:11]	[Me=0]	[k=5]	[eval=30]	Cost=1211.8	-O3 avx2 256 256 256 16 256 2 2
[22:09:13]	[Me=0]	[k=5]	[eval=31]	Cost=1149.35	-O2 avx 256 256 256 16 256 1 2
[22:09:15]	[Me=0]	[k=6]	[eval=32]	Cost=1148.15	-O2 avx2 256 256 256 16 256 1 2
[22:09:21]	[Me=0]	[k=6]	[eval=33]	Cost=1146.09	-O2 avx512 256 256 256 16 256 1 2
[22:09:24]	[Me=0]	[k=6]	[eval=34]	Cost=1006.49	-O3 avx2 256 256 256 16 256 2 1
[22:09:26]	[Me=0]	[k=6]	[eval=35]	Cost=1239.97	-O3 avx512 256 256 256 16 256 1 3
[22:09:27]	[Me=0]	[k=6]	[eval=36]	Cost=1239.29	-O2 avx 256 256 256 16 256 1 3
[22:09:29]	[Me=0]	[k=6]	[eval=37]	Cost=1213.99	-O2 avx2 256 256 256 16 256 2 2
[22:09:30]	[Me=0]	[k=7]	[eval=38]	Cost=1212.28	-O3 avx512 256 256 256 16 256 2 2
[22:09:32]	[Me=0]	[k=7]	[eval=39]	Cost=1296.39	-O2 avx2 256 256 256 16 256 2 3
[22:09:34]	[Me=0]	[k=7]	[eval=40]	Cost=1147.56	-O2 avx 256 256 256 16 256 1 2
[22:09:35]	[Me=0]	[k=7]	[eval=41]	Cost=1148.62	-O2 avx2 256 256 256 16 256 1 2
[22:09:37]	[Me=0]	[k=7]	[eval=42]	Cost=1149.41	-O3 avx2 256 256 256 16 256 1 2
[22:09:38]	[Me=0]	[k=7]	[eval=43]	Cost=1241.91	-O2 avx512 256 256 256 16 256 1 3
[22:09:40]	[Me=0]	[k=8]	[eval=44]	Cost=1239.94	-O2 avx2 256 256 256 16 256 1 3
[22:09:41]	[Me=0]	[k=8]	[eval=45]	Cost=1146.16	-O3 avx2 256 256 256 16 256 1 2
[22:09:43]	[Me=0]	[k=8]	[eval=46]	Cost=1298.89	-O2 avx512 256 256 256 16 256 2 3
[22:09:44]	[Me=0]	[k=8]	[eval=47]	Cost=1297.2	-O2 avx512 256 256 256 16 256 2 3
[22:09:46]	[Me=0]	[k=8]	[eval=48]	Cost=1237.89	-O2 avx 256 256 256 16 256 1 3
[22:09:48]	[Me=0]	[k=8]	[eval=49]	Cost=1238.86	-O2 avx2 256 256 256 16 256 1 3
[22:09:49]	[Me=0]	[k=9]	[eval=50]	Cost=1242.22	-Ofast avx 256 256 256 16 256 1 3
[22:09:51]	[Me=0]	[k=9]	[eval=51]	Cost=1237.92	-Ofast avx2 256 256 256 16 256 1 3
[22:09:52]	[Me=0]	[k=9]	[eval=52]	Cost=1212.8	-O2 avx512 256 256 256 16 256 2 2
[22:09:54]	[Me=0]	[k=9]	[eval=53]	Cost=1242.02	-O2 avx512 256 256 256 16 256 1 3
[22:09:55]	[Me=0]	[k=9]	[eval=54]	Cost=1298.82	-O2 avx 256 256 256 16 256 2 3
[22:09:57]	[Me=0]	[k=9]	[eval=55]	Cost=1239.71	-O2 avx2 256 256 256 16 256 1 3
[22:09:58]	[Me=0]	[k=10]	[eval=56]	Cost=1238.33	-O2 avx 256 256 256 16 256 1 3
[22:10:00]	[Me=0]	[k=10]	[eval=57]	Cost=1298.08	-O3 avx 256 256 256 16 256 2 3
[22:10:01]	[Me=0]	[k=10]	[eval=58]	Cost=1298.77	-O2 avx512 256 256 256 16 256 2 3
[22:10:03]	[Me=0]	[k=10]	[eval=59]	Cost=1238.1	-O3 avx512 256 256 256 16 256 1 3
[22:10:04]	[Me=0]	[k=10]	[eval=60]	Cost=1239.18	-O2 avx2 256 256 256 16 256 1 3
[22:10:06]	[Me=0]	[k=10]	[eval=61]	Cost=1237.43	-O3 avx512 256 256 256 16 256 1 3
[22:10:07]	[Me=0]	[k=11]	[eval=62]	Cost=1297.55	-O2 avx2 256 256 256 16 256 2 3
[22:10:09]	[Me=0]	[k=11]	[eval=63]	Cost=1241.42	-O3 avx 256 256 256 16 256 1 3
[22:10:10]	[Me=0]	[k=11]	[eval=64]	Cost=1298.88	-O2 avx 256 256 256 16 256 2 3
[22:10:12]	[Me=0]	[k=11]	[eval=65]	Cost=1238.26	-O2 avx 256 256 256 16 256 1 3
[22:10:13]	[Me=0]	[k=11]	[eval=66]	Cost=1311.78	-O3 avx 256 256 256 16 256 2 4
[22:10:15]	[Me=0]	[k=11]	[eval=67]	Cost=1212.7	-O3 avx 256 256 256 16 256 2 2
[22:10:16]	[Me=0]	[k=12]	[eval=68]	Cost=1235.92	-Ofast avx 256 256 256 16 256 1 3
[22:10:18]	[Me=0]	[k=12]	[eval=69]	Cost=1279.36	-O3 avx 256 256 256 16 256 1 4
[22:10:19]	[Me=0]	[k=12]	[eval=70]	Cost=1240.18	-O2 avx 256 256 256 16 256 1 3
[22:10:21]	[Me=0]	[k=12]	[eval=71]	Cost=1309.97	-O2 avx 256 256 256 16 256 2 4
[22:10:22]	[Me=0]	[k=12]	[eval=72]	Cost=1300.71	-O2 avx512 256 256 256 16 256 2 3
[22:10:24]	[Me=0]	[k=12]	[eval=73]	Cost=1307.98	-O2 avx2 256 256 256 16 256 2 4
[22:10:25]	[Me=0]	[k=13]	[eval=74]	Cost=1296.96	-O3 avx512 256 256 256 16 256 2 3
[22:10:27]	[Me=0]	[k=13]	[eval=75]	Cost=1310.94	-O3 avx 256 256 256 16 256 2 4
[22:10:28]	[Me=0]	[k=13]	[eval=76]	Cost=1308.84	-O2 avx512 256 256 256 16 256 2 4
[22:10:30]	[Me=0]	[k=13]	[eval=77]	Cost=1297.96	-Ofast avx512 256 256 256 16 256 2 3
[22:10:31]	[Me=0]	[k=13]	[eval=78]	Cost=1241.29	-O3 avx 256 256 256 16 256 1 3
[22:10:33]	[Me=0]	[k=13]	[eval=79]	Cost=1308.41	-O3 avx 256 256 256 16 256 1 5
[22:10:35]	[Me=0]	[k=14]	[eval=80]	Cost=1277.08	-O3 avx 256 256 256 16 256 1 4
[22:10:36]	[Me=0]	[k=14]	[eval=81]	Cost=1237.75	-Ofast avx512 256 256 256 16 256 1 3
[22:10:38]	[Me=0]	[k=14]	[eval=82]	Cost=1312.74	-O3 avx512 256 256 256 16 256 2 4
[22:10:40]	[Me=0]	[k=14]	[eval=83]	Cost=1148.29	-O3 avx 256 256 256 16 256 1 2
[22:10:41]	[Me=0]	[k=14]	[eval=84]	Cost=1329.96	-O3 avx 256 256 256 16 256 3 4
[22:10:43]	[Me=0]	[k=14]	[eval=85]	Cost=1280.83	-O3 avx 256 256 256 16 256 1 4
[22:10:44]	[Me=0]	[k=15]	[eval=86]	Cost=1277.42	-O3 avx2 256 256 256 16 256 1 4
[22:10:46]	[Me=0]	[k=15]	[eval=87]	Cost=1276.79	-O3 avx2 256 256 256 16 256 1 4
[22:10:47]	[Me=0]	[k=15]	[eval=88]	Cost=1335.3	-O3 avx512 256 256 256 16 256 3 4
[22:10:48]	[Me=0]	[k=15]	[eval=89]	Cost=1331.61	-O2 avx 256 256 256 16 256 3 4
[22:10:50]	[Me=0]	[k=15]	[eval=90]	Cost=1278.59	-O3 avx512 256 256 256 16 256 1 4
[22:10:51]	[Me=0]	[k=15]	[eval=91]	Cost=1312.99	-O3 avx 256 256 256 16 256 2 4
[22:10:53]	[Me=0]	[k=16]	[eval=92]	Cost=1280.68	-O3 avx 256 256 256 16 256 1 4
[22:10:54]	[Me=0]	[k=16]	[eval=93]	Cost=1281.1	-Ofast avx2 256 256 256 16 256 1 4
[22:10:56]	[Me=0]	[k=16]	[eval=94]	Cost=1312.13	-O3 avx2 256 256 256 16 256 1 5
[22:10:57]	[Me=0]	[k=16]	[eval=95]	Cost=1241.03	-O3 avx2 256 256 256 16 256 1 3
[22:10:59]	[Me=0]	[k=16]	[eval=96]	Cost=1310.61	-O3 avx512 256 256 256 16 256 2 4
[22:11:00]	[Me=0]	[k=16]	[eval=97]	Cost=1331.02	-O2 avx512 256 256 256 16 256 3 4
[22:11:02]	[Me=0]	[k=17]	[eval=98]	Cost=1334.84	-Ofast avx512 256 256 256 16 256 3 4
[22:11:03]	[Me=0]	[k=17]	[eval=99]	Cost=1328.73	-O3 avx512 256 256 256 16 256 3 4
[22:11:05]	[Me=0]	[k=17]	[eval=100]	Cost=1147.29	-O3 avx2 256 256 256 16 256 1 2
[22:11:06]	[Me=0]	[k=17]	[eval=101]	Cost=1299.85	-O3 avx2 256 256 256 16 256 2 3
[22:11:08]	[Me=0]	[k=17]	[eval=102]	Cost=1293.66	-O3 avx2 256 256 256 16 256 1 6
[22:11:09]	[Me=0]	[k=17]	[eval=103]	Cost=1310.33	-Ofast avx2 256 256 256 16 256 1 5
[info] [Me=0] Path taken:
	1322.71 -O2 avx 256 256 256 16 256 3 3
	1339.94 -O2 avx 256 256 256 16 256 4 3
[info] [Me=0] Best solution found:
	1339.94 -O2 avx 256 256 256 16 256 4 3

[info] [Me=0] Gathering solutions from all processes
[info] [Me=0] Best solutions:
	1339.94 -O2 avx 256 256 256 16 256 4 3 Final evaluation: 1334.8
[info] [Me=0] Best overall:
	1334.8 -O2 avx 256 256 256 16 256 4 3
[info] [Me=0] Total cost evaluations: 103
[info] [Me=0] Elapsed time: 3.65 seconds
[info] [Me=0] Run finished. Logs can be found at convergence_alg4_run4.log.
