[info] [Me=0] Args:
	algorithm: greedy
	batch: False
	flexible_shape: False
	hparams: {}
	log: convergence_alg1_run4.log
	phase: run
	problem_size: [256, 256, 256]
	program_path: iso3dfd-st7
	seed: 33
	steps: 10
	use_energy: False
[info] [Me=0] Hyperparameters:
[info] [Me=0] real seed: 33
[info] [Me=0] Simulator initialized
[info] [Me=0] Starting greedy hill climbing
[21:23:33]	[Me=0]	[k=0]	[eval=1]	Cost=1319.69	-O2 avx 256 256 256 16 256 3 3	(Initial)
[21:23:47]	[Me=0]	[k=1]	[eval=9]	Cost=1341.78	-O2 avx 256 256 256 16 256 4 3
[21:23:58]	[Me=0]	[k=2]	[eval=17]	Cost=1370.32	-O2 avx 256 256 256 16 256 4 4
[21:24:10]	[Me=0]	[k=3]	[eval=25]	Cost=1430.47	-O2 avx 256 256 256 16 256 4 5
[21:24:21]	[Me=0]	[k=4]	[eval=33]	Cost=1430.99	-O2 avx 256 256 256 16 256 4 6
[21:24:37]	[Me=0]	[k=5]	[eval=41]	Cost=1453.51	-O2 avx 256 256 256 16 256 4 7
[21:24:48]	[Me=0]	[k=6]	[eval=49]	Cost=1462.63	-O2 avx 256 256 256 16 256 4 8
[21:24:59]	[Me=0]	[k=7]	[eval=57]	Cost=1473.91	-O2 avx 256 256 256 16 256 4 9
[21:25:10]	[Me=0]	[k=8]	[eval=65]	Cost=1482.77	-O2 avx 256 256 256 16 256 4 10
[21:25:21]	[Me=0]	[k=9]	[eval=73]	Cost=1484.78	-O3 avx 256 256 256 16 256 4 10
[info] [Me=0] No better element. End of the loop
[info] [Me=0] End of the loop via number of iterations
[info] [Me=0] Path taken:
	1319.69 -O2 avx 256 256 256 16 256 3 3
	1341.78 -O2 avx 256 256 256 16 256 4 3
	1370.32 -O2 avx 256 256 256 16 256 4 4
	1430.47 -O2 avx 256 256 256 16 256 4 5
	1430.99 -O2 avx 256 256 256 16 256 4 6
	1453.51 -O2 avx 256 256 256 16 256 4 7
	1462.63 -O2 avx 256 256 256 16 256 4 8
	1473.91 -O2 avx 256 256 256 16 256 4 9
	1482.77 -O2 avx 256 256 256 16 256 4 10
	1484.78 -O3 avx 256 256 256 16 256 4 10
[info] [Me=0] Best solution found:
	1484.78 -O3 avx 256 256 256 16 256 4 10

[info] [Me=0] Gathering solutions from all processes
[info] [Me=0] Best solutions:
	1484.78 -O3 avx 256 256 256 16 256 4 10 Final evaluation: 1482.04
[info] [Me=0] Best overall:
	1482.04 -O3 avx 256 256 256 16 256 4 10
[info] [Me=0] Total cost evaluations: 81
[info] [Me=0] Elapsed time: 6.74 seconds
[info] [Me=0] Run finished. Logs can be found at convergence_alg1_run4.log.
