[info] [Me=0] Args:
	algorithm: simulated_annealing
	batch: False
	flexible_shape: False
	hparams: {"t0":20}
	log: convergence_alg3_run2.log
	phase: run
	problem_size: [256, 256, 256]
	program_path: iso3dfd-st7
	seed: 33
	steps: 100
	use_energy: False
[info] [Me=0] Hyperparameters:
	t0: 20
[info] [Me=0] real seed: 33
[info] [Me=0] Simulator initialized
[info] [Me=0] Starting simulated_annealing
[21:39:11]	[Me=0]	[k=0]	[eval=1]	Cost=1324.94	-O2 avx 256 256 256 16 256 3 3	(Initial)
[21:39:13]	[Me=0]	[k=1]	[eval=2]	Cost=1321.89	-O2 avx2 256 256 256 16 256 3 3	(Risky choice !)
[21:39:15]	[Me=0]	[k=2]	[eval=3]	Cost=1298.99	-O2 avx2 256 256 256 16 256 2 3
[21:39:16]	[Me=0]	[k=3]	[eval=4]	Cost=1322.83	-O2 avx 256 256 256 16 256 3 3
[21:39:19]	[Me=0]	[k=4]	[eval=5]	Cost=1339.99	-O2 avx 256 256 256 16 256 4 3	(New best)
[21:39:25]	[Me=0]	[k=5]	[eval=6]	Cost=1368.1	-O2 avx 256 256 256 16 256 4 4	(New best)
[21:39:26]	[Me=0]	[k=6]	[eval=7]	Cost=1429.29	-O2 avx 256 256 256 16 256 4 5	(New best)
[21:39:28]	[Me=0]	[k=7]	[eval=8]	Cost=1380.24	-O2 avx 256 256 256 16 256 3 5
[21:39:29]	[Me=0]	[k=8]	[eval=9]	Cost=1427.43	-O3 avx 256 256 256 16 256 4 5	(Risky choice !)
[21:39:30]	[Me=0]	[k=9]	[eval=10]	Cost=1378.56	-O3 avx 256 256 256 16 256 3 5
[21:39:32]	[Me=0]	[k=10]	[eval=11]	Cost=1431.56	-Ofast avx 256 256 256 16 256 4 5	(New best)
[21:39:33]	[Me=0]	[k=11]	[eval=12]	Cost=1369.28	-Ofast avx 256 256 256 16 256 4 4
[21:39:35]	[Me=0]	[k=12]	[eval=13]	Cost=1378.93	-Ofast avx 256 256 256 16 256 3 5
[21:39:36]	[Me=0]	[k=13]	[eval=14]	Cost=1428.03	-Ofast avx512 256 256 256 16 256 4 5	(Risky choice !)
[21:39:37]	[Me=0]	[k=14]	[eval=15]	Cost=1431.11	-O2 avx512 256 256 256 16 256 4 5	(Risky choice !)
[21:39:39]	[Me=0]	[k=15]	[eval=16]	Cost=1426.79	-O2 avx512 256 256 256 16 256 5 5
[21:39:40]	[Me=0]	[k=16]	[eval=17]	Cost=1380.58	-O2 avx512 256 256 256 16 256 3 5
[21:39:42]	[Me=0]	[k=17]	[eval=18]	Cost=1430.8	-O3 avx512 256 256 256 16 256 4 5	(Risky choice !)
[21:39:43]	[Me=0]	[k=18]	[eval=19]	Cost=1429.29	-O2 avx512 256 256 256 16 256 4 5
[21:39:44]	[Me=0]	[k=19]	[eval=20]	Cost=1428.57	-O3 avx 256 256 256 16 256 4 5
[21:39:46]	[Me=0]	[k=20]	[eval=21]	Cost=1425.88	-O3 avx512 256 256 256 16 256 5 5	(Risky choice !)
[21:39:47]	[Me=0]	[k=21]	[eval=22]	Cost=1429.47	-O3 avx512 256 256 256 16 256 4 5	(Risky choice !)
[21:39:48]	[Me=0]	[k=22]	[eval=23]	Cost=1366.86	-O3 avx512 256 256 256 16 256 4 4
[21:39:50]	[Me=0]	[k=23]	[eval=24]	Cost=1431.82	-O2 avx512 256 256 256 16 256 4 5	(New best)
[21:39:51]	[Me=0]	[k=24]	[eval=25]	Cost=1429.91	-Ofast avx512 256 256 256 16 256 4 5
[21:39:53]	[Me=0]	[k=25]	[eval=26]	Cost=1428.68	-O3 avx512 256 256 256 16 256 4 5	(Risky choice !)
[21:39:54]	[Me=0]	[k=26]	[eval=27]	Cost=1431.0	-O2 avx512 256 256 256 16 256 4 5	(Risky choice !)
[21:39:55]	[Me=0]	[k=27]	[eval=28]	Cost=1429.52	-O3 avx512 256 256 256 16 256 4 5
[21:39:57]	[Me=0]	[k=28]	[eval=29]	Cost=1430.57	-Ofast avx512 256 256 256 16 256 4 5	(Risky choice !)
[21:39:58]	[Me=0]	[k=29]	[eval=30]	Cost=1379.62	-Ofast avx512 256 256 256 16 256 3 5
[21:39:59]	[Me=0]	[k=30]	[eval=31]	Cost=1431.7	-Ofast avx 256 256 256 16 256 4 5
[21:40:01]	[Me=0]	[k=31]	[eval=32]	Cost=1367.12	-Ofast avx 256 256 256 16 256 4 4
[21:40:02]	[Me=0]	[k=32]	[eval=33]	Cost=1432.61	-Ofast avx 256 256 256 16 256 4 6	(New best)
[21:40:04]	[Me=0]	[k=33]	[eval=34]	Cost=1432.15	-Ofast avx 256 256 256 16 256 5 6
[21:40:05]	[Me=0]	[k=34]	[eval=35]	Cost=1449.77	-Ofast avx 256 256 256 16 256 4 7	(New best)
[21:40:06]	[Me=0]	[k=35]	[eval=36]	Cost=1409.95	-Ofast avx 256 256 256 16 256 3 7
[21:40:08]	[Me=0]	[k=36]	[eval=37]	Cost=1451.86	-O2 avx 256 256 256 16 256 4 7	(New best)
[21:40:09]	[Me=0]	[k=37]	[eval=38]	Cost=1462.38	-O2 avx 256 256 256 16 256 4 8	(New best)
[21:40:10]	[Me=0]	[k=38]	[eval=39]	Cost=1451.44	-O2 avx 256 256 256 16 256 4 7
[21:40:12]	[Me=0]	[k=39]	[eval=40]	Cost=1463.62	-O2 avx 256 256 256 16 256 5 8	(New best)
[21:40:13]	[Me=0]	[k=40]	[eval=41]	Cost=1458.56	-O3 avx 256 256 256 16 256 5 8
[21:40:15]	[Me=0]	[k=41]	[eval=42]	Cost=1460.6	-O2 avx512 256 256 256 16 256 5 8
[21:40:16]	[Me=0]	[k=42]	[eval=43]	Cost=1465.77	-O2 avx 256 256 256 16 256 5 9	(New best)
[21:40:17]	[Me=0]	[k=43]	[eval=44]	Cost=1473.07	-O2 avx 256 256 256 16 256 6 9	(New best)
[21:40:19]	[Me=0]	[k=44]	[eval=45]	Cost=1473.66	-O2 avx2 256 256 256 16 256 6 9	(New best)
[21:40:20]	[Me=0]	[k=45]	[eval=46]	Cost=1478.53	-O2 avx2 256 256 256 16 256 6 10	(New best)
[21:40:21]	[Me=0]	[k=46]	[eval=47]	Cost=1478.11	-O2 avx2 256 256 256 16 256 6 11	(Risky choice !)
[21:40:23]	[Me=0]	[k=47]	[eval=48]	Cost=1478.98	-O3 avx2 256 256 256 16 256 6 11	(New best)
[21:40:24]	[Me=0]	[k=48]	[eval=49]	Cost=1472.78	-O3 avx2 256 256 256 16 256 5 11
[21:40:25]	[Me=0]	[k=49]	[eval=50]	Cost=1480.18	-O3 avx2 256 256 256 16 256 6 10	(New best)
[21:40:27]	[Me=0]	[k=50]	[eval=51]	Cost=1473.88	-O3 avx2 256 256 256 16 256 6 9
[21:40:28]	[Me=0]	[k=51]	[eval=52]	Cost=1479.58	-O3 avx2 256 256 256 16 256 6 11
[21:40:28]	[Me=0]	[k=52]	[eval=52]	Cost=1473.88	-O3 avx2 256 256 256 16 256 6 9
[21:40:29]	[Me=0]	[k=53]	[eval=53]	Cost=1476.91	-O3 avx2 256 256 256 16 256 7 10
[21:40:31]	[Me=0]	[k=54]	[eval=54]	Cost=1477.55	-O3 avx 256 256 256 16 256 6 10
[21:40:31]	[Me=0]	[k=55]	[eval=54]	Cost=1476.91	-O3 avx2 256 256 256 16 256 7 10
[21:40:32]	[Me=0]	[k=56]	[eval=55]	Cost=1473.76	-O3 avx2 256 256 256 16 256 5 10
[21:40:32]	[Me=0]	[k=57]	[eval=55]	Cost=1477.55	-O3 avx 256 256 256 16 256 6 10
[21:40:32]	[Me=0]	[k=58]	[eval=55]	Cost=1476.91	-O3 avx2 256 256 256 16 256 7 10
[21:40:32]	[Me=0]	[k=59]	[eval=55]	Cost=1473.88	-O3 avx2 256 256 256 16 256 6 9
[21:40:32]	[Me=0]	[k=60]	[eval=55]	Cost=1476.91	-O3 avx2 256 256 256 16 256 7 10
[21:40:32]	[Me=0]	[k=61]	[eval=55]	Cost=1476.91	-O3 avx2 256 256 256 16 256 7 10
[21:40:33]	[Me=0]	[k=62]	[eval=56]	Cost=1481.97	-Ofast avx2 256 256 256 16 256 6 10	(New best)
[21:40:35]	[Me=0]	[k=63]	[eval=57]	Cost=1480.78	-O2 avx2 256 256 256 16 256 6 10
[21:40:36]	[Me=0]	[k=64]	[eval=58]	Cost=1481.78	-O3 avx2 256 256 256 16 256 6 10
[21:40:36]	[Me=0]	[k=65]	[eval=58]	Cost=1481.78	-O3 avx2 256 256 256 16 256 6 10
[21:40:37]	[Me=0]	[k=66]	[eval=59]	Cost=1478.9	-Ofast avx512 256 256 256 16 256 6 10
[21:40:37]	[Me=0]	[k=67]	[eval=59]	Cost=1478.9	-Ofast avx512 256 256 256 16 256 6 10
[21:40:37]	[Me=0]	[k=68]	[eval=59]	Cost=1481.78	-O3 avx2 256 256 256 16 256 6 10
[21:40:37]	[Me=0]	[k=69]	[eval=59]	Cost=1480.78	-O2 avx2 256 256 256 16 256 6 10
[21:40:39]	[Me=0]	[k=70]	[eval=60]	Cost=1482.28	-Ofast avx2 256 256 256 16 256 7 10	(New best)
[21:40:40]	[Me=0]	[k=71]	[eval=61]	Cost=1482.37	-O2 avx2 256 256 256 16 256 7 10	(New best)
[21:40:41]	[Me=0]	[k=72]	[eval=62]	Cost=1478.66	-O2 avx 256 256 256 16 256 7 10
[21:40:43]	[Me=0]	[k=73]	[eval=63]	Cost=1479.07	-O3 avx2 256 256 256 16 256 7 10
[21:40:43]	[Me=0]	[k=74]	[eval=63]	Cost=1478.66	-O2 avx 256 256 256 16 256 7 10
[21:40:44]	[Me=0]	[k=75]	[eval=64]	Cost=1478.92	-Ofast avx2 256 256 256 16 256 7 10
[21:40:45]	[Me=0]	[k=76]	[eval=65]	Cost=1479.32	-O2 avx512 256 256 256 16 256 7 10
[21:40:45]	[Me=0]	[k=77]	[eval=65]	Cost=1479.32	-O2 avx512 256 256 256 16 256 7 10
[21:40:47]	[Me=0]	[k=78]	[eval=66]	Cost=1485.97	-O2 avx2 256 256 256 16 256 8 10	(New best)
[21:40:48]	[Me=0]	[k=79]	[eval=67]	Cost=1474.67	-O2 avx2 256 256 256 16 256 9 10
[21:40:49]	[Me=0]	[k=80]	[eval=68]	Cost=1482.36	-O2 avx2 256 256 256 16 256 8 11
[21:40:51]	[Me=0]	[k=81]	[eval=69]	Cost=1488.85	-Ofast avx2 256 256 256 16 256 8 10	(New best)
[21:40:52]	[Me=0]	[k=82]	[eval=70]	Cost=1487.26	-O2 avx2 256 256 256 16 256 8 10
[21:40:53]	[Me=0]	[k=83]	[eval=71]	Cost=1483.43	-Ofast avx2 256 256 256 16 256 8 11
[21:40:55]	[Me=0]	[k=84]	[eval=72]	Cost=1473.04	-Ofast avx2 256 256 256 16 256 9 10
[21:40:56]	[Me=0]	[k=85]	[eval=73]	Cost=1486.6	-Ofast avx 256 256 256 16 256 8 10
[21:40:57]	[Me=0]	[k=86]	[eval=74]	Cost=1483.65	-O3 avx2 256 256 256 16 256 8 10
[21:40:57]	[Me=0]	[k=87]	[eval=74]	Cost=1483.43	-Ofast avx2 256 256 256 16 256 8 11
[21:40:59]	[Me=0]	[k=88]	[eval=75]	Cost=1479.75	-Ofast avx2 256 256 256 16 256 7 10
[21:40:59]	[Me=0]	[k=89]	[eval=75]	Cost=1483.65	-O3 avx2 256 256 256 16 256 8 10
[21:40:59]	[Me=0]	[k=90]	[eval=75]	Cost=1486.6	-Ofast avx 256 256 256 16 256 8 10
[21:40:59]	[Me=0]	[k=91]	[eval=75]	Cost=1486.6	-Ofast avx 256 256 256 16 256 8 10
[21:40:59]	[Me=0]	[k=92]	[eval=75]	Cost=1486.6	-Ofast avx 256 256 256 16 256 8 10
[21:40:59]	[Me=0]	[k=93]	[eval=75]	Cost=1483.43	-Ofast avx2 256 256 256 16 256 8 11
[21:40:59]	[Me=0]	[k=94]	[eval=75]	Cost=1483.43	-Ofast avx2 256 256 256 16 256 8 11
[21:41:00]	[Me=0]	[k=95]	[eval=76]	Cost=1484.36	-Ofast avx512 256 256 256 16 256 8 10
[21:41:00]	[Me=0]	[k=96]	[eval=76]	Cost=1487.26	-O2 avx2 256 256 256 16 256 8 10
[21:41:00]	[Me=0]	[k=97]	[eval=76]	Cost=1473.04	-Ofast avx2 256 256 256 16 256 9 10
[21:41:00]	[Me=0]	[k=98]	[eval=76]	Cost=1479.75	-Ofast avx2 256 256 256 16 256 7 10
[21:41:00]	[Me=0]	[k=99]	[eval=76]	Cost=1487.26	-O2 avx2 256 256 256 16 256 8 10
[21:41:01]	[Me=0]	[k=100]	[eval=77]	Cost=1479.33	-Ofast avx2 256 256 256 16 256 8 9
[info] [Me=0] Path taken:
	1324.94 -O2 avx 256 256 256 16 256 3 3
	1339.99 -O2 avx 256 256 256 16 256 4 3
	1368.1 -O2 avx 256 256 256 16 256 4 4
	1429.29 -O2 avx 256 256 256 16 256 4 5
	1431.56 -Ofast avx 256 256 256 16 256 4 5
	1431.82 -O2 avx512 256 256 256 16 256 4 5
	1432.61 -Ofast avx 256 256 256 16 256 4 6
	1449.77 -Ofast avx 256 256 256 16 256 4 7
	1451.86 -O2 avx 256 256 256 16 256 4 7
	1462.38 -O2 avx 256 256 256 16 256 4 8
	1463.62 -O2 avx 256 256 256 16 256 5 8
	1465.77 -O2 avx 256 256 256 16 256 5 9
	1473.07 -O2 avx 256 256 256 16 256 6 9
	1473.66 -O2 avx2 256 256 256 16 256 6 9
	1478.53 -O2 avx2 256 256 256 16 256 6 10
	1478.98 -O3 avx2 256 256 256 16 256 6 11
	1480.18 -O3 avx2 256 256 256 16 256 6 10
	1481.97 -Ofast avx2 256 256 256 16 256 6 10
	1482.28 -Ofast avx2 256 256 256 16 256 7 10
	1482.37 -O2 avx2 256 256 256 16 256 7 10
	1485.97 -O2 avx2 256 256 256 16 256 8 10
	1488.85 -Ofast avx2 256 256 256 16 256 8 10
[info] [Me=0] Best solution found:
	1488.85 -Ofast avx2 256 256 256 16 256 8 10

[info] [Me=0] Gathering solutions from all processes
[info] [Me=0] Best solutions:
	1488.85 -Ofast avx2 256 256 256 16 256 8 10 Final evaluation: 1485.74
[info] [Me=0] Best overall:
	1485.74 -Ofast avx2 256 256 256 16 256 8 10
[info] [Me=0] Total cost evaluations: 77
[info] [Me=0] Elapsed time: 3.33 seconds
[info] [Me=0] Run finished. Logs can be found at convergence_alg3_run2.log.
