[info] [Me=0] Args:
	algorithm: csa
	batch: False
	flexible_shape: False
	hparams: {}
	log: convergence_alg4_run3.log
	phase: run
	problem_size: [256, 256, 256]
	program_path: iso3dfd-st7
	seed: 33
	steps: 100
	use_energy: False
[info] [Me=0] Hyperparameters:
	popsize: 6
	t0: 1000
[info] [Me=0] real seed: 33
[info] [Me=0] Simulator initialized
[22:05:44]	[Me=0]	[k=0]	[eval=1]	Cost=1317.0	-O2 avx 256 256 256 16 256 3 3	(Initial)
[22:05:46]	[Me=0]	[k=1]	[eval=2]	Cost=1341.43	-O2 avx 256 256 256 16 256 4 3
[22:05:47]	[Me=0]	[k=1]	[eval=3]	Cost=1335.91	-O2 avx 256 256 256 16 256 3 4
[22:05:49]	[Me=0]	[k=1]	[eval=4]	Cost=1297.18	-O2 avx 256 256 256 16 256 2 3
[22:05:50]	[Me=0]	[k=1]	[eval=5]	Cost=1297.63	-O2 avx 256 256 256 16 256 2 3
[22:05:52]	[Me=0]	[k=1]	[eval=6]	Cost=1321.46	-O3 avx 256 256 256 16 256 3 3
[22:05:53]	[Me=0]	[k=1]	[eval=7]	Cost=1316.09	-O3 avx 256 256 256 16 256 3 3
[22:05:55]	[Me=0]	[k=2]	[eval=8]	Cost=1320.25	-O3 avx512 256 256 256 16 256 3 3
[22:05:56]	[Me=0]	[k=2]	[eval=9]	Cost=1321.59	-O2 avx 256 256 256 16 256 3 3
[22:05:57]	[Me=0]	[k=2]	[eval=10]	Cost=1314.19	-O2 avx 256 256 256 16 256 3 3
[22:05:59]	[Me=0]	[k=2]	[eval=11]	Cost=1334.79	-O2 avx512 256 256 256 16 256 3 4
[22:06:00]	[Me=0]	[k=2]	[eval=12]	Cost=1297.52	-O2 avx2 256 256 256 16 256 2 3
[22:06:02]	[Me=0]	[k=2]	[eval=13]	Cost=1314.53	-Ofast avx 256 256 256 16 256 3 3
[22:06:03]	[Me=0]	[k=3]	[eval=14]	Cost=1313.11	-O2 avx 256 256 256 16 256 3 3
[22:06:05]	[Me=0]	[k=3]	[eval=15]	Cost=1330.46	-Ofast avx512 256 256 256 16 256 3 4
[22:06:06]	[Me=0]	[k=3]	[eval=16]	Cost=1331.03	-O2 avx 256 256 256 16 256 3 4
[22:06:08]	[Me=0]	[k=3]	[eval=17]	Cost=1374.56	-O2 avx512 256 256 256 16 256 3 5
[22:06:09]	[Me=0]	[k=3]	[eval=18]	Cost=1234.96	-Ofast avx 256 256 256 16 256 3 2
[22:06:11]	[Me=0]	[k=3]	[eval=19]	Cost=1297.74	-O3 avx2 256 256 256 16 256 2 3
[22:06:12]	[Me=0]	[k=4]	[eval=20]	Cost=1339.5	-O2 avx 256 256 256 16 256 4 3
[22:06:14]	[Me=0]	[k=4]	[eval=21]	Cost=1330.21	-O2 avx 256 256 256 16 256 3 4
[22:06:15]	[Me=0]	[k=4]	[eval=22]	Cost=1237.62	-Ofast avx2 256 256 256 16 256 3 2
[22:06:17]	[Me=0]	[k=4]	[eval=23]	Cost=1328.69	-O2 avx 256 256 256 16 256 3 4
[22:06:18]	[Me=0]	[k=4]	[eval=24]	Cost=1317.33	-O2 avx 256 256 256 16 256 3 3
[22:06:20]	[Me=0]	[k=4]	[eval=25]	Cost=1295.3	-O2 avx 256 256 256 16 256 2 3
[22:06:21]	[Me=0]	[k=5]	[eval=26]	Cost=1319.81	-O2 avx512 256 256 256 16 256 3 3
[22:06:22]	[Me=0]	[k=5]	[eval=27]	Cost=1316.67	-O2 avx512 256 256 256 16 256 3 3
[22:06:24]	[Me=0]	[k=5]	[eval=28]	Cost=1316.13	-O3 avx 256 256 256 16 256 3 3
[22:06:25]	[Me=0]	[k=5]	[eval=29]	Cost=1296.72	-O2 avx 256 256 256 16 256 2 3
[22:06:27]	[Me=0]	[k=5]	[eval=30]	Cost=1315.86	-O2 avx 256 256 256 16 256 3 3
[22:06:28]	[Me=0]	[k=5]	[eval=31]	Cost=1315.74	-O2 avx 256 256 256 16 256 3 3
[22:06:30]	[Me=0]	[k=6]	[eval=32]	Cost=1317.41	-O3 avx512 256 256 256 16 256 3 3
[22:06:31]	[Me=0]	[k=6]	[eval=33]	Cost=1319.35	-O3 avx 256 256 256 16 256 3 3
[22:06:33]	[Me=0]	[k=6]	[eval=34]	Cost=1320.39	-O2 avx512 256 256 256 16 256 3 3
[22:06:34]	[Me=0]	[k=6]	[eval=35]	Cost=1331.62	-O2 avx 256 256 256 16 256 3 4
[22:06:36]	[Me=0]	[k=6]	[eval=36]	Cost=1297.52	-O2 avx512 256 256 256 16 256 2 3
[22:06:37]	[Me=0]	[k=6]	[eval=37]	Cost=1299.27	-O2 avx512 256 256 256 16 256 2 3
[22:06:39]	[Me=0]	[k=7]	[eval=38]	Cost=1298.91	-Ofast avx512 256 256 256 16 256 2 3
[22:06:40]	[Me=0]	[k=7]	[eval=39]	Cost=1319.11	-O2 avx2 256 256 256 16 256 3 3
[22:06:41]	[Me=0]	[k=7]	[eval=40]	Cost=1297.27	-Ofast avx512 256 256 256 16 256 2 3
[22:06:43]	[Me=0]	[k=7]	[eval=41]	Cost=1297.96	-O2 avx2 256 256 256 16 256 2 3
[22:06:45]	[Me=0]	[k=7]	[eval=42]	Cost=1212.78	-O2 avx512 256 256 256 16 256 2 2
[22:06:46]	[Me=0]	[k=7]	[eval=43]	Cost=1310.67	-O2 avx512 256 256 256 16 256 2 4
[22:06:47]	[Me=0]	[k=8]	[eval=44]	Cost=1317.84	-O2 avx512 256 256 256 16 256 3 3
[22:06:49]	[Me=0]	[k=8]	[eval=45]	Cost=1319.74	-Ofast avx512 256 256 256 16 256 3 3
[22:06:50]	[Me=0]	[k=8]	[eval=46]	Cost=1297.89	-O3 avx512 256 256 256 16 256 2 3
[22:06:52]	[Me=0]	[k=8]	[eval=47]	Cost=1314.88	-Ofast avx512 256 256 256 16 256 2 4
[22:06:53]	[Me=0]	[k=8]	[eval=48]	Cost=1320.49	-O2 avx 256 256 256 16 256 3 3
[22:06:55]	[Me=0]	[k=8]	[eval=49]	Cost=1296.83	-Ofast avx 256 256 256 16 256 2 3
[22:06:56]	[Me=0]	[k=9]	[eval=50]	Cost=1299.85	-O2 avx 256 256 256 16 256 2 3
[22:06:58]	[Me=0]	[k=9]	[eval=51]	Cost=1295.88	-Ofast avx512 256 256 256 16 256 2 3
[22:06:59]	[Me=0]	[k=9]	[eval=52]	Cost=1312.94	-O3 avx512 256 256 256 16 256 2 4
[22:07:01]	[Me=0]	[k=9]	[eval=53]	Cost=1295.9	-O3 avx 256 256 256 16 256 2 3
[22:07:02]	[Me=0]	[k=9]	[eval=54]	Cost=1319.65	-O3 avx 256 256 256 16 256 3 3
[22:07:04]	[Me=0]	[k=9]	[eval=55]	Cost=1296.63	-O2 avx 256 256 256 16 256 2 3
[22:07:05]	[Me=0]	[k=10]	[eval=56]	Cost=1295.56	-O2 avx512 256 256 256 16 256 2 3
[22:07:07]	[Me=0]	[k=10]	[eval=57]	Cost=1298.55	-O2 avx512 256 256 256 16 256 2 3
[22:07:08]	[Me=0]	[k=10]	[eval=58]	Cost=1312.29	-O2 avx 256 256 256 16 256 2 4
[22:07:10]	[Me=0]	[k=10]	[eval=59]	Cost=1299.49	-O3 avx2 256 256 256 16 256 2 3
[22:07:11]	[Me=0]	[k=10]	[eval=60]	Cost=1312.11	-Ofast avx512 256 256 256 16 256 2 4
[22:07:13]	[Me=0]	[k=10]	[eval=61]	Cost=1299.73	-O2 avx2 256 256 256 16 256 2 3
[22:07:14]	[Me=0]	[k=11]	[eval=62]	Cost=1297.27	-Ofast avx512 256 256 256 16 256 2 3
[22:07:15]	[Me=0]	[k=11]	[eval=63]	Cost=1297.14	-O2 avx2 256 256 256 16 256 2 3
[22:07:17]	[Me=0]	[k=11]	[eval=64]	Cost=1296.16	-Ofast avx2 256 256 256 16 256 2 3
[22:07:18]	[Me=0]	[k=11]	[eval=65]	Cost=1310.6	-O2 avx2 256 256 256 16 256 2 4
[22:07:20]	[Me=0]	[k=11]	[eval=66]	Cost=1215.3	-O2 avx512 256 256 256 16 256 2 2
[22:07:21]	[Me=0]	[k=11]	[eval=67]	Cost=1312.11	-O3 avx 256 256 256 16 256 2 4
[22:07:23]	[Me=0]	[k=12]	[eval=68]	Cost=1330.32	-O3 avx 256 256 256 16 256 3 4
[22:07:24]	[Me=0]	[k=12]	[eval=69]	Cost=1333.37	-O2 avx2 256 256 256 16 256 3 4
[22:07:26]	[Me=0]	[k=12]	[eval=70]	Cost=1328.85	-O2 avx2 256 256 256 16 256 3 4
[22:07:27]	[Me=0]	[k=12]	[eval=71]	Cost=1315.3	-Ofast avx512 256 256 256 16 256 3 3
[22:07:29]	[Me=0]	[k=12]	[eval=72]	Cost=1298.05	-O2 avx512 256 256 256 16 256 2 3
[22:07:30]	[Me=0]	[k=12]	[eval=73]	Cost=1295.85	-O3 avx2 256 256 256 16 256 2 3
[22:07:32]	[Me=0]	[k=13]	[eval=74]	Cost=1330.95	-Ofast avx512 256 256 256 16 256 3 4
[22:07:33]	[Me=0]	[k=13]	[eval=75]	Cost=1299.56	-O3 avx 256 256 256 16 256 2 3
[22:07:35]	[Me=0]	[k=13]	[eval=76]	Cost=1331.48	-Ofast avx512 256 256 256 16 256 3 4
[22:07:36]	[Me=0]	[k=13]	[eval=77]	Cost=1314.69	-O3 avx 256 256 256 16 256 3 3
[22:07:38]	[Me=0]	[k=13]	[eval=78]	Cost=1314.13	-O3 avx2 256 256 256 16 256 3 3
[22:07:39]	[Me=0]	[k=13]	[eval=79]	Cost=1299.31	-Ofast avx512 256 256 256 16 256 2 3
[22:07:41]	[Me=0]	[k=14]	[eval=80]	Cost=1316.62	-O3 avx 256 256 256 16 256 3 3
[22:07:42]	[Me=0]	[k=14]	[eval=81]	Cost=1297.32	-O2 avx 256 256 256 16 256 2 3
[22:07:43]	[Me=0]	[k=14]	[eval=82]	Cost=1320.96	-Ofast avx512 256 256 256 16 256 3 3
[22:07:45]	[Me=0]	[k=14]	[eval=83]	Cost=1299.36	-O3 avx 256 256 256 16 256 2 3
[22:07:46]	[Me=0]	[k=14]	[eval=84]	Cost=1300.42	-O3 avx 256 256 256 16 256 2 3
[22:07:48]	[Me=0]	[k=14]	[eval=85]	Cost=1298.84	-O3 avx2 256 256 256 16 256 2 3
[22:07:49]	[Me=0]	[k=15]	[eval=86]	Cost=1216.82	-O2 avx 256 256 256 16 256 2 2
[22:07:51]	[Me=0]	[k=15]	[eval=87]	Cost=1297.66	-O3 avx512 256 256 256 16 256 2 3
[22:07:52]	[Me=0]	[k=15]	[eval=88]	Cost=1296.07	-Ofast avx 256 256 256 16 256 2 3
[22:07:54]	[Me=0]	[k=15]	[eval=89]	Cost=1213.95	-O3 avx 256 256 256 16 256 2 2
[22:07:56]	[Me=0]	[k=15]	[eval=90]	Cost=1240.09	-O3 avx 256 256 256 16 256 1 3
[22:07:57]	[Me=0]	[k=15]	[eval=91]	Cost=1330.8	-O3 avx 256 256 256 16 256 3 4
[22:07:58]	[Me=0]	[k=16]	[eval=92]	Cost=1299.09	-O3 avx 256 256 256 16 256 2 3
[22:08:00]	[Me=0]	[k=16]	[eval=93]	Cost=1215.47	-O3 avx2 256 256 256 16 256 2 2
[22:08:01]	[Me=0]	[k=16]	[eval=94]	Cost=1297.7	-O2 avx 256 256 256 16 256 2 3
[22:08:03]	[Me=0]	[k=16]	[eval=95]	Cost=1238.76	-O3 avx2 256 256 256 16 256 1 3
[22:08:04]	[Me=0]	[k=16]	[eval=96]	Cost=1296.41	-Ofast avx2 256 256 256 16 256 2 3
[22:08:06]	[Me=0]	[k=16]	[eval=97]	Cost=1297.45	-O2 avx 256 256 256 16 256 2 3
[22:08:08]	[Me=0]	[k=17]	[eval=98]	Cost=1215.35	-O3 avx512 256 256 256 16 256 2 2
[22:08:09]	[Me=0]	[k=17]	[eval=99]	Cost=1237.19	-O3 avx 256 256 256 16 256 1 3
[22:08:11]	[Me=0]	[k=17]	[eval=100]	Cost=1213.96	-O2 avx 256 256 256 16 256 2 2
[22:08:12]	[Me=0]	[k=17]	[eval=101]	Cost=1213.12	-Ofast avx2 256 256 256 16 256 2 2
[22:08:14]	[Me=0]	[k=17]	[eval=102]	Cost=1297.69	-O3 avx2 256 256 256 16 256 2 3
[22:08:15]	[Me=0]	[k=17]	[eval=103]	Cost=1238.87	-O3 avx2 256 256 256 16 256 3 2
[info] [Me=0] Path taken:
	1317.0 -O2 avx 256 256 256 16 256 3 3
	1341.43 -O2 avx 256 256 256 16 256 4 3
	1374.56 -O2 avx512 256 256 256 16 256 3 5
[info] [Me=0] Best solution found:
	1374.56 -O2 avx512 256 256 256 16 256 3 5

[info] [Me=0] Gathering solutions from all processes
[info] [Me=0] Best solutions:
	1374.56 -O2 avx512 256 256 256 16 256 3 5 Final evaluation: 1378.39
[info] [Me=0] Best overall:
	1378.39 -O2 avx512 256 256 256 16 256 3 5
[info] [Me=0] Total cost evaluations: 103
[info] [Me=0] Elapsed time: 3.56 seconds
[info] [Me=0] Run finished. Logs can be found at convergence_alg4_run3.log.
