[info] [Me=0] Args:
	algorithm: cmaes
	batch: False
	flexible_shape: False
	hparams: {}
	log: convergence_run_cmaes0.log
	phase: run
	problem_size: [256, 256, 256]
	program_path: iso3dfd-st7
	seed: 33
	steps: 100
	use_energy: False
[info] [Me=0] Hyperparameters:
[info] [Me=0] real seed: 33
[info] [Me=0] Simulator initialized
[15:46:03]	[Me=0]	[k=1]	[eval=1]	Cost=1294.69	-O3 avx 256 256 256 16 256 2 3
[15:46:05]	[Me=0]	[k=1]	[eval=2]	Cost=1005.27	-O2 avx2 256 256 256 16 256 2 1
[15:46:06]	[Me=0]	[k=1]	[eval=3]	Cost=1230.33	-Ofast avx 256 256 256 16 256 3 2
[15:46:08]	[Me=0]	[k=1]	[eval=4]	Cost=1145.22	-O3 avx 256 256 256 16 256 1 2
[15:46:09]	[Me=0]	[k=1]	[eval=5]	Cost=1208.45	-O3 avx 256 256 256 16 256 2 2
[15:46:11]	[Me=0]	[k=1]	[eval=6]	Cost=1334.06	-O3 avx 256 256 256 16 256 4 3
[15:46:12]	[Me=0]	[k=1]	[eval=7]	Cost=1310.25	-O2 avx2 256 256 256 16 256 2 4
[15:46:14]	[Me=0]	[k=1]	[eval=8]	Cost=1005.43	-O2 avx 256 256 256 16 256 2 1
[15:46:15]	[Me=0]	[k=2]	[eval=9]	Cost=1361.56	-O3 avx 256 256 256 16 256 4 4
[15:46:17]	[Me=0]	[k=2]	[eval=10]	Cost=1292.58	-O2 avx 256 256 256 16 256 2 3
[15:46:18]	[Me=0]	[k=2]	[eval=11]	Cost=1309.23	-O2 avx 256 256 256 16 256 2 4
[15:46:20]	[Me=0]	[k=2]	[eval=12]	Cost=1228.73	-O2 avx 256 256 256 16 256 3 2
[15:46:21]	[Me=0]	[k=2]	[eval=13]	Cost=1208.59	-O2 avx 256 256 256 16 256 2 2
[15:46:23]	[Me=0]	[k=2]	[eval=14]	Cost=1308.13	-O2 avx 256 256 256 16 256 2 4
[15:46:24]	[Me=0]	[k=2]	[eval=15]	Cost=1333.31	-O2 avx 256 256 256 16 256 4 3
[15:46:26]	[Me=0]	[k=2]	[eval=16]	Cost=1328.2	-O2 avx2 256 256 256 16 256 3 4
[15:46:27]	[Me=0]	[k=3]	[eval=17]	Cost=1326.84	-O2 avx 256 256 256 16 256 3 4
[15:46:29]	[Me=0]	[k=3]	[eval=18]	Cost=1140.85	-O2 avx 256 256 256 16 256 1 2
[15:46:31]	[Me=0]	[k=3]	[eval=19]	Cost=1005.56	-O2 avx2 256 256 256 16 256 2 1
[15:46:32]	[Me=0]	[k=3]	[eval=20]	Cost=1326.57	-O3 avx 256 256 256 16 256 3 4
[15:46:34]	[Me=0]	[k=3]	[eval=21]	Cost=1312.86	-O2 avx 256 256 256 16 256 3 3
[15:46:35]	[Me=0]	[k=3]	[eval=22]	Cost=1296.51	-O2 avx2 256 256 256 16 256 2 3
[15:46:37]	[Me=0]	[k=3]	[eval=23]	Cost=1348.06	-Ofast avx2 256 256 256 16 256 2 5
[15:46:38]	[Me=0]	[k=3]	[eval=24]	Cost=1423.94	-O3 avx2 256 256 256 16 256 5 5
[15:46:39]	[Me=0]	[k=4]	[eval=25]	Cost=1374.11	-O2 avx 256 256 256 16 256 3 5
[15:46:41]	[Me=0]	[k=4]	[eval=26]	Cost=1430.87	-Ofast avx 256 256 256 16 256 4 6
[15:46:42]	[Me=0]	[k=4]	[eval=27]	Cost=1326.51	-O2 avx 256 256 256 16 256 3 4
[15:46:44]	[Me=0]	[k=4]	[eval=28]	Cost=1361.46	-O2 avx512 256 256 256 16 256 4 4
[15:46:45]	[Me=0]	[k=4]	[eval=29]	Cost=1365.03	-O3 avx2 256 256 256 16 256 4 4
[15:46:46]	[Me=0]	[k=4]	[eval=30]	Cost=1376.9	-O3 avx 256 256 256 16 256 3 6
[15:46:48]	[Me=0]	[k=4]	[eval=31]	Cost=1431.74	-Ofast avx 256 256 256 16 256 4 6
[15:46:49]	[Me=0]	[k=4]	[eval=32]	Cost=1319.84	-O2 avx 256 256 256 16 256 5 3
[15:46:51]	[Me=0]	[k=5]	[eval=33]	Cost=1448.0	-Ofast avx 256 256 256 16 256 4 7
[15:46:52]	[Me=0]	[k=5]	[eval=34]	Cost=1452.85	-Ofast avx 256 256 256 16 256 6 7
[15:46:53]	[Me=0]	[k=5]	[eval=35]	Cost=1352.34	-O3 avx 256 256 256 16 256 2 5
[15:46:55]	[Me=0]	[k=5]	[eval=36]	Cost=1428.88	-Ofast avx 256 256 256 16 256 5 6
[15:46:56]	[Me=0]	[k=5]	[eval=37]	Cost=1469.25	-Ofast avx 256 256 256 16 256 4 9
[15:46:58]	[Me=0]	[k=5]	[eval=38]	Cost=1310.71	-Ofast avx2 256 256 256 16 256 1 5
[15:46:59]	[Me=0]	[k=5]	[eval=39]	Cost=1377.44	-Ofast avx 256 256 256 16 256 3 6
[15:47:01]	[Me=0]	[k=5]	[eval=40]	Cost=1292.66	-O3 avx 256 256 256 16 256 1 6
[15:47:02]	[Me=0]	[k=6]	[eval=41]	Cost=1425.44	-Ofast avx 256 256 256 16 256 5 5
[15:47:03]	[Me=0]	[k=6]	[eval=42]	Cost=1427.26	-Ofast avx 256 256 256 16 256 5 6
[15:47:05]	[Me=0]	[k=6]	[eval=43]	Cost=1333.77	-O3 avx2 256 256 256 16 256 4 3
[15:47:06]	[Me=0]	[k=6]	[eval=44]	Cost=1462.37	-O3 avx2 256 256 256 16 256 5 9
[15:47:08]	[Me=0]	[k=6]	[eval=45]	Cost=1329.39	-O2 avx 256 256 256 16 256 4 3
[15:47:09]	[Me=0]	[k=6]	[eval=46]	Cost=1403.71	-Ofast avx 256 256 256 16 256 8 4
[15:47:10]	[Me=0]	[k=6]	[eval=47]	Cost=1470.4	-Ofast avx2 256 256 256 16 256 6 8
[15:47:12]	[Me=0]	[k=6]	[eval=48]	Cost=1484.48	-Ofast avx 256 256 256 16 256 4 12
[15:47:13]	[Me=0]	[k=7]	[eval=49]	Cost=1390.52	-Ofast avx 256 256 256 16 256 2 9
[15:47:15]	[Me=0]	[k=7]	[eval=50]	Cost=1435.89	-Ofast avx512 256 256 256 16 256 3 9
[15:47:16]	[Me=0]	[k=7]	[eval=51]	Cost=1478.48	-O3 avx 256 256 256 16 256 6 11
[15:47:17]	[Me=0]	[k=7]	[eval=52]	Cost=1425.61	-Ofast avx 256 256 256 16 256 2 12
[15:47:19]	[Me=0]	[k=7]	[eval=53]	Cost=1436.32	-O2 avx2 256 256 256 16 256 6 5
[15:47:20]	[Me=0]	[k=7]	[eval=54]	Cost=1317.62	-Ofast avx 256 256 256 16 256 1 10
[15:47:21]	[Me=0]	[k=7]	[eval=55]	Cost=1467.76	-Ofast avx 256 256 256 16 256 7 8
[15:47:23]	[Me=0]	[k=7]	[eval=56]	Cost=1441.47	-O3 avx 256 256 256 16 256 6 6
[15:47:24]	[Me=0]	[k=8]	[eval=57]	Cost=1350.1	-Ofast avx 256 256 256 16 256 7 3
[15:47:26]	[Me=0]	[k=8]	[eval=58]	Cost=1468.88	-O2 avx 256 256 256 16 256 6 14
[15:47:27]	[Me=0]	[k=8]	[eval=59]	Cost=1360.16	-Ofast avx512 256 256 256 16 256 9 3
[15:47:28]	[Me=0]	[k=8]	[eval=60]	Cost=1437.45	-Ofast avx512 256 256 256 16 256 6 5
[15:47:30]	[Me=0]	[k=8]	[eval=61]	Cost=1477.17	-Ofast avx 256 256 256 16 256 8 8
[15:47:31]	[Me=0]	[k=8]	[eval=62]	Cost=1463.81	-Ofast avx 256 256 256 16 256 10 11
[15:47:32]	[Me=0]	[k=8]	[eval=63]	Cost=1446.09	-O3 avx2 256 256 256 16 256 9 5
[15:47:34]	[Me=0]	[k=8]	[eval=64]	Cost=1425.31	-O3 avx2 256 256 256 16 256 4 5
[15:47:35]	[Me=0]	[k=9]	[eval=65]	Cost=1467.36	-Ofast avx2 256 256 256 16 256 10 9
[15:47:37]	[Me=0]	[k=9]	[eval=66]	Cost=1403.46	-O3 avx 256 256 256 16 256 10 4
[15:47:38]	[Me=0]	[k=9]	[eval=67]	Cost=1466.69	-O3 avx 256 256 256 16 256 9 9
[15:47:39]	[Me=0]	[k=9]	[eval=68]	Cost=1461.84	-O3 avx 256 256 256 16 256 5 9
[15:47:41]	[Me=0]	[k=9]	[eval=69]	Cost=1456.42	-Ofast avx512 256 256 256 16 256 9 13
[15:47:42]	[Me=0]	[k=9]	[eval=70]	Cost=1459.17	-Ofast avx512 256 256 256 16 256 9 14
[15:47:43]	[Me=0]	[k=9]	[eval=71]	Cost=1442.26	-Ofast avx2 256 256 256 16 256 6 6
[15:47:45]	[Me=0]	[k=9]	[eval=72]	Cost=1476.65	-Ofast avx 256 256 256 16 256 8 9
[15:47:46]	[Me=0]	[k=10]	[eval=73]	Cost=1455.54	-O3 avx 256 256 256 16 256 8 6
[15:47:48]	[Me=0]	[k=10]	[eval=74]	Cost=1476.81	-O3 avx 256 256 256 16 256 6 11
[15:47:49]	[Me=0]	[k=10]	[eval=75]	Cost=1469.31	-O3 avx512 256 256 256 16 256 6 9
[15:47:50]	[Me=0]	[k=10]	[eval=76]	Cost=1451.44	-Ofast avx 256 256 256 16 256 8 5
[15:47:54]	[Me=0]	[k=10]	[eval=77]	Cost=1048.16	-O3 avx2 256 256 256 16 256 12 1
[15:47:55]	[Me=0]	[k=10]	[eval=78]	Cost=1396.81	-O3 avx 256 256 256 16 256 11 4
[15:47:56]	[Me=0]	[k=10]	[eval=79]	Cost=1474.6	-Ofast avx 256 256 256 16 256 5 12
[15:47:58]	[Me=0]	[k=10]	[eval=80]	Cost=1478.2	-O2 avx 256 256 256 16 256 8 9
[15:47:59]	[Me=0]	[k=11]	[eval=81]	Cost=1484.1	-Ofast avx 256 256 256 16 256 8 11
[15:48:01]	[Me=0]	[k=11]	[eval=82]	Cost=1444.3	-O3 avx 256 256 256 16 256 5 7
[15:48:02]	[Me=0]	[k=11]	[eval=83]	Cost=1423.54	-O2 avx 256 256 256 16 256 4 5
[15:48:03]	[Me=0]	[k=11]	[eval=84]	Cost=1478.02	-Ofast avx 256 256 256 16 256 8 9
[15:48:05]	[Me=0]	[k=11]	[eval=85]	Cost=1464.98	-O3 avx 256 256 256 16 256 10 9
[15:48:06]	[Me=0]	[k=11]	[eval=86]	Cost=1462.64	-O3 avx 256 256 256 16 256 11 11
[15:48:07]	[Me=0]	[k=11]	[eval=87]	Cost=1465.09	-O2 avx2 256 256 256 16 256 9 11
[15:48:09]	[Me=0]	[k=11]	[eval=88]	Cost=1464.65	-Ofast avx 256 256 256 16 256 11 10
[15:48:10]	[Me=0]	[k=12]	[eval=89]	Cost=1480.74	-O3 avx 256 256 256 16 256 6 12
[15:48:11]	[Me=0]	[k=12]	[eval=90]	Cost=1475.45	-Ofast avx512 256 256 256 16 256 7 11
[15:48:13]	[Me=0]	[k=12]	[eval=91]	Cost=1471.04	-O2 avx2 256 256 256 16 256 9 10
[15:48:14]	[Me=0]	[k=12]	[eval=92]	Cost=1481.2	-O3 avx 256 256 256 16 256 8 10
[15:48:15]	[Me=0]	[k=12]	[eval=93]	Cost=1471.56	-Ofast avx 256 256 256 16 256 8 13
[15:48:17]	[Me=0]	[k=12]	[eval=94]	Cost=1445.96	-O3 avx 256 256 256 16 256 13 11
[15:48:18]	[Me=0]	[k=12]	[eval=95]	Cost=1463.75	-Ofast avx 256 256 256 16 256 9 9
[15:48:19]	[Me=0]	[k=12]	[eval=96]	Cost=1466.73	-O3 avx 256 256 256 16 256 6 8
[15:48:21]	[Me=0]	[k=13]	[eval=97]	Cost=1481.63	-O2 avx 256 256 256 16 256 8 11
[15:48:22]	[Me=0]	[k=13]	[eval=98]	Cost=1479.97	-O3 avx2 256 256 256 16 256 8 9
[15:48:24]	[Me=0]	[k=13]	[eval=99]	Cost=1473.49	-O2 avx 256 256 256 16 256 6 11
[15:48:25]	[Me=0]	[k=13]	[eval=100]	Cost=1473.03	-O3 avx 256 256 256 16 256 7 11
[15:48:27]	[Me=0]	[k=13]	[eval=101]	Cost=1469.31	-O3 avx 256 256 256 16 256 6 9
[15:48:28]	[Me=0]	[k=13]	[eval=102]	Cost=1468.65	-O2 avx 256 256 256 16 256 6 9
[15:48:29]	[Me=0]	[k=13]	[eval=103]	Cost=1474.66	-O3 avx 256 256 256 16 256 7 10
[15:48:31]	[Me=0]	[k=13]	[eval=104]	Cost=1472.27	-O2 avx 256 256 256 16 256 5 13
[15:48:32]	[Me=0]	[k=14]	[eval=105]	Cost=1483.58	-O3 avx 256 256 256 16 256 8 10
[info] [Me=0] Path taken:
[info] [Me=0] Best solution found:
	1482.64 -Ofast avx 256 256 256 16 256 4 12

[info] [Me=0] Gathering solutions from all processes
[info] [Me=0] Best solutions:
	1482.64 -Ofast avx 256 256 256 16 256 4 12 Final evaluation: 1485.71
[info] [Me=0] Best overall:
	1485.71 -Ofast avx 256 256 256 16 256 4 12
[info] [Me=0] Total cost evaluations: 106
[info] [Me=0] Elapsed time: 3.34 seconds
[info] [Me=0] Run finished. Logs can be found at convergence_run_cmaes0.log.
