[info] [Me=0] Args:
	algorithm: csa
	batch: False
	flexible_shape: False
	hparams: {}
	log: convergence_alg4_run1.log
	phase: run
	problem_size: [256, 256, 256]
	program_path: iso3dfd-st7
	seed: 33
	steps: 100
	use_energy: False
[info] [Me=0] Hyperparameters:
	popsize: 6
	t0: 1000
[info] [Me=0] real seed: 33
[info] [Me=0] Simulator initialized
[22:00:06]	[Me=0]	[k=0]	[eval=1]	Cost=1321.62	-O2 avx 256 256 256 16 256 3 3	(Initial)
[22:00:07]	[Me=0]	[k=1]	[eval=2]	Cost=1340.56	-O2 avx 256 256 256 16 256 4 3
[22:00:09]	[Me=0]	[k=1]	[eval=3]	Cost=1335.47	-O2 avx 256 256 256 16 256 3 4
[22:00:10]	[Me=0]	[k=1]	[eval=4]	Cost=1297.59	-O2 avx 256 256 256 16 256 2 3
[22:00:12]	[Me=0]	[k=1]	[eval=5]	Cost=1299.7	-O2 avx 256 256 256 16 256 2 3
[22:00:13]	[Me=0]	[k=1]	[eval=6]	Cost=1321.34	-O3 avx 256 256 256 16 256 3 3
[22:00:15]	[Me=0]	[k=1]	[eval=7]	Cost=1240.34	-O2 avx 256 256 256 16 256 3 2
[22:00:16]	[Me=0]	[k=2]	[eval=8]	Cost=1238.71	-O2 avx2 256 256 256 16 256 3 2
[22:00:18]	[Me=0]	[k=2]	[eval=9]	Cost=1338.77	-O2 avx512 256 256 256 16 256 4 3
[22:00:19]	[Me=0]	[k=2]	[eval=10]	Cost=1321.04	-O2 avx 256 256 256 16 256 3 3
[22:00:21]	[Me=0]	[k=2]	[eval=11]	Cost=1297.81	-O3 avx 256 256 256 16 256 2 3
[22:00:22]	[Me=0]	[k=2]	[eval=12]	Cost=1316.84	-O2 avx 256 256 256 16 256 3 3
[22:00:24]	[Me=0]	[k=2]	[eval=13]	Cost=1319.33	-Ofast avx 256 256 256 16 256 3 3
[22:00:25]	[Me=0]	[k=3]	[eval=14]	Cost=1336.12	-O2 avx 256 256 256 16 256 4 3
[22:00:27]	[Me=0]	[k=3]	[eval=15]	Cost=1312.1	-O3 avx 256 256 256 16 256 2 4
[22:00:28]	[Me=0]	[k=3]	[eval=16]	Cost=1236.19	-Ofast avx 256 256 256 16 256 3 2
[22:00:30]	[Me=0]	[k=3]	[eval=17]	Cost=1321.48	-O3 avx 256 256 256 16 256 3 3
[22:00:31]	[Me=0]	[k=3]	[eval=18]	Cost=1299.32	-O3 avx2 256 256 256 16 256 2 3
[22:00:33]	[Me=0]	[k=3]	[eval=19]	Cost=1209.58	-O2 avx2 256 256 256 16 256 2 2
[22:00:34]	[Me=0]	[k=4]	[eval=20]	Cost=1218.35	-O3 avx2 256 256 256 16 256 2 2
[22:00:36]	[Me=0]	[k=4]	[eval=21]	Cost=1321.15	-O2 avx 256 256 256 16 256 3 3
[22:00:38]	[Me=0]	[k=4]	[eval=22]	Cost=1234.88	-O3 avx 256 256 256 16 256 3 2
[22:00:40]	[Me=0]	[k=4]	[eval=23]	Cost=1367.68	-O2 avx 256 256 256 16 256 4 4
[22:00:41]	[Me=0]	[k=4]	[eval=24]	Cost=1339.86	-O2 avx512 256 256 256 16 256 4 3
[22:00:43]	[Me=0]	[k=4]	[eval=25]	Cost=1254.52	-Ofast avx 256 256 256 16 256 4 2
[22:00:44]	[Me=0]	[k=5]	[eval=26]	Cost=1254.31	-O2 avx 256 256 256 16 256 4 2
[22:00:46]	[Me=0]	[k=5]	[eval=27]	Cost=1337.51	-O2 avx512 256 256 256 16 256 4 3
[22:00:50]	[Me=0]	[k=5]	[eval=28]	Cost=1217.17	-O3 avx 256 256 256 16 256 2 2
[22:00:51]	[Me=0]	[k=5]	[eval=29]	Cost=1326.99	-O2 avx512 256 256 256 16 256 5 3
[22:00:53]	[Me=0]	[k=5]	[eval=30]	Cost=1369.28	-O2 avx512 256 256 256 16 256 4 4
[22:00:54]	[Me=0]	[k=5]	[eval=31]	Cost=1253.82	-O2 avx 256 256 256 16 256 4 2
[22:00:56]	[Me=0]	[k=6]	[eval=32]	Cost=1252.57	-Ofast avx 256 256 256 16 256 4 2
[22:00:57]	[Me=0]	[k=6]	[eval=33]	Cost=1366.83	-O2 avx512 256 256 256 16 256 4 4
[22:00:59]	[Me=0]	[k=6]	[eval=34]	Cost=1366.47	-O2 avx512 256 256 256 16 256 5 4
[22:01:00]	[Me=0]	[k=6]	[eval=35]	Cost=1241.71	-O2 avx 256 256 256 16 256 5 2
[22:01:02]	[Me=0]	[k=6]	[eval=36]	Cost=1368.21	-O2 avx2 256 256 256 16 256 4 4
[22:01:03]	[Me=0]	[k=6]	[eval=37]	Cost=1055.71	-O2 avx 256 256 256 16 256 4 1
[22:01:05]	[Me=0]	[k=7]	[eval=38]	Cost=1327.66	-O2 avx512 256 256 256 16 256 5 3
[22:01:06]	[Me=0]	[k=7]	[eval=39]	Cost=1367.91	-O2 avx512 256 256 256 16 256 4 4
[22:01:08]	[Me=0]	[k=7]	[eval=40]	Cost=1252.67	-O2 avx 256 256 256 16 256 4 2
[22:01:09]	[Me=0]	[k=7]	[eval=41]	Cost=1366.25	-O2 avx 256 256 256 16 256 4 4
[22:01:11]	[Me=0]	[k=7]	[eval=42]	Cost=1240.59	-O3 avx 256 256 256 16 256 5 2
[22:01:12]	[Me=0]	[k=7]	[eval=43]	Cost=1368.9	-O2 avx512 256 256 256 16 256 4 4
[22:01:14]	[Me=0]	[k=8]	[eval=44]	Cost=1367.46	-O2 avx512 256 256 256 16 256 4 4
[22:01:15]	[Me=0]	[k=8]	[eval=45]	Cost=1367.64	-O3 avx512 256 256 256 16 256 4 4
[22:01:16]	[Me=0]	[k=8]	[eval=46]	Cost=1366.12	-Ofast avx 256 256 256 16 256 4 4
[22:01:18]	[Me=0]	[k=8]	[eval=47]	Cost=1331.42	-O2 avx512 256 256 256 16 256 3 4
[22:01:19]	[Me=0]	[k=8]	[eval=48]	Cost=1335.51	-O2 avx512 256 256 256 16 256 4 3
[22:01:21]	[Me=0]	[k=8]	[eval=49]	Cost=1251.4	-O3 avx 256 256 256 16 256 4 2
[22:01:22]	[Me=0]	[k=9]	[eval=50]	Cost=1368.46	-O3 avx512 256 256 256 16 256 5 4
[22:01:24]	[Me=0]	[k=9]	[eval=51]	Cost=1253.51	-O2 avx 256 256 256 16 256 4 2
[22:01:25]	[Me=0]	[k=9]	[eval=52]	Cost=1367.36	-O3 avx512 256 256 256 16 256 4 4
[22:01:27]	[Me=0]	[k=9]	[eval=53]	Cost=1337.19	-Ofast avx 256 256 256 16 256 4 3
[22:01:28]	[Me=0]	[k=9]	[eval=54]	Cost=1253.93	-O3 avx2 256 256 256 16 256 4 2
[22:01:30]	[Me=0]	[k=9]	[eval=55]	Cost=1332.08	-O2 avx512 256 256 256 16 256 3 4
[22:01:31]	[Me=0]	[k=10]	[eval=56]	Cost=1366.89	-O3 avx512 256 256 256 16 256 4 4
[22:01:32]	[Me=0]	[k=10]	[eval=57]	Cost=1330.08	-O3 avx512 256 256 256 16 256 3 4
[22:01:34]	[Me=0]	[k=10]	[eval=58]	Cost=1339.57	-O3 avx2 256 256 256 16 256 4 3
[22:01:35]	[Me=0]	[k=10]	[eval=59]	Cost=1366.29	-Ofast avx 256 256 256 16 256 4 4
[22:01:37]	[Me=0]	[k=10]	[eval=60]	Cost=1253.37	-Ofast avx2 256 256 256 16 256 4 2
[22:01:38]	[Me=0]	[k=10]	[eval=61]	Cost=1337.24	-Ofast avx512 256 256 256 16 256 4 3
[22:01:40]	[Me=0]	[k=11]	[eval=62]	Cost=1320.7	-O3 avx512 256 256 256 16 256 3 3
[22:01:41]	[Me=0]	[k=11]	[eval=63]	Cost=1367.65	-O2 avx 256 256 256 16 256 4 4
[22:01:43]	[Me=0]	[k=11]	[eval=64]	Cost=1337.71	-O3 avx 256 256 256 16 256 4 3
[22:01:47]	[Me=0]	[k=11]	[eval=65]	Cost=1362.57	-O2 avx512 256 256 256 16 256 4 4
[22:01:51]	[Me=0]	[k=11]	[eval=66]	Cost=1329.65	-O3 avx2 256 256 256 16 256 3 4
[22:01:52]	[Me=0]	[k=11]	[eval=67]	Cost=1362.7	-O3 avx2 256 256 256 16 256 4 4
[22:01:54]	[Me=0]	[k=12]	[eval=68]	Cost=1430.38	-O2 avx 256 256 256 16 256 4 5
[22:01:55]	[Me=0]	[k=12]	[eval=69]	Cost=1338.98	-O3 avx512 256 256 256 16 256 4 3
[22:01:56]	[Me=0]	[k=12]	[eval=70]	Cost=1320.88	-O3 avx2 256 256 256 16 256 3 3
[22:01:58]	[Me=0]	[k=12]	[eval=71]	Cost=1314.34	-O3 avx2 256 256 256 16 256 3 3
[22:01:59]	[Me=0]	[k=12]	[eval=72]	Cost=1314.72	-O3 avx2 256 256 256 16 256 3 3
[22:02:01]	[Me=0]	[k=12]	[eval=73]	Cost=1338.74	-O3 avx2 256 256 256 16 256 4 3
[22:02:02]	[Me=0]	[k=13]	[eval=74]	Cost=1299.66	-O3 avx2 256 256 256 16 256 2 3
[22:02:04]	[Me=0]	[k=13]	[eval=75]	Cost=1321.72	-Ofast avx2 256 256 256 16 256 3 3
[22:02:05]	[Me=0]	[k=13]	[eval=76]	Cost=1336.4	-O3 avx512 256 256 256 16 256 4 3
[22:02:07]	[Me=0]	[k=13]	[eval=77]	Cost=1331.1	-O3 avx2 256 256 256 16 256 3 4
[22:02:08]	[Me=0]	[k=13]	[eval=78]	Cost=1318.09	-O2 avx2 256 256 256 16 256 3 3
[22:02:10]	[Me=0]	[k=13]	[eval=79]	Cost=1338.76	-O3 avx2 256 256 256 16 256 4 3
[22:02:11]	[Me=0]	[k=14]	[eval=80]	Cost=1319.38	-O2 avx2 256 256 256 16 256 3 3
[22:02:13]	[Me=0]	[k=14]	[eval=81]	Cost=1252.84	-O3 avx512 256 256 256 16 256 4 2
[22:02:14]	[Me=0]	[k=14]	[eval=82]	Cost=1334.48	-O2 avx2 256 256 256 16 256 4 3
[22:02:15]	[Me=0]	[k=14]	[eval=83]	Cost=1329.17	-Ofast avx2 256 256 256 16 256 3 4
[22:02:17]	[Me=0]	[k=14]	[eval=84]	Cost=1237.6	-O3 avx2 256 256 256 16 256 1 3
[22:02:18]	[Me=0]	[k=14]	[eval=85]	Cost=1312.26	-O3 avx2 256 256 256 16 256 2 4
[22:02:20]	[Me=0]	[k=15]	[eval=86]	Cost=1313.24	-O3 avx512 256 256 256 16 256 2 4
[22:02:21]	[Me=0]	[k=15]	[eval=87]	Cost=1330.22	-O2 avx2 256 256 256 16 256 3 4
[22:02:23]	[Me=0]	[k=15]	[eval=88]	Cost=1326.96	-O3 avx512 256 256 256 16 256 5 3
[22:02:24]	[Me=0]	[k=15]	[eval=89]	Cost=1312.38	-O3 avx 256 256 256 16 256 2 4
[22:02:26]	[Me=0]	[k=15]	[eval=90]	Cost=1330.16	-Ofast avx 256 256 256 16 256 3 4
[22:02:27]	[Me=0]	[k=15]	[eval=91]	Cost=1240.47	-Ofast avx2 256 256 256 16 256 1 3
[22:02:29]	[Me=0]	[k=16]	[eval=92]	Cost=1336.05	-Ofast avx2 256 256 256 16 256 3 4
[22:02:30]	[Me=0]	[k=16]	[eval=93]	Cost=1369.0	-O3 avx512 256 256 256 16 256 5 4
[22:02:32]	[Me=0]	[k=16]	[eval=94]	Cost=1310.87	-O2 avx512 256 256 256 16 256 2 4
[22:02:33]	[Me=0]	[k=16]	[eval=95]	Cost=1332.58	-O3 avx 256 256 256 16 256 3 4
[22:02:34]	[Me=0]	[k=16]	[eval=96]	Cost=1276.71	-O3 avx 256 256 256 16 256 1 4
[22:02:36]	[Me=0]	[k=16]	[eval=97]	Cost=1311.49	-O2 avx512 256 256 256 16 256 2 4
[22:02:37]	[Me=0]	[k=17]	[eval=98]	Cost=1368.51	-Ofast avx512 256 256 256 16 256 5 4
[22:02:39]	[Me=0]	[k=17]	[eval=99]	Cost=1331.31	-O2 avx512 256 256 256 16 256 3 4
[22:02:40]	[Me=0]	[k=17]	[eval=100]	Cost=1320.46	-Ofast avx2 256 256 256 16 256 3 3
[22:02:42]	[Me=0]	[k=17]	[eval=101]	Cost=1355.66	-O2 avx512 256 256 256 16 256 2 5
[22:02:43]	[Me=0]	[k=17]	[eval=102]	Cost=1298.62	-O2 avx512 256 256 256 16 256 2 3
[22:02:45]	[Me=0]	[k=17]	[eval=103]	Cost=1332.91	-O2 avx2 256 256 256 16 256 3 4
[info] [Me=0] Path taken:
	1321.62 -O2 avx 256 256 256 16 256 3 3
	1340.56 -O2 avx 256 256 256 16 256 4 3
	1367.68 -O2 avx 256 256 256 16 256 4 4
	1369.28 -O2 avx512 256 256 256 16 256 4 4
	1430.38 -O2 avx 256 256 256 16 256 4 5
[info] [Me=0] Best solution found:
	1430.38 -O2 avx 256 256 256 16 256 4 5

[info] [Me=0] Gathering solutions from all processes
[info] [Me=0] Best solutions:
	1430.38 -O2 avx 256 256 256 16 256 4 5 Final evaluation: 1428.23
[info] [Me=0] Best overall:
	1428.23 -O2 avx 256 256 256 16 256 4 5
[info] [Me=0] Total cost evaluations: 103
[info] [Me=0] Elapsed time: 3.48 seconds
[info] [Me=0] Run finished. Logs can be found at convergence_alg4_run1.log.
