[info] [Me=0] Args:
	algorithm: hill_climbing
	batch: False
	flexible_shape: False
	hparams: {}
	log: convergence_alg0_run0.log
	phase: run
	problem_size: [256, 256, 256]
	program_path: iso3dfd-st7
	seed: 33
	steps: 100
	use_energy: False
[info] [Me=0] Hyperparameters:
[info] [Me=0] real seed: 33
[info] [Me=0] Simulator initialized
[info] [Me=0] Starting hill_climbing
[21:08:51]	[Me=0]	[k=0]	[eval=1]	Cost=1318.26	-O2 avx 256 256 256 16 256 3 3	(Initial)
[21:08:52]	[Me=0]	[k=1]	[eval=2]	Cost=1321.85	-O2 avx512 256 256 256 16 256 3 3	(New best!)
[21:08:54]	[Me=0]	[k=2]	[eval=3]	Cost=1315.29	-O2 avx2 256 256 256 16 256 3 3
[21:08:55]	[Me=0]	[k=3]	[eval=4]	Cost=1334.69	-O2 avx512 256 256 256 16 256 3 4	(New best!)
[21:08:57]	[Me=0]	[k=4]	[eval=5]	Cost=1309.07	-O2 avx512 256 256 256 16 256 2 4
[21:08:58]	[Me=0]	[k=5]	[eval=6]	Cost=1329.33	-O2 avx2 256 256 256 16 256 3 4
[21:08:59]	[Me=0]	[k=6]	[eval=7]	Cost=1379.83	-O2 avx512 256 256 256 16 256 3 5	(New best!)
[21:09:01]	[Me=0]	[k=7]	[eval=8]	Cost=1376.54	-O2 avx 256 256 256 16 256 3 5
[21:09:02]	[Me=0]	[k=8]	[eval=9]	Cost=1330.73	-O2 avx512 256 256 256 16 256 3 4
[21:09:04]	[Me=0]	[k=9]	[eval=10]	Cost=1428.65	-O2 avx512 256 256 256 16 256 4 5	(New best!)
[21:09:05]	[Me=0]	[k=10]	[eval=11]	Cost=1426.84	-O2 avx512 256 256 256 16 256 5 5
[21:09:06]	[Me=0]	[k=11]	[eval=12]	Cost=1366.2	-O2 avx512 256 256 256 16 256 4 4
[21:09:08]	[Me=0]	[k=12]	[eval=13]	Cost=1380.27	-O2 avx512 256 256 256 16 256 3 5
[21:09:09]	[Me=0]	[k=13]	[eval=14]	Cost=1429.89	-O2 avx2 256 256 256 16 256 4 5	(New best!)
[21:09:11]	[Me=0]	[k=14]	[eval=15]	Cost=1432.29	-O2 avx2 256 256 256 16 256 4 6	(New best!)
[21:09:12]	[Me=0]	[k=15]	[eval=16]	Cost=1384.97	-O2 avx2 256 256 256 16 256 3 6
[21:09:13]	[Me=0]	[k=16]	[eval=17]	Cost=1431.31	-O2 avx2 256 256 256 16 256 4 5
[21:09:15]	[Me=0]	[k=17]	[eval=18]	Cost=1451.63	-O2 avx2 256 256 256 16 256 4 7	(New best!)
[21:09:16]	[Me=0]	[k=18]	[eval=19]	Cost=1447.39	-Ofast avx2 256 256 256 16 256 4 7
[21:09:18]	[Me=0]	[k=19]	[eval=20]	Cost=1452.51	-O2 avx 256 256 256 16 256 4 7	(New best!)
[21:09:20]	[Me=0]	[k=20]	[eval=21]	Cost=1432.88	-O2 avx 256 256 256 16 256 4 6
[21:09:22]	[Me=0]	[k=21]	[eval=22]	Cost=1450.99	-O2 avx512 256 256 256 16 256 4 7
[21:09:25]	[Me=0]	[k=22]	[eval=23]	Cost=1447.69	-O2 avx 256 256 256 16 256 5 7
[21:09:27]	[Me=0]	[k=23]	[eval=24]	Cost=1406.76	-O2 avx 256 256 256 16 256 3 7
[21:09:28]	[Me=0]	[k=24]	[eval=25]	Cost=1452.41	-O3 avx 256 256 256 16 256 4 7
[21:09:30]	[Me=0]	[k=25]	[eval=26]	Cost=1462.33	-O2 avx 256 256 256 16 256 4 8	(New best!)
[21:09:39]	[Me=0]	[k=26]	[eval=27]	Cost=1449.95	-O2 avx 256 256 256 16 256 4 7
[21:09:40]	[Me=0]	[k=27]	[eval=28]	Cost=1470.58	-O2 avx 256 256 256 16 256 4 9	(New best!)
[21:09:42]	[Me=0]	[k=28]	[eval=29]	Cost=1439.47	-O2 avx 256 256 256 16 256 3 9
[21:09:44]	[Me=0]	[k=29]	[eval=30]	Cost=1473.42	-O2 avx512 256 256 256 16 256 4 9	(New best!)
[21:09:47]	[Me=0]	[k=30]	[eval=31]	Cost=1469.78	-O2 avx2 256 256 256 16 256 4 9
[21:09:49]	[Me=0]	[k=31]	[eval=32]	Cost=1472.96	-O3 avx512 256 256 256 16 256 4 9
[21:09:51]	[Me=0]	[k=32]	[eval=33]	Cost=1471.24	-Ofast avx512 256 256 256 16 256 4 9
[21:09:53]	[Me=0]	[k=33]	[eval=34]	Cost=1461.97	-O2 avx512 256 256 256 16 256 5 9
[21:09:56]	[Me=0]	[k=34]	[eval=35]	Cost=1463.93	-O2 avx512 256 256 256 16 256 4 8
[21:09:57]	[Me=0]	[k=35]	[eval=36]	Cost=1468.27	-O2 avx 256 256 256 16 256 4 9
[21:09:59]	[Me=0]	[k=36]	[eval=37]	Cost=1438.19	-O2 avx512 256 256 256 16 256 3 9
[21:10:00]	[Me=0]	[k=37]	[eval=38]	Cost=1480.23	-O2 avx512 256 256 256 16 256 4 10	(New best!)
[21:10:01]	[Me=0]	[k=38]	[eval=39]	Cost=1478.1	-Ofast avx512 256 256 256 16 256 4 10
[21:10:03]	[Me=0]	[k=39]	[eval=40]	Cost=1470.21	-O2 avx512 256 256 256 16 256 4 9
[21:10:05]	[Me=0]	[k=40]	[eval=41]	Cost=1479.63	-O2 avx2 256 256 256 16 256 4 10
[21:10:06]	[Me=0]	[k=41]	[eval=42]	Cost=1484.49	-O2 avx 256 256 256 16 256 4 10	(New best!)
[21:10:07]	[Me=0]	[k=42]	[eval=43]	Cost=1451.5	-O2 avx 256 256 256 16 256 3 10
[21:10:09]	[Me=0]	[k=43]	[eval=44]	Cost=1482.85	-O2 avx512 256 256 256 16 256 4 10
[21:10:10]	[Me=0]	[k=44]	[eval=45]	Cost=1479.43	-O3 avx 256 256 256 16 256 4 10
[21:10:11]	[Me=0]	[k=45]	[eval=46]	Cost=1472.82	-O2 avx 256 256 256 16 256 5 10
[21:10:13]	[Me=0]	[k=46]	[eval=47]	Cost=1471.26	-O2 avx 256 256 256 16 256 4 9
[21:10:14]	[Me=0]	[k=47]	[eval=48]	Cost=1481.49	-O2 avx 256 256 256 16 256 4 11
[21:10:15]	[Me=0]	[k=48]	[eval=49]	Cost=1478.58	-O2 avx2 256 256 256 16 256 4 10
[21:10:17]	[Me=0]	[k=49]	[eval=50]	Cost=1483.69	-Ofast avx 256 256 256 16 256 4 10
[info] [Me=0] Algorithm exited: Best solution neighborhood was fully explored 
[info] [Me=0] Path taken:
	1318.26 -O2 avx 256 256 256 16 256 3 3
	1321.85 -O2 avx512 256 256 256 16 256 3 3
	1334.69 -O2 avx512 256 256 256 16 256 3 4
	1379.83 -O2 avx512 256 256 256 16 256 3 5
	1428.65 -O2 avx512 256 256 256 16 256 4 5
	1429.89 -O2 avx2 256 256 256 16 256 4 5
	1432.29 -O2 avx2 256 256 256 16 256 4 6
	1451.63 -O2 avx2 256 256 256 16 256 4 7
	1452.51 -O2 avx 256 256 256 16 256 4 7
	1462.33 -O2 avx 256 256 256 16 256 4 8
	1470.58 -O2 avx 256 256 256 16 256 4 9
	1473.42 -O2 avx512 256 256 256 16 256 4 9
	1480.23 -O2 avx512 256 256 256 16 256 4 10
	1484.49 -O2 avx 256 256 256 16 256 4 10
[info] [Me=0] Best solution found:
	1484.49 -O2 avx 256 256 256 16 256 4 10

[info] [Me=0] Gathering solutions from all processes
[info] [Me=0] Best solutions:
	1484.49 -O2 avx 256 256 256 16 256 4 10 Final evaluation: 1481.62
[info] [Me=0] Best overall:
	1481.62 -O2 avx 256 256 256 16 256 4 10
[info] [Me=0] Total cost evaluations: 50
[info] [Me=0] Elapsed time: 3.34 seconds
[info] [Me=0] Run finished. Logs can be found at convergence_alg0_run0.log.
