[info] [Me=0] Args:
	algorithm: simulated_annealing
	batch: False
	flexible_shape: False
	hparams: {"t0":20}
	log: convergence_alg3_run4.log
	phase: run
	problem_size: [256, 256, 256]
	program_path: iso3dfd-st7
	seed: 33
	steps: 100
	use_energy: False
[info] [Me=0] Hyperparameters:
	t0: 20
[info] [Me=0] real seed: 33
[info] [Me=0] Simulator initialized
[info] [Me=0] Starting simulated_annealing
[21:43:11]	[Me=0]	[k=0]	[eval=1]	Cost=1321.7	-O2 avx 256 256 256 16 256 3 3	(Initial)
[21:43:13]	[Me=0]	[k=1]	[eval=2]	Cost=1319.82	-O2 avx512 256 256 256 16 256 3 3	(Risky choice !)
[21:43:14]	[Me=0]	[k=2]	[eval=3]	Cost=1297.45	-O2 avx512 256 256 256 16 256 2 3
[21:43:15]	[Me=0]	[k=3]	[eval=4]	Cost=1320.29	-O2 avx 256 256 256 16 256 3 3
[21:43:17]	[Me=0]	[k=4]	[eval=5]	Cost=1337.84	-O2 avx 256 256 256 16 256 4 3	(New best)
[21:43:18]	[Me=0]	[k=5]	[eval=6]	Cost=1366.15	-O2 avx 256 256 256 16 256 4 4	(New best)
[21:43:20]	[Me=0]	[k=6]	[eval=7]	Cost=1427.16	-O2 avx 256 256 256 16 256 4 5	(New best)
[21:43:21]	[Me=0]	[k=7]	[eval=8]	Cost=1379.26	-O2 avx 256 256 256 16 256 3 5
[21:43:22]	[Me=0]	[k=8]	[eval=9]	Cost=1429.53	-O3 avx 256 256 256 16 256 4 5	(New best)
[21:43:24]	[Me=0]	[k=9]	[eval=10]	Cost=1378.92	-O3 avx 256 256 256 16 256 3 5
[21:43:25]	[Me=0]	[k=10]	[eval=11]	Cost=1427.49	-O3 avx 256 256 256 16 256 4 6
[21:43:27]	[Me=0]	[k=11]	[eval=12]	Cost=1367.16	-O3 avx 256 256 256 16 256 4 4
[21:43:27]	[Me=0]	[k=12]	[eval=12]	Cost=1378.92	-O3 avx 256 256 256 16 256 3 5
[21:43:28]	[Me=0]	[k=13]	[eval=13]	Cost=1429.94	-O3 avx2 256 256 256 16 256 4 5	(New best)
[21:43:29]	[Me=0]	[k=14]	[eval=14]	Cost=1426.88	-Ofast avx2 256 256 256 16 256 4 5
[21:43:31]	[Me=0]	[k=15]	[eval=15]	Cost=1424.71	-O3 avx2 256 256 256 16 256 5 5
[21:43:32]	[Me=0]	[k=16]	[eval=16]	Cost=1377.28	-O3 avx2 256 256 256 16 256 3 5
[21:43:32]	[Me=0]	[k=17]	[eval=16]	Cost=1426.88	-Ofast avx2 256 256 256 16 256 4 5
[21:43:32]	[Me=0]	[k=18]	[eval=16]	Cost=1426.88	-Ofast avx2 256 256 256 16 256 4 5
[21:43:34]	[Me=0]	[k=19]	[eval=17]	Cost=1428.09	-O3 avx 256 256 256 16 256 4 5	(Risky choice !)
[21:43:35]	[Me=0]	[k=20]	[eval=18]	Cost=1425.9	-O3 avx 256 256 256 16 256 5 5	(Risky choice !)
[21:43:36]	[Me=0]	[k=21]	[eval=19]	Cost=1430.26	-O3 avx 256 256 256 16 256 4 5	(New best)
[21:43:38]	[Me=0]	[k=22]	[eval=20]	Cost=1368.72	-O3 avx 256 256 256 16 256 4 4
[21:43:39]	[Me=0]	[k=23]	[eval=21]	Cost=1429.42	-Ofast avx 256 256 256 16 256 4 5
[21:43:41]	[Me=0]	[k=24]	[eval=22]	Cost=1428.31	-O3 avx 256 256 256 16 256 5 5
[21:43:41]	[Me=0]	[k=25]	[eval=22]	Cost=1429.42	-Ofast avx 256 256 256 16 256 4 5	(Risky choice !)
[21:43:42]	[Me=0]	[k=26]	[eval=23]	Cost=1429.09	-O3 avx 256 256 256 16 256 4 5	(Risky choice !)
[21:43:43]	[Me=0]	[k=27]	[eval=24]	Cost=1428.46	-O3 avx 256 256 256 16 256 5 5	(Risky choice !)
[21:43:45]	[Me=0]	[k=28]	[eval=25]	Cost=1369.12	-O3 avx 256 256 256 16 256 5 4
[21:43:46]	[Me=0]	[k=29]	[eval=26]	Cost=1424.29	-O3 avx2 256 256 256 16 256 5 5
[21:43:46]	[Me=0]	[k=30]	[eval=26]	Cost=1369.12	-O3 avx 256 256 256 16 256 5 4
[21:43:47]	[Me=0]	[k=31]	[eval=27]	Cost=1431.27	-O3 avx 256 256 256 16 256 5 6	(New best)
[21:43:49]	[Me=0]	[k=32]	[eval=28]	Cost=1444.54	-O3 avx 256 256 256 16 256 6 6	(New best)
[21:43:50]	[Me=0]	[k=33]	[eval=29]	Cost=1455.1	-O3 avx 256 256 256 16 256 6 7	(New best)
[21:43:52]	[Me=0]	[k=34]	[eval=30]	Cost=1448.3	-O3 avx 256 256 256 16 256 5 7
[21:43:53]	[Me=0]	[k=35]	[eval=31]	Cost=1455.56	-O2 avx 256 256 256 16 256 6 7	(New best)
[21:43:54]	[Me=0]	[k=36]	[eval=32]	Cost=1470.7	-O2 avx 256 256 256 16 256 6 8	(New best)
[21:43:56]	[Me=0]	[k=37]	[eval=33]	Cost=1455.48	-O2 avx 256 256 256 16 256 6 7
[21:43:57]	[Me=0]	[k=38]	[eval=34]	Cost=1464.4	-O2 avx 256 256 256 16 256 7 8
[21:43:58]	[Me=0]	[k=39]	[eval=35]	Cost=1472.4	-O2 avx2 256 256 256 16 256 6 8	(New best)
[21:44:00]	[Me=0]	[k=40]	[eval=36]	Cost=1469.69	-Ofast avx2 256 256 256 16 256 6 8
[21:44:01]	[Me=0]	[k=41]	[eval=37]	Cost=1474.18	-O2 avx2 256 256 256 16 256 6 9	(New best)
[21:44:02]	[Me=0]	[k=42]	[eval=38]	Cost=1469.72	-O2 avx2 256 256 256 16 256 7 9
[21:44:04]	[Me=0]	[k=43]	[eval=39]	Cost=1471.26	-O2 avx512 256 256 256 16 256 6 9
[21:44:05]	[Me=0]	[k=44]	[eval=40]	Cost=1477.79	-O2 avx2 256 256 256 16 256 6 10	(New best)
[21:44:06]	[Me=0]	[k=45]	[eval=41]	Cost=1478.73	-Ofast avx2 256 256 256 16 256 6 10	(New best)
[21:44:08]	[Me=0]	[k=46]	[eval=42]	Cost=1479.24	-O3 avx2 256 256 256 16 256 6 10	(New best)
[21:44:09]	[Me=0]	[k=47]	[eval=43]	Cost=1471.97	-O3 avx2 256 256 256 16 256 5 10
[21:44:10]	[Me=0]	[k=48]	[eval=44]	Cost=1473.8	-O3 avx2 256 256 256 16 256 6 9
[21:44:10]	[Me=0]	[k=49]	[eval=44]	Cost=1473.8	-O3 avx2 256 256 256 16 256 6 9
[21:44:12]	[Me=0]	[k=50]	[eval=45]	Cost=1477.08	-O3 avx2 256 256 256 16 256 6 11
[21:44:12]	[Me=0]	[k=51]	[eval=45]	Cost=1473.8	-O3 avx2 256 256 256 16 256 6 9
[21:44:13]	[Me=0]	[k=52]	[eval=46]	Cost=1478.77	-O3 avx2 256 256 256 16 256 7 10
[21:44:14]	[Me=0]	[k=53]	[eval=47]	Cost=1479.03	-O3 avx512 256 256 256 16 256 6 10
[21:44:14]	[Me=0]	[k=54]	[eval=47]	Cost=1478.77	-O3 avx2 256 256 256 16 256 7 10
[21:44:14]	[Me=0]	[k=55]	[eval=47]	Cost=1471.97	-O3 avx2 256 256 256 16 256 5 10
[21:44:14]	[Me=0]	[k=56]	[eval=47]	Cost=1479.03	-O3 avx512 256 256 256 16 256 6 10
[21:44:14]	[Me=0]	[k=57]	[eval=47]	Cost=1478.77	-O3 avx2 256 256 256 16 256 7 10
[21:44:14]	[Me=0]	[k=58]	[eval=47]	Cost=1473.8	-O3 avx2 256 256 256 16 256 6 9
[21:44:14]	[Me=0]	[k=59]	[eval=47]	Cost=1478.77	-O3 avx2 256 256 256 16 256 7 10
[21:44:14]	[Me=0]	[k=60]	[eval=47]	Cost=1478.77	-O3 avx2 256 256 256 16 256 7 10
[21:44:16]	[Me=0]	[k=61]	[eval=48]	Cost=1480.88	-O2 avx2 256 256 256 16 256 6 10	(New best)
[21:44:17]	[Me=0]	[k=62]	[eval=49]	Cost=1479.19	-Ofast avx2 256 256 256 16 256 6 10
[21:44:18]	[Me=0]	[k=63]	[eval=50]	Cost=1480.15	-O3 avx2 256 256 256 16 256 6 10
[21:44:18]	[Me=0]	[k=64]	[eval=50]	Cost=1480.15	-O3 avx2 256 256 256 16 256 6 10
[21:44:20]	[Me=0]	[k=65]	[eval=51]	Cost=1478.79	-O2 avx 256 256 256 16 256 6 10
[21:44:20]	[Me=0]	[k=66]	[eval=51]	Cost=1478.79	-O2 avx 256 256 256 16 256 6 10
[21:44:20]	[Me=0]	[k=67]	[eval=51]	Cost=1480.15	-O3 avx2 256 256 256 16 256 6 10
[21:44:20]	[Me=0]	[k=68]	[eval=51]	Cost=1479.19	-Ofast avx2 256 256 256 16 256 6 10
[21:44:21]	[Me=0]	[k=69]	[eval=52]	Cost=1480.05	-O2 avx2 256 256 256 16 256 7 10
[21:44:22]	[Me=0]	[k=70]	[eval=53]	Cost=1477.65	-O2 avx512 256 256 256 16 256 6 10
[21:44:22]	[Me=0]	[k=71]	[eval=53]	Cost=1480.15	-O3 avx2 256 256 256 16 256 6 10
[21:44:22]	[Me=0]	[k=72]	[eval=53]	Cost=1477.65	-O2 avx512 256 256 256 16 256 6 10
[21:44:22]	[Me=0]	[k=73]	[eval=53]	Cost=1479.19	-Ofast avx2 256 256 256 16 256 6 10
[21:44:22]	[Me=0]	[k=74]	[eval=53]	Cost=1478.79	-O2 avx 256 256 256 16 256 6 10
[21:44:22]	[Me=0]	[k=75]	[eval=53]	Cost=1478.79	-O2 avx 256 256 256 16 256 6 10
[21:44:22]	[Me=0]	[k=76]	[eval=53]	Cost=1480.05	-O2 avx2 256 256 256 16 256 7 10
[21:44:24]	[Me=0]	[k=77]	[eval=54]	Cost=1475.63	-O2 avx2 256 256 256 16 256 6 11
[21:44:24]	[Me=0]	[k=78]	[eval=54]	Cost=1479.19	-Ofast avx2 256 256 256 16 256 6 10
[21:44:24]	[Me=0]	[k=79]	[eval=54]	Cost=1479.19	-Ofast avx2 256 256 256 16 256 6 10
[21:44:24]	[Me=0]	[k=80]	[eval=54]	Cost=1475.63	-O2 avx2 256 256 256 16 256 6 11
[21:44:24]	[Me=0]	[k=81]	[eval=54]	Cost=1480.05	-O2 avx2 256 256 256 16 256 7 10
[21:44:24]	[Me=0]	[k=82]	[eval=54]	Cost=1477.65	-O2 avx512 256 256 256 16 256 6 10
[21:44:24]	[Me=0]	[k=83]	[eval=54]	Cost=1480.15	-O3 avx2 256 256 256 16 256 6 10
[21:44:24]	[Me=0]	[k=84]	[eval=54]	Cost=1475.63	-O2 avx2 256 256 256 16 256 6 11
[21:44:25]	[Me=0]	[k=85]	[eval=55]	Cost=1471.73	-O2 avx2 256 256 256 16 256 5 10
[21:44:25]	[Me=0]	[k=86]	[eval=55]	Cost=1480.15	-O3 avx2 256 256 256 16 256 6 10
[21:44:25]	[Me=0]	[k=87]	[eval=55]	Cost=1477.65	-O2 avx512 256 256 256 16 256 6 10
[21:44:25]	[Me=0]	[k=88]	[eval=55]	Cost=1477.65	-O2 avx512 256 256 256 16 256 6 10
[21:44:25]	[Me=0]	[k=89]	[eval=55]	Cost=1477.65	-O2 avx512 256 256 256 16 256 6 10
[21:44:25]	[Me=0]	[k=90]	[eval=55]	Cost=1475.63	-O2 avx2 256 256 256 16 256 6 11
[21:44:25]	[Me=0]	[k=91]	[eval=55]	Cost=1475.63	-O2 avx2 256 256 256 16 256 6 11
[21:44:25]	[Me=0]	[k=92]	[eval=55]	Cost=1478.79	-O2 avx 256 256 256 16 256 6 10
[21:44:25]	[Me=0]	[k=93]	[eval=55]	Cost=1479.19	-Ofast avx2 256 256 256 16 256 6 10
[21:44:25]	[Me=0]	[k=94]	[eval=55]	Cost=1480.05	-O2 avx2 256 256 256 16 256 7 10
[21:44:25]	[Me=0]	[k=95]	[eval=55]	Cost=1471.73	-O2 avx2 256 256 256 16 256 5 10
[21:44:25]	[Me=0]	[k=96]	[eval=55]	Cost=1479.19	-Ofast avx2 256 256 256 16 256 6 10
[21:44:26]	[Me=0]	[k=97]	[eval=56]	Cost=1473.69	-O2 avx2 256 256 256 16 256 6 9
[21:44:26]	[Me=0]	[k=98]	[eval=56]	Cost=1471.73	-O2 avx2 256 256 256 16 256 5 10
[21:44:26]	[Me=0]	[k=99]	[eval=56]	Cost=1479.19	-Ofast avx2 256 256 256 16 256 6 10
[21:44:26]	[Me=0]	[k=100]	[eval=56]	Cost=1473.69	-O2 avx2 256 256 256 16 256 6 9
[info] [Me=0] Path taken:
	1321.7 -O2 avx 256 256 256 16 256 3 3
	1337.84 -O2 avx 256 256 256 16 256 4 3
	1366.15 -O2 avx 256 256 256 16 256 4 4
	1427.16 -O2 avx 256 256 256 16 256 4 5
	1429.53 -O3 avx 256 256 256 16 256 4 5
	1429.94 -O3 avx2 256 256 256 16 256 4 5
	1430.26 -O3 avx 256 256 256 16 256 4 5
	1431.27 -O3 avx 256 256 256 16 256 5 6
	1444.54 -O3 avx 256 256 256 16 256 6 6
	1455.1 -O3 avx 256 256 256 16 256 6 7
	1455.56 -O2 avx 256 256 256 16 256 6 7
	1470.7 -O2 avx 256 256 256 16 256 6 8
	1472.4 -O2 avx2 256 256 256 16 256 6 8
	1474.18 -O2 avx2 256 256 256 16 256 6 9
	1477.79 -O2 avx2 256 256 256 16 256 6 10
	1478.73 -Ofast avx2 256 256 256 16 256 6 10
	1479.24 -O3 avx2 256 256 256 16 256 6 10
	1480.88 -O2 avx2 256 256 256 16 256 6 10
[info] [Me=0] Best solution found:
	1480.88 -O2 avx2 256 256 256 16 256 6 10

[info] [Me=0] Gathering solutions from all processes
[info] [Me=0] Best solutions:
	1480.88 -O2 avx2 256 256 256 16 256 6 10 Final evaluation: 1480.51
[info] [Me=0] Best overall:
	1480.51 -O2 avx2 256 256 256 16 256 6 10
[info] [Me=0] Total cost evaluations: 56
[info] [Me=0] Elapsed time: 3.32 seconds
[info] [Me=0] Run finished. Logs can be found at convergence_alg3_run4.log.
