[info] [Me=0] Args:
	algorithm: greedy
	batch: False
	flexible_shape: False
	hparams: {}
	log: convergence_alg1_run3.log
	phase: run
	problem_size: [256, 256, 256]
	program_path: iso3dfd-st7
	seed: 33
	steps: 10
	use_energy: False
[info] [Me=0] Hyperparameters:
[info] [Me=0] real seed: 33
[info] [Me=0] Simulator initialized
[info] [Me=0] Starting greedy hill climbing
[21:21:33]	[Me=0]	[k=0]	[eval=1]	Cost=1322.15	-O2 avx 256 256 256 16 256 3 3	(Initial)
[21:21:45]	[Me=0]	[k=1]	[eval=9]	Cost=1338.23	-O2 avx 256 256 256 16 256 4 3
[21:21:56]	[Me=0]	[k=2]	[eval=17]	Cost=1369.92	-O2 avx 256 256 256 16 256 4 4
[21:22:08]	[Me=0]	[k=3]	[eval=25]	Cost=1429.24	-O2 avx 256 256 256 16 256 4 5
[21:22:19]	[Me=0]	[k=4]	[eval=33]	Cost=1434.65	-O2 avx 256 256 256 16 256 4 6
[21:22:30]	[Me=0]	[k=5]	[eval=41]	Cost=1449.7	-O2 avx 256 256 256 16 256 4 7
[21:22:41]	[Me=0]	[k=6]	[eval=49]	Cost=1463.39	-O2 avx 256 256 256 16 256 4 8
[21:22:51]	[Me=0]	[k=7]	[eval=57]	Cost=1472.56	-O2 avx 256 256 256 16 256 4 9
[21:23:02]	[Me=0]	[k=8]	[eval=65]	Cost=1481.58	-O2 avx 256 256 256 16 256 4 10
[21:23:13]	[Me=0]	[k=9]	[eval=73]	Cost=1485.85	-O2 avx 256 256 256 16 256 4 11
[21:23:24]	[Me=0]	[k=10]	[eval=81]	Cost=1487.95	-O2 avx 256 256 256 16 256 4 12
[info] [Me=0] End of the loop via number of iterations
[info] [Me=0] Path taken:
	1322.15 -O2 avx 256 256 256 16 256 3 3
	1338.23 -O2 avx 256 256 256 16 256 4 3
	1369.92 -O2 avx 256 256 256 16 256 4 4
	1429.24 -O2 avx 256 256 256 16 256 4 5
	1434.65 -O2 avx 256 256 256 16 256 4 6
	1449.7 -O2 avx 256 256 256 16 256 4 7
	1463.39 -O2 avx 256 256 256 16 256 4 8
	1472.56 -O2 avx 256 256 256 16 256 4 9
	1481.58 -O2 avx 256 256 256 16 256 4 10
	1485.85 -O2 avx 256 256 256 16 256 4 11
	1487.95 -O2 avx 256 256 256 16 256 4 12
[info] [Me=0] Best solution found:
	1487.95 -O2 avx 256 256 256 16 256 4 12

[info] [Me=0] Gathering solutions from all processes
[info] [Me=0] Best solutions:
	1487.95 -O2 avx 256 256 256 16 256 4 12 Final evaluation: 1487.89
[info] [Me=0] Best overall:
	1487.89 -O2 avx 256 256 256 16 256 4 12
[info] [Me=0] Total cost evaluations: 81
[info] [Me=0] Elapsed time: 3.3 seconds
[info] [Me=0] Run finished. Logs can be found at convergence_alg1_run3.log.
