[info] [Me=0] Args:
	algorithm: cmaes
	batch: False
	flexible_shape: False
	hparams: {}
	log: convergence_alg5_run1.log
	phase: run
	problem_size: [256, 256, 256]
	program_path: iso3dfd-st7
	seed: 33
	steps: 100
	use_energy: False
[info] [Me=0] Hyperparameters:
[info] [Me=0] real seed: 33
[info] [Me=0] Simulator initialized
[22:11:19]	[Me=0]	[k=1]	[eval=1]	Cost=1301.28	-O2 avx 256 256 256 16 256 2 3
[22:11:20]	[Me=0]	[k=1]	[eval=2]	Cost=1301.82	-O2 avx2 256 256 256 16 256 2 3
[22:11:22]	[Me=0]	[k=1]	[eval=3]	Cost=1147.43	-O2 avx 256 256 256 16 256 1 2
[22:11:23]	[Me=0]	[k=1]	[eval=4]	Cost=1149.25	-O2 avx 256 256 256 16 256 1 2
[22:11:25]	[Me=0]	[k=1]	[eval=5]	Cost=1297.38	-O2 avx2 256 256 256 16 256 2 3
[22:11:26]	[Me=0]	[k=1]	[eval=6]	Cost=1313.95	-O3 avx2 256 256 256 16 256 2 4
[22:11:28]	[Me=0]	[k=1]	[eval=7]	Cost=1299.29	-O3 avx2 256 256 256 16 256 2 3
[22:11:29]	[Me=0]	[k=1]	[eval=8]	Cost=1237.25	-O2 avx 256 256 256 16 256 3 2
[22:11:31]	[Me=0]	[k=2]	[eval=9]	Cost=1146.0	-O2 avx 256 256 256 16 256 1 2
[22:11:32]	[Me=0]	[k=2]	[eval=10]	Cost=1253.81	-O2 avx 256 256 256 16 256 4 2
[22:11:34]	[Me=0]	[k=2]	[eval=11]	Cost=1315.84	-O2 avx 256 256 256 16 256 3 3
[22:11:35]	[Me=0]	[k=2]	[eval=12]	Cost=1296.36	-O3 avx2 256 256 256 16 256 2 3
[22:11:37]	[Me=0]	[k=2]	[eval=13]	Cost=1319.04	-O2 avx 256 256 256 16 256 3 3
[22:11:38]	[Me=0]	[k=2]	[eval=14]	Cost=1295.29	-O2 avx2 256 256 256 16 256 2 3
[22:11:40]	[Me=0]	[k=2]	[eval=15]	Cost=1299.81	-O2 avx 256 256 256 16 256 2 3
[22:11:41]	[Me=0]	[k=2]	[eval=16]	Cost=1277.87	-O2 avx 256 256 256 16 256 1 4
[22:11:43]	[Me=0]	[k=3]	[eval=17]	Cost=1216.13	-O2 avx 256 256 256 16 256 2 2
[22:11:44]	[Me=0]	[k=3]	[eval=18]	Cost=1297.6	-O2 avx 256 256 256 16 256 2 3
[22:11:46]	[Me=0]	[k=3]	[eval=19]	Cost=1335.12	-O2 avx 256 256 256 16 256 3 4
[22:11:47]	[Me=0]	[k=3]	[eval=20]	Cost=1338.1	-O2 avx 256 256 256 16 256 4 3
[22:11:49]	[Me=0]	[k=3]	[eval=21]	Cost=1296.37	-O2 avx 256 256 256 16 256 2 3
[22:11:50]	[Me=0]	[k=3]	[eval=22]	Cost=1296.53	-O3 avx2 256 256 256 16 256 2 3
[22:11:52]	[Me=0]	[k=3]	[eval=23]	Cost=1236.26	-O2 avx 256 256 256 16 256 3 2
[22:11:53]	[Me=0]	[k=3]	[eval=24]	Cost=1233.32	-O2 avx 256 256 256 16 256 3 2
[22:11:55]	[Me=0]	[k=4]	[eval=25]	Cost=1314.36	-O2 avx 256 256 256 16 256 3 3
[22:11:56]	[Me=0]	[k=4]	[eval=26]	Cost=1296.92	-O3 avx 256 256 256 16 256 2 3
[22:11:58]	[Me=0]	[k=4]	[eval=27]	Cost=1368.54	-O3 avx 256 256 256 16 256 5 4
[22:11:59]	[Me=0]	[k=4]	[eval=28]	Cost=1312.24	-O2 avx 256 256 256 16 256 2 4
[22:12:01]	[Me=0]	[k=4]	[eval=29]	Cost=1367.3	-O2 avx 256 256 256 16 256 4 4
[22:12:02]	[Me=0]	[k=4]	[eval=30]	Cost=1297.68	-O3 avx 256 256 256 16 256 2 3
[22:12:03]	[Me=0]	[k=4]	[eval=31]	Cost=1365.26	-O2 avx 256 256 256 16 256 4 4
[22:12:05]	[Me=0]	[k=4]	[eval=32]	Cost=1427.07	-O2 avx 256 256 256 16 256 4 5
[22:12:06]	[Me=0]	[k=5]	[eval=33]	Cost=1428.01	-O3 avx 256 256 256 16 256 5 5
[22:12:08]	[Me=0]	[k=5]	[eval=34]	Cost=1335.21	-O3 avx 256 256 256 16 256 3 4
[22:12:09]	[Me=0]	[k=5]	[eval=35]	Cost=1250.97	-Ofast avx 256 256 256 16 256 4 2
[22:12:11]	[Me=0]	[k=5]	[eval=36]	Cost=1312.34	-O2 avx 256 256 256 16 256 2 4
[22:12:12]	[Me=0]	[k=5]	[eval=37]	Cost=1325.98	-O2 avx 256 256 256 16 256 5 3
[22:12:13]	[Me=0]	[k=5]	[eval=38]	Cost=1378.87	-O2 avx 256 256 256 16 256 3 5
[22:12:15]	[Me=0]	[k=5]	[eval=39]	Cost=1329.45	-O2 avx2 256 256 256 16 256 3 4
[22:12:16]	[Me=0]	[k=5]	[eval=40]	Cost=1364.95	-O2 avx2 256 256 256 16 256 4 4
[22:12:18]	[Me=0]	[k=6]	[eval=41]	Cost=1331.13	-O2 avx 256 256 256 16 256 3 4
[22:12:19]	[Me=0]	[k=6]	[eval=42]	Cost=1447.33	-O3 avx 256 256 256 16 256 5 7
[22:12:21]	[Me=0]	[k=6]	[eval=43]	Cost=1368.03	-O2 avx 256 256 256 16 256 4 4
[22:12:22]	[Me=0]	[k=6]	[eval=44]	Cost=1430.26	-O3 avx2 256 256 256 16 256 5 6
[22:12:23]	[Me=0]	[k=6]	[eval=45]	Cost=1365.72	-O2 avx 256 256 256 16 256 4 4
[22:12:25]	[Me=0]	[k=6]	[eval=46]	Cost=1366.63	-O3 avx 256 256 256 16 256 4 4
[22:12:26]	[Me=0]	[k=6]	[eval=47]	Cost=1428.6	-Ofast avx2 256 256 256 16 256 4 5
[22:12:27]	[Me=0]	[k=6]	[eval=48]	Cost=1441.05	-Ofast avx 256 256 256 16 256 6 5
[22:12:29]	[Me=0]	[k=7]	[eval=49]	Cost=1365.69	-Ofast avx 256 256 256 16 256 4 4
[22:12:30]	[Me=0]	[k=7]	[eval=50]	Cost=1428.74	-Ofast avx2 256 256 256 16 256 4 5
[22:12:32]	[Me=0]	[k=7]	[eval=51]	Cost=1449.69	-Ofast avx 256 256 256 16 256 4 7
[22:12:33]	[Me=0]	[k=7]	[eval=52]	Cost=1404.82	-O2 avx 256 256 256 16 256 8 4
[22:12:34]	[Me=0]	[k=7]	[eval=53]	Cost=1438.54	-Ofast avx 256 256 256 16 256 6 5
[22:12:36]	[Me=0]	[k=7]	[eval=54]	Cost=1457.1	-Ofast avx 256 256 256 16 256 7 7
[22:12:37]	[Me=0]	[k=7]	[eval=55]	Cost=1461.94	-Ofast avx 256 256 256 16 256 4 8
[22:12:38]	[Me=0]	[k=7]	[eval=56]	Cost=1460.22	-Ofast avx2 256 256 256 16 256 5 8
[22:12:40]	[Me=0]	[k=8]	[eval=57]	Cost=1470.58	-Ofast avx2 256 256 256 16 256 5 10
[22:12:41]	[Me=0]	[k=8]	[eval=58]	Cost=1457.18	-Ofast avx 256 256 256 16 256 7 7
[22:12:43]	[Me=0]	[k=8]	[eval=59]	Cost=1368.0	-Ofast avx 256 256 256 16 256 5 4
[22:12:44]	[Me=0]	[k=8]	[eval=60]	Cost=1470.36	-O3 avx 256 256 256 16 256 5 10
[22:12:45]	[Me=0]	[k=8]	[eval=61]	Cost=1359.12	-Ofast avx 256 256 256 16 256 2 7
[22:12:47]	[Me=0]	[k=8]	[eval=62]	Cost=1469.63	-Ofast avx2 256 256 256 16 256 6 8
[22:12:48]	[Me=0]	[k=8]	[eval=63]	Cost=1470.73	-Ofast avx 256 256 256 16 256 7 8
[22:12:49]	[Me=0]	[k=8]	[eval=64]	Cost=1480.23	-Ofast avx 256 256 256 16 256 4 10
[22:12:51]	[Me=0]	[k=9]	[eval=65]	Cost=1464.02	-Ofast avx2 256 256 256 16 256 5 9
[22:12:52]	[Me=0]	[k=9]	[eval=66]	Cost=1471.87	-O2 avx 256 256 256 16 256 4 9
[22:12:53]	[Me=0]	[k=9]	[eval=67]	Cost=1411.66	-Ofast avx 256 256 256 16 256 2 10
[22:12:55]	[Me=0]	[k=9]	[eval=68]	Cost=1471.27	-Ofast avx 256 256 256 16 256 6 8
[22:12:56]	[Me=0]	[k=9]	[eval=69]	Cost=1482.25	-Ofast avx2 256 256 256 16 256 4 13
[22:12:57]	[Me=0]	[k=9]	[eval=70]	Cost=1473.68	-Ofast avx 256 256 256 16 256 5 11
[22:12:59]	[Me=0]	[k=9]	[eval=71]	Cost=1474.92	-Ofast avx 256 256 256 16 256 6 14
[22:13:00]	[Me=0]	[k=9]	[eval=72]	Cost=1469.75	-Ofast avx 256 256 256 16 256 7 8
[22:13:01]	[Me=0]	[k=10]	[eval=73]	Cost=1483.52	-Ofast avx512 256 256 256 16 256 4 16
[22:13:04]	[Me=0]	[k=10]	[eval=74]	Cost=1463.41	-Ofast avx2 256 256 256 16 256 5 9
[22:13:10]	[Me=0]	[k=10]	[eval=75]	Cost=1481.65	-Ofast avx 256 256 256 16 256 8 12
[22:13:11]	[Me=0]	[k=10]	[eval=76]	Cost=1493.97	-Ofast avx 256 256 256 16 256 5 15
[22:13:13]	[Me=0]	[k=10]	[eval=77]	Cost=1481.87	-Ofast avx2 256 256 256 16 256 4 11
[22:13:14]	[Me=0]	[k=10]	[eval=78]	Cost=1484.75	-Ofast avx 256 256 256 16 256 6 12
[22:13:15]	[Me=0]	[k=10]	[eval=79]	Cost=1464.15	-Ofast avx512 256 256 256 16 256 5 16
[22:13:17]	[Me=0]	[k=10]	[eval=80]	Cost=1485.69	-Ofast avx 256 256 256 16 256 8 12
[22:13:18]	[Me=0]	[k=11]	[eval=81]	Cost=1476.1	-Ofast avx2 256 256 256 16 256 7 10
[22:13:19]	[Me=0]	[k=11]	[eval=82]	Cost=1450.79	-O2 avx 256 256 256 16 256 4 7
[22:13:21]	[Me=0]	[k=11]	[eval=83]	Cost=1471.46	-O3 avx2 256 256 256 16 256 9 15
[22:13:22]	[Me=0]	[k=11]	[eval=84]	Cost=1484.37	-Ofast avx2 256 256 256 16 256 4 16
[22:13:23]	[Me=0]	[k=11]	[eval=85]	Cost=1485.76	-O3 avx 256 256 256 16 256 6 12
[22:13:25]	[Me=0]	[k=11]	[eval=86]	Cost=1445.12	-Ofast avx 256 256 256 16 256 7 6
[22:13:26]	[Me=0]	[k=11]	[eval=87]	Cost=1452.94	-O3 avx 256 256 256 16 256 8 16
[22:13:27]	[Me=0]	[k=11]	[eval=88]	Cost=1368.2	-O3 avx2 256 256 256 16 256 4 4
[22:13:29]	[Me=0]	[k=12]	[eval=89]	Cost=1493.0	-Ofast avx2 256 256 256 16 256 5 15
[22:13:30]	[Me=0]	[k=12]	[eval=90]	Cost=1457.68	-Ofast avx2 256 256 256 16 256 3 12
[22:13:32]	[Me=0]	[k=12]	[eval=91]	Cost=1472.91	-Ofast avx 256 256 256 16 256 5 10
[22:13:33]	[Me=0]	[k=12]	[eval=92]	Cost=1466.58	-Ofast avx 256 256 256 16 256 7 14
[22:13:34]	[Me=0]	[k=12]	[eval=93]	Cost=1492.25	-O3 avx2 256 256 256 16 256 6 15
[22:13:36]	[Me=0]	[k=12]	[eval=94]	Cost=1469.44	-Ofast avx 256 256 256 16 256 7 9
[22:13:37]	[Me=0]	[k=12]	[eval=95]	Cost=1463.96	-Ofast avx 256 256 256 16 256 6 16
[22:13:38]	[Me=0]	[k=12]	[eval=96]	Cost=1451.64	-O3 avx 256 256 256 16 256 7 16
[22:13:40]	[Me=0]	[k=13]	[eval=97]	Cost=1494.54	-Ofast avx 256 256 256 16 256 5 15
[22:13:41]	[Me=0]	[k=13]	[eval=98]	Cost=1479.82	-Ofast avx 256 256 256 16 256 6 11
[22:13:42]	[Me=0]	[k=13]	[eval=99]	Cost=1486.09	-Ofast avx 256 256 256 16 256 4 14
[22:13:44]	[Me=0]	[k=13]	[eval=100]	Cost=1466.07	-Ofast avx 256 256 256 16 256 7 13
[22:13:45]	[Me=0]	[k=13]	[eval=101]	Cost=1482.2	-Ofast avx 256 256 256 16 256 5 12
[22:13:46]	[Me=0]	[k=13]	[eval=102]	Cost=1511.69	-Ofast avx 256 256 256 16 256 4 15
[22:13:48]	[Me=0]	[k=13]	[eval=103]	Cost=1430.79	-Ofast avx2 256 256 256 16 256 2 12
[22:13:49]	[Me=0]	[k=13]	[eval=104]	Cost=1477.49	-Ofast avx 256 256 256 16 256 5 12
[22:13:50]	[Me=0]	[k=14]	[eval=105]	Cost=1494.33	-Ofast avx 256 256 256 16 256 5 15
[info] [Me=0] Path taken:
[info] [Me=0] Best solution found:
	1508.06 -Ofast avx 256 256 256 16 256 4 15

[info] [Me=0] Gathering solutions from all processes
[info] [Me=0] Best solutions:
	1508.06 -Ofast avx 256 256 256 16 256 4 15 Final evaluation: 1508.4
[info] [Me=0] Best overall:
	1508.4 -Ofast avx 256 256 256 16 256 4 15
[info] [Me=0] Total cost evaluations: 106
[info] [Me=0] Elapsed time: 3.3 seconds
[info] [Me=0] Run finished. Logs can be found at convergence_alg5_run1.log.
