[info] [Me=0] Args:
	algorithm: simulated_annealing
	batch: False
	flexible_shape: False
	hparams: {"t0":20}
	log: convergence_alg3_run1.log
	phase: run
	problem_size: [256, 256, 256]
	program_path: iso3dfd-st7
	seed: 33
	steps: 100
	use_energy: False
[info] [Me=0] Hyperparameters:
	t0: 20
[info] [Me=0] real seed: 33
[info] [Me=0] Simulator initialized
[info] [Me=0] Starting simulated_annealing
[21:37:51]	[Me=0]	[k=0]	[eval=1]	Cost=1322.85	-O2 avx 256 256 256 16 256 3 3	(Initial)
[21:37:53]	[Me=0]	[k=1]	[eval=2]	Cost=1321.02	-O2 avx512 256 256 256 16 256 3 3	(Risky choice !)
[21:37:54]	[Me=0]	[k=2]	[eval=3]	Cost=1299.54	-O2 avx512 256 256 256 16 256 2 3
[21:37:55]	[Me=0]	[k=3]	[eval=4]	Cost=1320.83	-O2 avx 256 256 256 16 256 3 3	(Risky choice !)
[21:37:57]	[Me=0]	[k=4]	[eval=5]	Cost=1340.4	-O2 avx 256 256 256 16 256 4 3	(New best)
[21:37:58]	[Me=0]	[k=5]	[eval=6]	Cost=1367.7	-O2 avx 256 256 256 16 256 4 4	(New best)
[21:38:00]	[Me=0]	[k=6]	[eval=7]	Cost=1429.28	-O2 avx 256 256 256 16 256 4 5	(New best)
[21:38:01]	[Me=0]	[k=7]	[eval=8]	Cost=1374.99	-O2 avx 256 256 256 16 256 3 5
[21:38:02]	[Me=0]	[k=8]	[eval=9]	Cost=1426.78	-O3 avx 256 256 256 16 256 4 5	(Risky choice !)
[21:38:04]	[Me=0]	[k=9]	[eval=10]	Cost=1377.69	-O3 avx 256 256 256 16 256 3 5
[21:38:05]	[Me=0]	[k=10]	[eval=11]	Cost=1428.42	-O2 avx 256 256 256 16 256 4 5
[21:38:07]	[Me=0]	[k=11]	[eval=12]	Cost=1366.81	-O2 avx 256 256 256 16 256 4 4
[21:38:08]	[Me=0]	[k=12]	[eval=13]	Cost=1380.95	-O2 avx 256 256 256 16 256 3 5
[21:38:09]	[Me=0]	[k=13]	[eval=14]	Cost=1430.84	-O2 avx2 256 256 256 16 256 4 5	(New best)
[21:38:11]	[Me=0]	[k=14]	[eval=15]	Cost=1429.88	-O3 avx2 256 256 256 16 256 4 5
[21:38:12]	[Me=0]	[k=15]	[eval=16]	Cost=1426.3	-O2 avx2 256 256 256 16 256 5 5
[21:38:14]	[Me=0]	[k=16]	[eval=17]	Cost=1375.46	-O2 avx2 256 256 256 16 256 3 5
[21:38:14]	[Me=0]	[k=17]	[eval=17]	Cost=1429.88	-O3 avx2 256 256 256 16 256 4 5	(Risky choice !)
[21:38:15]	[Me=0]	[k=18]	[eval=18]	Cost=1429.13	-Ofast avx2 256 256 256 16 256 4 5	(Risky choice !)
[21:38:16]	[Me=0]	[k=19]	[eval=19]	Cost=1427.38	-Ofast avx 256 256 256 16 256 4 5	(Risky choice !)
[21:38:18]	[Me=0]	[k=20]	[eval=20]	Cost=1427.82	-Ofast avx 256 256 256 16 256 5 5	(Risky choice !)
[21:38:19]	[Me=0]	[k=21]	[eval=21]	Cost=1428.02	-O2 avx 256 256 256 16 256 5 5	(Risky choice !)
[21:38:20]	[Me=0]	[k=22]	[eval=22]	Cost=1443.61	-O2 avx 256 256 256 16 256 6 5	(New best)
[21:38:22]	[Me=0]	[k=23]	[eval=23]	Cost=1428.42	-O2 avx 256 256 256 16 256 5 5
[21:38:23]	[Me=0]	[k=24]	[eval=24]	Cost=1384.65	-O2 avx 256 256 256 16 256 6 4
[21:38:25]	[Me=0]	[k=25]	[eval=25]	Cost=1439.29	-O3 avx 256 256 256 16 256 6 5
[21:38:26]	[Me=0]	[k=26]	[eval=26]	Cost=1445.63	-O2 avx 256 256 256 16 256 7 5	(New best)
[21:38:27]	[Me=0]	[k=27]	[eval=27]	Cost=1445.21	-O3 avx 256 256 256 16 256 7 5	(Risky choice !)
[21:38:29]	[Me=0]	[k=28]	[eval=28]	Cost=1444.25	-Ofast avx 256 256 256 16 256 7 5	(Risky choice !)
[21:38:30]	[Me=0]	[k=29]	[eval=29]	Cost=1456.37	-Ofast avx 256 256 256 16 256 8 5	(New best)
[21:38:31]	[Me=0]	[k=30]	[eval=30]	Cost=1458.33	-O2 avx 256 256 256 16 256 8 5	(New best)
[21:38:33]	[Me=0]	[k=31]	[eval=31]	Cost=1457.05	-Ofast avx 256 256 256 16 256 8 5
[21:38:34]	[Me=0]	[k=32]	[eval=32]	Cost=1447.6	-O2 avx 256 256 256 16 256 9 5
[21:38:35]	[Me=0]	[k=33]	[eval=33]	Cost=1454.27	-O2 avx2 256 256 256 16 256 8 5
[21:38:37]	[Me=0]	[k=34]	[eval=34]	Cost=1404.99	-O2 avx 256 256 256 16 256 8 4
[21:38:38]	[Me=0]	[k=35]	[eval=35]	Cost=1458.45	-O2 avx 256 256 256 16 256 8 6	(New best)
[21:38:40]	[Me=0]	[k=36]	[eval=36]	Cost=1445.86	-O2 avx 256 256 256 16 256 9 6
[21:38:41]	[Me=0]	[k=37]	[eval=37]	Cost=1467.9	-O2 avx 256 256 256 16 256 8 7	(New best)
[21:38:42]	[Me=0]	[k=38]	[eval=38]	Cost=1456.9	-O2 avx 256 256 256 16 256 7 7
[21:38:44]	[Me=0]	[k=39]	[eval=39]	Cost=1469.0	-Ofast avx 256 256 256 16 256 8 7	(New best)
[21:38:45]	[Me=0]	[k=40]	[eval=40]	Cost=1481.29	-Ofast avx 256 256 256 16 256 8 8	(New best)
[21:38:46]	[Me=0]	[k=41]	[eval=41]	Cost=1468.96	-Ofast avx 256 256 256 16 256 8 7
[21:38:48]	[Me=0]	[k=42]	[eval=42]	Cost=1469.79	-Ofast avx 256 256 256 16 256 9 8
[21:38:49]	[Me=0]	[k=43]	[eval=43]	Cost=1481.21	-Ofast avx2 256 256 256 16 256 8 8	(Risky choice !)
[21:38:50]	[Me=0]	[k=44]	[eval=44]	Cost=1476.89	-Ofast avx2 256 256 256 16 256 8 9
[21:38:52]	[Me=0]	[k=45]	[eval=45]	Cost=1482.07	-Ofast avx512 256 256 256 16 256 8 8	(New best)
[21:38:53]	[Me=0]	[k=46]	[eval=46]	Cost=1480.56	-Ofast avx512 256 256 256 16 256 8 9
[21:38:53]	[Me=0]	[k=47]	[eval=46]	Cost=1480.56	-Ofast avx512 256 256 256 16 256 8 9
[21:38:54]	[Me=0]	[k=48]	[eval=47]	Cost=1480.87	-O3 avx512 256 256 256 16 256 8 8
[21:38:56]	[Me=0]	[k=49]	[eval=48]	Cost=1468.09	-Ofast avx512 256 256 256 16 256 7 8
[21:38:57]	[Me=0]	[k=50]	[eval=49]	Cost=1470.12	-Ofast avx512 256 256 256 16 256 8 7
[21:38:57]	[Me=0]	[k=51]	[eval=49]	Cost=1470.12	-Ofast avx512 256 256 256 16 256 8 7
[21:38:57]	[Me=0]	[k=52]	[eval=49]	Cost=1480.56	-Ofast avx512 256 256 256 16 256 8 9
[21:38:57]	[Me=0]	[k=53]	[eval=49]	Cost=1470.12	-Ofast avx512 256 256 256 16 256 8 7
[21:38:58]	[Me=0]	[k=54]	[eval=50]	Cost=1473.11	-Ofast avx512 256 256 256 16 256 9 8
[21:39:00]	[Me=0]	[k=55]	[eval=51]	Cost=1481.96	-Ofast avx 256 256 256 16 256 8 8
[21:39:00]	[Me=0]	[k=56]	[eval=51]	Cost=1473.11	-Ofast avx512 256 256 256 16 256 9 8
[21:39:00]	[Me=0]	[k=57]	[eval=51]	Cost=1468.09	-Ofast avx512 256 256 256 16 256 7 8
[21:39:00]	[Me=0]	[k=58]	[eval=51]	Cost=1481.96	-Ofast avx 256 256 256 16 256 8 8
[21:39:00]	[Me=0]	[k=59]	[eval=51]	Cost=1473.11	-Ofast avx512 256 256 256 16 256 9 8
[21:39:00]	[Me=0]	[k=60]	[eval=51]	Cost=1470.12	-Ofast avx512 256 256 256 16 256 8 7
[21:39:00]	[Me=0]	[k=61]	[eval=51]	Cost=1473.11	-Ofast avx512 256 256 256 16 256 9 8
[21:39:00]	[Me=0]	[k=62]	[eval=51]	Cost=1473.11	-Ofast avx512 256 256 256 16 256 9 8
[21:39:01]	[Me=0]	[k=63]	[eval=52]	Cost=1480.57	-O2 avx512 256 256 256 16 256 8 8
[21:39:01]	[Me=0]	[k=64]	[eval=52]	Cost=1480.57	-O2 avx512 256 256 256 16 256 8 8
[21:39:01]	[Me=0]	[k=65]	[eval=52]	Cost=1480.87	-O3 avx512 256 256 256 16 256 8 8
[21:39:01]	[Me=0]	[k=66]	[eval=52]	Cost=1480.87	-O3 avx512 256 256 256 16 256 8 8
[21:39:02]	[Me=0]	[k=67]	[eval=53]	Cost=1481.15	-Ofast avx2 256 256 256 16 256 8 8
[21:39:02]	[Me=0]	[k=68]	[eval=53]	Cost=1481.15	-Ofast avx2 256 256 256 16 256 8 8
[21:39:02]	[Me=0]	[k=69]	[eval=53]	Cost=1480.87	-O3 avx512 256 256 256 16 256 8 8
[21:39:02]	[Me=0]	[k=70]	[eval=53]	Cost=1480.57	-O2 avx512 256 256 256 16 256 8 8
[21:39:02]	[Me=0]	[k=71]	[eval=53]	Cost=1473.11	-Ofast avx512 256 256 256 16 256 9 8
[21:39:02]	[Me=0]	[k=72]	[eval=53]	Cost=1481.96	-Ofast avx 256 256 256 16 256 8 8
[21:39:02]	[Me=0]	[k=73]	[eval=53]	Cost=1480.87	-O3 avx512 256 256 256 16 256 8 8
[21:39:02]	[Me=0]	[k=74]	[eval=53]	Cost=1481.96	-Ofast avx 256 256 256 16 256 8 8
[21:39:02]	[Me=0]	[k=75]	[eval=53]	Cost=1480.57	-O2 avx512 256 256 256 16 256 8 8
[21:39:02]	[Me=0]	[k=76]	[eval=53]	Cost=1481.15	-Ofast avx2 256 256 256 16 256 8 8
[21:39:02]	[Me=0]	[k=77]	[eval=53]	Cost=1481.15	-Ofast avx2 256 256 256 16 256 8 8
[21:39:02]	[Me=0]	[k=78]	[eval=53]	Cost=1473.11	-Ofast avx512 256 256 256 16 256 9 8
[21:39:02]	[Me=0]	[k=79]	[eval=53]	Cost=1480.56	-Ofast avx512 256 256 256 16 256 8 9
[21:39:02]	[Me=0]	[k=80]	[eval=53]	Cost=1480.57	-O2 avx512 256 256 256 16 256 8 8
[21:39:02]	[Me=0]	[k=81]	[eval=53]	Cost=1480.57	-O2 avx512 256 256 256 16 256 8 8
[21:39:02]	[Me=0]	[k=82]	[eval=53]	Cost=1480.56	-Ofast avx512 256 256 256 16 256 8 9
[21:39:02]	[Me=0]	[k=83]	[eval=53]	Cost=1473.11	-Ofast avx512 256 256 256 16 256 9 8
[21:39:02]	[Me=0]	[k=84]	[eval=53]	Cost=1481.96	-Ofast avx 256 256 256 16 256 8 8
[21:39:02]	[Me=0]	[k=85]	[eval=53]	Cost=1480.87	-O3 avx512 256 256 256 16 256 8 8
[21:39:02]	[Me=0]	[k=86]	[eval=53]	Cost=1480.56	-Ofast avx512 256 256 256 16 256 8 9
[21:39:02]	[Me=0]	[k=87]	[eval=53]	Cost=1468.09	-Ofast avx512 256 256 256 16 256 7 8
[21:39:02]	[Me=0]	[k=88]	[eval=53]	Cost=1480.87	-O3 avx512 256 256 256 16 256 8 8
[21:39:02]	[Me=0]	[k=89]	[eval=53]	Cost=1481.96	-Ofast avx 256 256 256 16 256 8 8
[21:39:02]	[Me=0]	[k=90]	[eval=53]	Cost=1481.96	-Ofast avx 256 256 256 16 256 8 8
[21:39:02]	[Me=0]	[k=91]	[eval=53]	Cost=1481.96	-Ofast avx 256 256 256 16 256 8 8
[21:39:02]	[Me=0]	[k=92]	[eval=53]	Cost=1480.56	-Ofast avx512 256 256 256 16 256 8 9
[21:39:02]	[Me=0]	[k=93]	[eval=53]	Cost=1480.56	-Ofast avx512 256 256 256 16 256 8 9
[21:39:02]	[Me=0]	[k=94]	[eval=53]	Cost=1481.15	-Ofast avx2 256 256 256 16 256 8 8
[21:39:02]	[Me=0]	[k=95]	[eval=53]	Cost=1480.57	-O2 avx512 256 256 256 16 256 8 8
[21:39:02]	[Me=0]	[k=96]	[eval=53]	Cost=1473.11	-Ofast avx512 256 256 256 16 256 9 8
[21:39:02]	[Me=0]	[k=97]	[eval=53]	Cost=1468.09	-Ofast avx512 256 256 256 16 256 7 8
[21:39:02]	[Me=0]	[k=98]	[eval=53]	Cost=1480.57	-O2 avx512 256 256 256 16 256 8 8
[21:39:02]	[Me=0]	[k=99]	[eval=53]	Cost=1470.12	-Ofast avx512 256 256 256 16 256 8 7
[21:39:02]	[Me=0]	[k=100]	[eval=53]	Cost=1468.09	-Ofast avx512 256 256 256 16 256 7 8
[info] [Me=0] Path taken:
	1322.85 -O2 avx 256 256 256 16 256 3 3
	1340.4 -O2 avx 256 256 256 16 256 4 3
	1367.7 -O2 avx 256 256 256 16 256 4 4
	1429.28 -O2 avx 256 256 256 16 256 4 5
	1430.84 -O2 avx2 256 256 256 16 256 4 5
	1443.61 -O2 avx 256 256 256 16 256 6 5
	1445.63 -O2 avx 256 256 256 16 256 7 5
	1456.37 -Ofast avx 256 256 256 16 256 8 5
	1458.33 -O2 avx 256 256 256 16 256 8 5
	1458.45 -O2 avx 256 256 256 16 256 8 6
	1467.9 -O2 avx 256 256 256 16 256 8 7
	1469.0 -Ofast avx 256 256 256 16 256 8 7
	1481.29 -Ofast avx 256 256 256 16 256 8 8
	1482.07 -Ofast avx512 256 256 256 16 256 8 8
[info] [Me=0] Best solution found:
	1482.07 -Ofast avx512 256 256 256 16 256 8 8

[info] [Me=0] Gathering solutions from all processes
[info] [Me=0] Best solutions:
	1482.07 -Ofast avx512 256 256 256 16 256 8 8 Final evaluation: 1480.27
[info] [Me=0] Best overall:
	1480.27 -Ofast avx512 256 256 256 16 256 8 8
[info] [Me=0] Total cost evaluations: 53
[info] [Me=0] Elapsed time: 3.33 seconds
[info] [Me=0] Run finished. Logs can be found at convergence_alg3_run1.log.
