[info] [Me=0] Args:
	algorithm: csa
	batch: False
	hparams: {}
	log: convergence_run_3.log
	phase: run
	problem_size: [256, 256, 256]
	seed: 33
	steps: 100
[info] [Me=0] Hyperparameters:
	popsize: 6
	t0: 1000
[info] [Me=0] real seed: 33
[info] [Me=0] Simulator initialized
[18:57:14]	[Me=0]	[k=0]	[eval=1]	Cost=1163.74	-O2 avx 256 256 256 16 256 3 3	(Initial)
[18:57:16]	[Me=0]	[k=1]	[eval=2]	Cost=1184.11	-O2 avx 256 256 256 16 256 4 3
[18:57:17]	[Me=0]	[k=1]	[eval=3]	Cost=1220.38	-O2 avx 256 256 256 16 256 3 4
[18:57:19]	[Me=0]	[k=1]	[eval=4]	Cost=1147.32	-O2 avx 256 256 256 16 256 2 3
[18:57:21]	[Me=0]	[k=1]	[eval=5]	Cost=1148.27	-O2 avx 256 256 256 16 256 2 3
[18:57:22]	[Me=0]	[k=1]	[eval=6]	Cost=1162.83	-Ofast avx 256 256 256 16 256 3 3
[18:57:24]	[Me=0]	[k=1]	[eval=7]	Cost=1075.39	-O2 avx 256 256 256 16 256 3 2
[18:57:26]	[Me=0]	[k=2]	[eval=8]	Cost=1075.32	-O2 avx2 256 256 256 16 256 3 2
[18:57:27]	[Me=0]	[k=2]	[eval=9]	Cost=1183.09	-O2 avx512 256 256 256 16 256 4 3
[18:57:29]	[Me=0]	[k=2]	[eval=10]	Cost=1158.97	-O2 avx 256 256 256 16 256 3 3
[18:57:31]	[Me=0]	[k=2]	[eval=11]	Cost=1146.74	-Ofast avx 256 256 256 16 256 2 3
[18:57:32]	[Me=0]	[k=2]	[eval=12]	Cost=1148.48	-Ofast avx 256 256 256 16 256 2 3
[18:57:34]	[Me=0]	[k=2]	[eval=13]	Cost=1165.04	-Ofast avx2 256 256 256 16 256 3 3
[18:57:35]	[Me=0]	[k=3]	[eval=14]	Cost=1185.89	-O2 avx 256 256 256 16 256 4 3
[18:57:37]	[Me=0]	[k=3]	[eval=15]	Cost=1145.8	-O3 avx 256 256 256 16 256 2 3
[18:57:39]	[Me=0]	[k=3]	[eval=16]	Cost=1074.71	-Ofast avx2 256 256 256 16 256 3 2
[18:57:40]	[Me=0]	[k=3]	[eval=17]	Cost=1149.43	-O2 avx 256 256 256 16 256 2 3
[18:57:42]	[Me=0]	[k=3]	[eval=18]	Cost=1149.46	-Ofast avx2 256 256 256 16 256 2 3
[18:57:44]	[Me=0]	[k=3]	[eval=19]	Cost=1065.71	-O2 avx2 256 256 256 16 256 2 2
[18:57:45]	[Me=0]	[k=4]	[eval=20]	Cost=1066.79	-Ofast avx2 256 256 256 16 256 2 2
[18:57:47]	[Me=0]	[k=4]	[eval=21]	Cost=1163.56	-O2 avx 256 256 256 16 256 3 3
[18:57:49]	[Me=0]	[k=4]	[eval=22]	Cost=1075.72	-O3 avx2 256 256 256 16 256 3 2
[18:57:50]	[Me=0]	[k=4]	[eval=23]	Cost=1182.67	-O2 avx512 256 256 256 16 256 4 3
[18:57:52]	[Me=0]	[k=4]	[eval=24]	Cost=1183.51	-O2 avx512 256 256 256 16 256 4 3
[18:57:54]	[Me=0]	[k=4]	[eval=25]	Cost=1075.98	-Ofast avx 256 256 256 16 256 3 2
[18:57:55]	[Me=0]	[k=5]	[eval=26]	Cost=1163.21	-O2 avx 256 256 256 16 256 3 3
[18:57:57]	[Me=0]	[k=5]	[eval=27]	Cost=1021.84	-Ofast avx2 256 256 256 16 256 1 2
[18:57:59]	[Me=0]	[k=5]	[eval=28]	Cost=1184.19	-O3 avx512 256 256 256 16 256 4 3
[18:58:00]	[Me=0]	[k=5]	[eval=29]	Cost=1171.47	-O2 avx512 256 256 256 16 256 5 3
[18:58:02]	[Me=0]	[k=5]	[eval=30]	Cost=1076.04	-Ofast avx512 256 256 256 16 256 3 2
[18:58:04]	[Me=0]	[k=5]	[eval=31]	Cost=1184.57	-O2 avx2 256 256 256 16 256 4 3
[18:58:06]	[Me=0]	[k=6]	[eval=32]	Cost=1019.0	-Ofast avx512 256 256 256 16 256 1 2
[18:58:07]	[Me=0]	[k=6]	[eval=33]	Cost=1187.85	-O2 avx512 256 256 256 16 256 6 3
[18:58:09]	[Me=0]	[k=6]	[eval=34]	Cost=1091.93	-O2 avx2 256 256 256 16 256 4 2
[18:58:11]	[Me=0]	[k=6]	[eval=35]	Cost=1067.12	-Ofast avx512 256 256 256 16 256 2 2
[18:58:12]	[Me=0]	[k=6]	[eval=36]	Cost=1185.58	-O2 avx 256 256 256 16 256 4 3
[18:58:14]	[Me=0]	[k=6]	[eval=37]	Cost=1185.38	-O2 avx 256 256 256 16 256 4 3
[18:58:16]	[Me=0]	[k=7]	[eval=38]	Cost=811.32	-O2 avx2 256 256 256 16 256 4 1
[18:58:18]	[Me=0]	[k=7]	[eval=39]	Cost=1076.15	-O2 avx2 256 256 256 16 256 3 2
[18:58:19]	[Me=0]	[k=7]	[eval=40]	Cost=1146.73	-Ofast avx512 256 256 256 16 256 2 3
[18:58:21]	[Me=0]	[k=7]	[eval=41]	Cost=1189.34	-O2 avx512 256 256 256 16 256 7 3
[18:58:23]	[Me=0]	[k=7]	[eval=42]	Cost=1066.75	-O2 avx512 256 256 256 16 256 2 2
[18:58:24]	[Me=0]	[k=7]	[eval=43]	Cost=1075.83	-O2 avx2 256 256 256 16 256 3 2
[18:58:26]	[Me=0]	[k=8]	[eval=44]	Cost=1072.98	-Ofast avx2 256 256 256 16 256 3 2
[18:58:28]	[Me=0]	[k=8]	[eval=45]	Cost=1190.46	-Ofast avx512 256 256 256 16 256 7 3
[18:58:29]	[Me=0]	[k=8]	[eval=46]	Cost=1163.65	-O2 avx2 256 256 256 16 256 3 3
[18:58:31]	[Me=0]	[k=8]	[eval=47]	Cost=1067.66	-O2 avx2 256 256 256 16 256 2 2
[18:58:33]	[Me=0]	[k=8]	[eval=48]	Cost=1021.7	-O2 avx512 256 256 256 16 256 1 2
[18:58:35]	[Me=0]	[k=8]	[eval=49]	Cost=1074.7	-O2 avx512 256 256 256 16 256 7 2
[18:58:36]	[Me=0]	[k=9]	[eval=50]	Cost=1074.41	-Ofast avx512 256 256 256 16 256 7 2
[18:58:38]	[Me=0]	[k=9]	[eval=51]	Cost=1162.87	-O2 avx512 256 256 256 16 256 3 3
[18:58:40]	[Me=0]	[k=9]	[eval=52]	Cost=1189.71	-O2 avx 256 256 256 16 256 7 3
[18:58:42]	[Me=0]	[k=9]	[eval=53]	Cost=805.28	-Ofast avx2 256 256 256 16 256 3 1
[18:58:43]	[Me=0]	[k=9]	[eval=54]	Cost=1190.66	-Ofast avx 256 256 256 16 256 7 3
[18:58:45]	[Me=0]	[k=9]	[eval=55]	Cost=1189.71	-O3 avx512 256 256 256 16 256 7 3
[18:58:46]	[Me=0]	[k=10]	[eval=56]	Cost=1188.52	-Ofast avx 256 256 256 16 256 6 3
[18:58:48]	[Me=0]	[k=10]	[eval=57]	Cost=1266.19	-Ofast avx 256 256 256 16 256 7 4
[18:58:50]	[Me=0]	[k=10]	[eval=58]	Cost=1187.33	-O2 avx512 256 256 256 16 256 7 3
[18:58:52]	[Me=0]	[k=10]	[eval=59]	Cost=805.6	-Ofast avx 256 256 256 16 256 3 1
[18:58:53]	[Me=0]	[k=10]	[eval=60]	Cost=1164.84	-O2 avx2 256 256 256 16 256 3 3
[18:58:55]	[Me=0]	[k=10]	[eval=61]	Cost=1164.17	-O3 avx512 256 256 256 16 256 3 3
[18:58:57]	[Me=0]	[k=11]	[eval=62]	Cost=805.8	-O2 avx 256 256 256 16 256 3 1
[18:58:59]	[Me=0]	[k=11]	[eval=63]	Cost=1190.8	-O2 avx2 256 256 256 16 256 7 3
[18:59:00]	[Me=0]	[k=11]	[eval=64]	Cost=1170.15	-Ofast avx 256 256 256 16 256 5 3
[18:59:02]	[Me=0]	[k=11]	[eval=65]	Cost=1190.41	-Ofast avx 256 256 256 16 256 7 3
[18:59:04]	[Me=0]	[k=11]	[eval=66]	Cost=1190.3	-O2 avx512 256 256 256 16 256 6 3
[18:59:05]	[Me=0]	[k=11]	[eval=67]	Cost=1074.16	-Ofast avx 256 256 256 16 256 3 2
[18:59:07]	[Me=0]	[k=12]	[eval=68]	Cost=1190.93	-Ofast avx512 256 256 256 16 256 7 3
[18:59:08]	[Me=0]	[k=12]	[eval=69]	Cost=1253.17	-Ofast avx 256 256 256 16 256 5 4
[18:59:10]	[Me=0]	[k=12]	[eval=70]	Cost=1190.32	-Ofast avx512 256 256 256 16 256 7 3
[18:59:12]	[Me=0]	[k=12]	[eval=71]	Cost=1188.43	-O2 avx2 256 256 256 16 256 6 3
[18:59:13]	[Me=0]	[k=12]	[eval=72]	Cost=1173.58	-O3 avx 256 256 256 16 256 5 3
[18:59:15]	[Me=0]	[k=12]	[eval=73]	Cost=1077.84	-Ofast avx 256 256 256 16 256 5 2
[18:59:17]	[Me=0]	[k=13]	[eval=74]	Cost=1079.42	-O3 avx 256 256 256 16 256 5 2
[18:59:18]	[Me=0]	[k=13]	[eval=75]	Cost=1187.98	-Ofast avx512 256 256 256 16 256 6 3
[18:59:20]	[Me=0]	[k=13]	[eval=76]	Cost=1171.32	-O2 avx 256 256 256 16 256 5 3
[18:59:21]	[Me=0]	[k=13]	[eval=77]	Cost=1188.74	-O3 avx2 256 256 256 16 256 6 3
[18:59:23]	[Me=0]	[k=13]	[eval=78]	Cost=1252.57	-O3 avx 256 256 256 16 256 5 4
[18:59:25]	[Me=0]	[k=13]	[eval=79]	Cost=1172.87	-Ofast avx 256 256 256 16 256 5 3
[18:59:26]	[Me=0]	[k=14]	[eval=80]	Cost=1188.88	-Ofast avx2 256 256 256 16 256 6 3
[18:59:28]	[Me=0]	[k=14]	[eval=81]	Cost=1264.33	-O3 avx 256 256 256 16 256 4 4
[18:59:29]	[Me=0]	[k=14]	[eval=82]	Cost=1086.13	-O3 avx2 256 256 256 16 256 6 2
[18:59:31]	[Me=0]	[k=14]	[eval=83]	Cost=1168.69	-Ofast avx 256 256 256 16 256 5 3
[18:59:33]	[Me=0]	[k=14]	[eval=84]	Cost=1251.83	-O2 avx 256 256 256 16 256 5 4
[18:59:34]	[Me=0]	[k=14]	[eval=85]	Cost=1176.48	-Ofast avx512 256 256 256 16 256 5 3
[18:59:36]	[Me=0]	[k=15]	[eval=86]	Cost=1191.02	-Ofast avx 256 256 256 16 256 6 3
[18:59:37]	[Me=0]	[k=15]	[eval=87]	Cost=1190.05	-Ofast avx 256 256 256 16 256 6 3
[18:59:39]	[Me=0]	[k=15]	[eval=88]	Cost=1250.28	-Ofast avx 256 256 256 16 256 5 4
[18:59:40]	[Me=0]	[k=15]	[eval=89]	Cost=1264.99	-O2 avx 256 256 256 16 256 6 4
[18:59:42]	[Me=0]	[k=15]	[eval=90]	Cost=1187.13	-Ofast avx512 256 256 256 16 256 6 3
[18:59:44]	[Me=0]	[k=15]	[eval=91]	Cost=1188.36	-O3 avx512 256 256 256 16 256 6 3
[18:59:45]	[Me=0]	[k=16]	[eval=92]	Cost=1266.83	-Ofast avx 256 256 256 16 256 6 4
[18:59:47]	[Me=0]	[k=16]	[eval=93]	Cost=1187.31	-O2 avx 256 256 256 16 256 6 3
[18:59:48]	[Me=0]	[k=16]	[eval=94]	Cost=1191.52	-Ofast avx 256 256 256 16 256 7 3
[18:59:50]	[Me=0]	[k=16]	[eval=95]	Cost=1171.46	-Ofast avx512 256 256 256 16 256 5 3
[18:59:51]	[Me=0]	[k=16]	[eval=96]	Cost=1266.11	-Ofast avx 256 256 256 16 256 6 4
[18:59:53]	[Me=0]	[k=16]	[eval=97]	Cost=1263.5	-Ofast avx 256 256 256 16 256 4 4
[18:59:54]	[Me=0]	[k=17]	[eval=98]	Cost=1262.68	-O2 avx 256 256 256 16 256 4 4
[18:59:56]	[Me=0]	[k=17]	[eval=99]	Cost=1262.71	-O2 avx 256 256 256 16 256 4 4
[18:59:58]	[Me=0]	[k=17]	[eval=100]	Cost=1171.18	-Ofast avx2 256 256 256 16 256 5 3
[18:59:59]	[Me=0]	[k=17]	[eval=101]	Cost=1077.22	-Ofast avx512 256 256 256 16 256 5 2
[19:00:01]	[Me=0]	[k=17]	[eval=102]	Cost=1189.97	-O2 avx 256 256 256 16 256 7 3
[19:00:03]	[Me=0]	[k=17]	[eval=103]	Cost=1191.89	-O2 avx 256 256 256 16 256 7 3
[info] [Me=0] Path taken:
	1163.74 -O2 avx 256 256 256 16 256 3 3
	1220.38 -O2 avx 256 256 256 16 256 3 4
	1266.19 -Ofast avx 256 256 256 16 256 7 4
	1266.83 -Ofast avx 256 256 256 16 256 6 4
[info] [Me=0] Best solution found:
	1266.83 -Ofast avx 256 256 256 16 256 6 4

[info] [Me=0] Gathering solutions from all processes
[info] [Me=0] Best solutions:
	1266.83 -Ofast avx 256 256 256 16 256 6 4
[info] [Me=0] Best overall:
	1266.83 -Ofast avx 256 256 256 16 256 6 4
[info] [Me=0] Total cost evaluations: 103
[info] [Me=0] Run finished. Logs can be found at convergence_run_3.log.
