[info] [Me=0] Args:
	algorithm: csa
	batch: False
	flexible_shape: False
	hparams: {}
	log: convergence_alg4_run0.log
	phase: run
	problem_size: [256, 256, 256]
	program_path: iso3dfd-st7
	seed: 33
	steps: 100
	use_energy: False
[info] [Me=0] Hyperparameters:
	popsize: 6
	t0: 1000
[info] [Me=0] real seed: 33
[info] [Me=0] Simulator initialized
[21:44:35]	[Me=0]	[k=0]	[eval=1]	Cost=1322.29	-O2 avx 256 256 256 16 256 3 3	(Initial)
[21:44:37]	[Me=0]	[k=1]	[eval=2]	Cost=1338.85	-O2 avx 256 256 256 16 256 4 3
[21:44:38]	[Me=0]	[k=1]	[eval=3]	Cost=1335.61	-O2 avx 256 256 256 16 256 3 4
[21:44:40]	[Me=0]	[k=1]	[eval=4]	Cost=1300.08	-O2 avx 256 256 256 16 256 2 3
[21:44:41]	[Me=0]	[k=1]	[eval=5]	Cost=1298.47	-O2 avx 256 256 256 16 256 2 3
[21:44:43]	[Me=0]	[k=1]	[eval=6]	Cost=1318.8	-O3 avx 256 256 256 16 256 3 3
[21:44:44]	[Me=0]	[k=1]	[eval=7]	Cost=1237.43	-O2 avx 256 256 256 16 256 3 2
[21:44:46]	[Me=0]	[k=2]	[eval=8]	Cost=1235.05	-O2 avx2 256 256 256 16 256 3 2
[21:44:47]	[Me=0]	[k=2]	[eval=9]	Cost=1340.09	-O2 avx512 256 256 256 16 256 4 3
[21:44:49]	[Me=0]	[k=2]	[eval=10]	Cost=1330.1	-O2 avx512 256 256 256 16 256 3 4
[21:44:50]	[Me=0]	[k=2]	[eval=11]	Cost=1298.25	-Ofast avx 256 256 256 16 256 2 3
[21:44:52]	[Me=0]	[k=2]	[eval=12]	Cost=1319.39	-O2 avx 256 256 256 16 256 3 3
[21:44:53]	[Me=0]	[k=2]	[eval=13]	Cost=1297.6	-O3 avx 256 256 256 16 256 2 3
[21:44:55]	[Me=0]	[k=3]	[eval=14]	Cost=1236.35	-Ofast avx 256 256 256 16 256 1 3
[21:44:56]	[Me=0]	[k=3]	[eval=15]	Cost=1337.45	-Ofast avx512 256 256 256 16 256 4 3
[21:44:58]	[Me=0]	[k=3]	[eval=16]	Cost=1211.44	-Ofast avx 256 256 256 16 256 2 2
[21:44:59]	[Me=0]	[k=3]	[eval=17]	Cost=1298.44	-O2 avx 256 256 256 16 256 2 3
[21:45:01]	[Me=0]	[k=3]	[eval=18]	Cost=1318.09	-O2 avx2 256 256 256 16 256 3 3
[21:45:02]	[Me=0]	[k=3]	[eval=19]	Cost=1240.69	-Ofast avx 256 256 256 16 256 1 3
[21:45:04]	[Me=0]	[k=4]	[eval=20]	Cost=1236.59	-O3 avx 256 256 256 16 256 1 3
[21:45:05]	[Me=0]	[k=4]	[eval=21]	Cost=1145.21	-Ofast avx 256 256 256 16 256 1 2
[21:45:07]	[Me=0]	[k=4]	[eval=22]	Cost=1237.61	-O3 avx 256 256 256 16 256 1 3
[21:45:08]	[Me=0]	[k=4]	[eval=23]	Cost=1240.98	-Ofast avx512 256 256 256 16 256 1 3
[21:45:10]	[Me=0]	[k=4]	[eval=24]	Cost=1213.43	-Ofast avx512 256 256 256 16 256 2 2
[21:45:11]	[Me=0]	[k=4]	[eval=25]	Cost=1237.05	-Ofast avx512 256 256 256 16 256 1 3
[21:45:13]	[Me=0]	[k=5]	[eval=26]	Cost=1297.1	-O3 avx 256 256 256 16 256 2 3
[21:45:15]	[Me=0]	[k=5]	[eval=27]	Cost=1299.41	-O3 avx 256 256 256 16 256 2 3
[21:45:17]	[Me=0]	[k=5]	[eval=28]	Cost=1238.65	-Ofast avx 256 256 256 16 256 1 3
[21:45:18]	[Me=0]	[k=5]	[eval=29]	Cost=1213.52	-O2 avx 256 256 256 16 256 2 2
[21:45:20]	[Me=0]	[k=5]	[eval=30]	Cost=1148.54	-O3 avx 256 256 256 16 256 1 2
[21:45:22]	[Me=0]	[k=5]	[eval=31]	Cost=1241.91	-O3 avx512 256 256 256 16 256 1 3
[21:45:23]	[Me=0]	[k=6]	[eval=32]	Cost=1297.69	-Ofast avx 256 256 256 16 256 2 3
[21:45:27]	[Me=0]	[k=6]	[eval=33]	Cost=1242.56	-O2 avx512 256 256 256 16 256 1 3
[21:45:28]	[Me=0]	[k=6]	[eval=34]	Cost=1298.66	-Ofast avx 256 256 256 16 256 2 3
[21:45:30]	[Me=0]	[k=6]	[eval=35]	Cost=1243.93	-O3 avx 256 256 256 16 256 1 3
[21:45:31]	[Me=0]	[k=6]	[eval=36]	Cost=1296.38	-O3 avx2 256 256 256 16 256 2 3
[21:45:33]	[Me=0]	[k=6]	[eval=37]	Cost=924.76	-O3 avx 256 256 256 16 256 1 1
[21:45:35]	[Me=0]	[k=7]	[eval=38]	Cost=1314.28	-O3 avx2 256 256 256 16 256 3 3
[21:45:36]	[Me=0]	[k=7]	[eval=39]	Cost=1297.17	-O3 avx 256 256 256 16 256 2 3
[21:45:38]	[Me=0]	[k=7]	[eval=40]	Cost=1239.29	-O3 avx 256 256 256 16 256 1 3
[21:45:39]	[Me=0]	[k=7]	[eval=41]	Cost=1213.23	-Ofast avx 256 256 256 16 256 2 2
[21:45:41]	[Me=0]	[k=7]	[eval=42]	Cost=1215.42	-Ofast avx 256 256 256 16 256 2 2
[21:45:42]	[Me=0]	[k=7]	[eval=43]	Cost=1295.99	-O3 avx 256 256 256 16 256 2 3
[21:45:44]	[Me=0]	[k=8]	[eval=44]	Cost=1238.52	-O2 avx 256 256 256 16 256 1 3
[21:45:45]	[Me=0]	[k=8]	[eval=45]	Cost=1298.64	-O3 avx512 256 256 256 16 256 2 3
[21:45:47]	[Me=0]	[k=8]	[eval=46]	Cost=1298.2	-O3 avx512 256 256 256 16 256 2 3
[21:45:48]	[Me=0]	[k=8]	[eval=47]	Cost=1337.79	-O3 avx2 256 256 256 16 256 4 3
[21:45:50]	[Me=0]	[k=8]	[eval=48]	Cost=1212.79	-Ofast avx2 256 256 256 16 256 2 2
[21:45:51]	[Me=0]	[k=8]	[eval=49]	Cost=1296.18	-O2 avx 256 256 256 16 256 2 3
[21:45:53]	[Me=0]	[k=9]	[eval=50]	Cost=1310.18	-O2 avx 256 256 256 16 256 2 4
[21:45:54]	[Me=0]	[k=9]	[eval=51]	Cost=1211.02	-O2 avx2 256 256 256 16 256 2 2
[21:45:56]	[Me=0]	[k=9]	[eval=52]	Cost=1216.2	-O2 avx2 256 256 256 16 256 2 2
[21:45:57]	[Me=0]	[k=9]	[eval=53]	Cost=1296.95	-Ofast avx2 256 256 256 16 256 2 3
[21:45:59]	[Me=0]	[k=9]	[eval=54]	Cost=1297.55	-O2 avx512 256 256 256 16 256 2 3
[21:46:00]	[Me=0]	[k=9]	[eval=55]	Cost=1299.37	-O3 avx 256 256 256 16 256 2 3
[21:46:02]	[Me=0]	[k=10]	[eval=56]	Cost=1299.73	-O3 avx512 256 256 256 16 256 2 3
[21:46:03]	[Me=0]	[k=10]	[eval=57]	Cost=1312.49	-Ofast avx 256 256 256 16 256 2 4
[21:46:05]	[Me=0]	[k=10]	[eval=58]	Cost=1310.1	-O2 avx512 256 256 256 16 256 2 4
[21:46:06]	[Me=0]	[k=10]	[eval=59]	Cost=1315.96	-Ofast avx2 256 256 256 16 256 3 3
[21:46:07]	[Me=0]	[k=10]	[eval=60]	Cost=1299.47	-O2 avx2 256 256 256 16 256 2 3
[21:46:09]	[Me=0]	[k=10]	[eval=61]	Cost=1312.12	-O2 avx2 256 256 256 16 256 2 4
[21:46:10]	[Me=0]	[k=11]	[eval=62]	Cost=1316.35	-Ofast avx512 256 256 256 16 256 3 3
[21:46:12]	[Me=0]	[k=11]	[eval=63]	Cost=1314.67	-Ofast avx512 256 256 256 16 256 2 4
[21:46:13]	[Me=0]	[k=11]	[eval=64]	Cost=1309.45	-Ofast avx2 256 256 256 16 256 2 4
[21:46:15]	[Me=0]	[k=11]	[eval=65]	Cost=1279.28	-Ofast avx 256 256 256 16 256 1 4
[21:46:16]	[Me=0]	[k=11]	[eval=66]	Cost=1298.65	-Ofast avx2 256 256 256 16 256 2 3
[21:46:18]	[Me=0]	[k=11]	[eval=67]	Cost=1311.12	-O2 avx 256 256 256 16 256 2 4
[21:46:19]	[Me=0]	[k=12]	[eval=68]	Cost=1309.65	-Ofast avx 256 256 256 16 256 1 5
[21:46:21]	[Me=0]	[k=12]	[eval=69]	Cost=1356.1	-Ofast avx512 256 256 256 16 256 2 5
[21:46:22]	[Me=0]	[k=12]	[eval=70]	Cost=1296.53	-O2 avx 256 256 256 16 256 2 3
[21:46:24]	[Me=0]	[k=12]	[eval=71]	Cost=1279.92	-O2 avx 256 256 256 16 256 1 4
[21:46:25]	[Me=0]	[k=12]	[eval=72]	Cost=1319.43	-Ofast avx2 256 256 256 16 256 3 3
[21:46:27]	[Me=0]	[k=12]	[eval=73]	Cost=1238.13	-Ofast avx 256 256 256 16 256 1 3
[21:46:28]	[Me=0]	[k=13]	[eval=74]	Cost=1297.01	-O3 avx 256 256 256 16 256 2 3
[21:46:30]	[Me=0]	[k=13]	[eval=75]	Cost=1278.28	-O2 avx2 256 256 256 16 256 1 4
[21:46:31]	[Me=0]	[k=13]	[eval=76]	Cost=1277.58	-Ofast avx 256 256 256 16 256 1 4
[21:46:32]	[Me=0]	[k=13]	[eval=77]	Cost=1313.76	-O2 avx 256 256 256 16 256 2 4
[21:46:34]	[Me=0]	[k=13]	[eval=78]	Cost=1278.11	-Ofast avx 256 256 256 16 256 1 4
[21:46:35]	[Me=0]	[k=13]	[eval=79]	Cost=1296.56	-Ofast avx 256 256 256 16 256 2 3
[21:46:37]	[Me=0]	[k=14]	[eval=80]	Cost=1278.21	-Ofast avx512 256 256 256 16 256 1 4
[21:46:38]	[Me=0]	[k=14]	[eval=81]	Cost=1281.69	-Ofast avx2 256 256 256 16 256 1 4
[21:46:40]	[Me=0]	[k=14]	[eval=82]	Cost=1213.78	-Ofast avx 256 256 256 16 256 2 2
[21:46:42]	[Me=0]	[k=14]	[eval=83]	Cost=1279.75	-O2 avx 256 256 256 16 256 1 4
[21:46:43]	[Me=0]	[k=14]	[eval=84]	Cost=1280.5	-O2 avx 256 256 256 16 256 1 4
[21:46:45]	[Me=0]	[k=14]	[eval=85]	Cost=1313.02	-Ofast avx 256 256 256 16 256 2 4
[21:46:52]	[Me=0]	[k=15]	[eval=86]	Cost=1312.75	-O2 avx 256 256 256 16 256 2 4
[21:46:53]	[Me=0]	[k=15]	[eval=87]	Cost=1310.5	-Ofast avx2 256 256 256 16 256 1 5
[21:46:55]	[Me=0]	[k=15]	[eval=88]	Cost=1296.87	-Ofast avx 256 256 256 16 256 2 3
[21:46:56]	[Me=0]	[k=15]	[eval=89]	Cost=1283.31	-O2 avx2 256 256 256 16 256 1 4
[21:46:58]	[Me=0]	[k=15]	[eval=90]	Cost=1277.75	-O2 avx2 256 256 256 16 256 1 4
[21:46:59]	[Me=0]	[k=15]	[eval=91]	Cost=1313.86	-O2 avx 256 256 256 16 256 2 4
[21:47:01]	[Me=0]	[k=16]	[eval=92]	Cost=1311.4	-O2 avx2 256 256 256 16 256 2 4
[21:47:02]	[Me=0]	[k=16]	[eval=93]	Cost=1240.33	-O2 avx2 256 256 256 16 256 1 3
[21:47:04]	[Me=0]	[k=16]	[eval=94]	Cost=1278.46	-Ofast avx2 256 256 256 16 256 1 4
[21:47:05]	[Me=0]	[k=16]	[eval=95]	Cost=1313.07	-O3 avx 256 256 256 16 256 2 4
[21:47:07]	[Me=0]	[k=16]	[eval=96]	Cost=1281.02	-O2 avx 256 256 256 16 256 1 4
[21:47:08]	[Me=0]	[k=16]	[eval=97]	Cost=1278.66	-O3 avx2 256 256 256 16 256 1 4
[21:47:10]	[Me=0]	[k=17]	[eval=98]	Cost=1277.41	-Ofast avx 256 256 256 16 256 1 4
[21:47:11]	[Me=0]	[k=17]	[eval=99]	Cost=1313.26	-O3 avx2 256 256 256 16 256 2 4
[21:47:12]	[Me=0]	[k=17]	[eval=100]	Cost=1280.0	-O3 avx512 256 256 256 16 256 1 4
[21:47:14]	[Me=0]	[k=17]	[eval=101]	Cost=1278.71	-Ofast avx512 256 256 256 16 256 1 4
[21:47:15]	[Me=0]	[k=17]	[eval=102]	Cost=1310.83	-O2 avx 256 256 256 16 256 2 4
[21:47:17]	[Me=0]	[k=17]	[eval=103]	Cost=1278.89	-Ofast avx 256 256 256 16 256 1 4
[info] [Me=0] Path taken:
	1322.29 -O2 avx 256 256 256 16 256 3 3
	1338.85 -O2 avx 256 256 256 16 256 4 3
	1340.09 -O2 avx512 256 256 256 16 256 4 3
	1356.1 -Ofast avx512 256 256 256 16 256 2 5
[info] [Me=0] Best solution found:
	1356.1 -Ofast avx512 256 256 256 16 256 2 5

[info] [Me=0] Gathering solutions from all processes
[info] [Me=0] Best solutions:
	1356.1 -Ofast avx512 256 256 256 16 256 2 5 Final evaluation: 1355.34
[info] [Me=0] Best overall:
	1355.34 -Ofast avx512 256 256 256 16 256 2 5
[info] [Me=0] Total cost evaluations: 103
[info] [Me=0] Elapsed time: 3.62 seconds
[info] [Me=0] Run finished. Logs can be found at convergence_alg4_run0.log.
