[info] [Me=0] Args:
	algorithm: cmaes
	batch: False
	flexible_shape: False
	hparams: {}
	log: convergence_alg5_run5.log
	phase: run
	problem_size: [256, 256, 256]
	program_path: iso3dfd-st7
	seed: 33
	steps: 100
	use_energy: False
[info] [Me=0] Hyperparameters:
[info] [Me=0] real seed: 33
[info] [Me=0] Simulator initialized
[23:07:58]	[Me=0]	[k=1]	[eval=1]	Cost=1319.84	-O2 avx 256 256 256 16 256 2 4
[23:07:59]	[Me=0]	[k=1]	[eval=2]	Cost=1284.16	-O2 avx 256 256 256 16 256 1 4
[23:08:01]	[Me=0]	[k=1]	[eval=3]	Cost=1239.14	-O2 avx 256 256 256 16 256 1 3
[23:08:02]	[Me=0]	[k=1]	[eval=4]	Cost=1315.89	-O2 avx 256 256 256 16 256 2 4
[23:08:04]	[Me=0]	[k=1]	[eval=5]	Cost=1321.61	-O2 avx 256 256 256 16 256 3 3
[23:08:05]	[Me=0]	[k=1]	[eval=6]	Cost=1150.48	-O3 avx 256 256 256 16 256 1 2
[23:08:07]	[Me=0]	[k=1]	[eval=7]	Cost=1027.61	-O2 avx 256 256 256 16 256 3 1
[23:08:09]	[Me=0]	[k=1]	[eval=8]	Cost=1317.94	-O2 avx 256 256 256 16 256 3 3
[23:08:10]	[Me=0]	[k=2]	[eval=9]	Cost=1338.88	-O2 avx2 256 256 256 16 256 4 3
[23:08:12]	[Me=0]	[k=2]	[eval=10]	Cost=1331.24	-O2 avx 256 256 256 16 256 3 4
[23:08:13]	[Me=0]	[k=2]	[eval=11]	Cost=1338.7	-O3 avx 256 256 256 16 256 4 3
[23:08:14]	[Me=0]	[k=2]	[eval=12]	Cost=1318.57	-O3 avx 256 256 256 16 256 3 3
[23:08:16]	[Me=0]	[k=2]	[eval=13]	Cost=1297.73	-O2 avx 256 256 256 16 256 2 3
[23:08:19]	[Me=0]	[k=2]	[eval=14]	Cost=1315.43	-O2 avx 256 256 256 16 256 3 3
[23:08:21]	[Me=0]	[k=2]	[eval=15]	Cost=1242.06	-O2 avx 256 256 256 16 256 5 2
[23:08:22]	[Me=0]	[k=2]	[eval=16]	Cost=1315.84	-O2 avx2 256 256 256 16 256 3 3
[23:08:24]	[Me=0]	[k=3]	[eval=17]	Cost=1313.71	-O2 avx 256 256 256 16 256 3 3
[23:08:25]	[Me=0]	[k=3]	[eval=18]	Cost=1327.79	-O3 avx 256 256 256 16 256 5 3
[23:08:27]	[Me=0]	[k=3]	[eval=19]	Cost=1298.81	-O2 avx 256 256 256 16 256 2 3
[23:08:28]	[Me=0]	[k=3]	[eval=20]	Cost=1320.49	-O2 avx 256 256 256 16 256 3 3
[23:08:30]	[Me=0]	[k=3]	[eval=21]	Cost=1234.89	-O3 avx 256 256 256 16 256 3 2
[23:08:31]	[Me=0]	[k=3]	[eval=22]	Cost=1232.76	-O2 avx 256 256 256 16 256 3 2
[23:08:33]	[Me=0]	[k=3]	[eval=23]	Cost=1366.65	-O3 avx 256 256 256 16 256 4 4
[23:08:34]	[Me=0]	[k=3]	[eval=24]	Cost=1299.08	-O2 avx2 256 256 256 16 256 2 3
[23:08:36]	[Me=0]	[k=4]	[eval=25]	Cost=1385.37	-Ofast avx 256 256 256 16 256 6 4
[23:08:37]	[Me=0]	[k=4]	[eval=26]	Cost=1328.19	-O3 avx 256 256 256 16 256 5 3
[23:08:39]	[Me=0]	[k=4]	[eval=27]	Cost=1338.54	-Ofast avx 256 256 256 16 256 4 3
[23:08:40]	[Me=0]	[k=4]	[eval=28]	Cost=1237.69	-O2 avx 256 256 256 16 256 3 2
[23:08:42]	[Me=0]	[k=4]	[eval=29]	Cost=1316.62	-O3 avx 256 256 256 16 256 3 3
[23:08:43]	[Me=0]	[k=4]	[eval=30]	Cost=1367.91	-O3 avx 256 256 256 16 256 5 4
[23:08:44]	[Me=0]	[k=4]	[eval=31]	Cost=1338.49	-Ofast avx2 256 256 256 16 256 4 3
[23:08:46]	[Me=0]	[k=4]	[eval=32]	Cost=1379.76	-O3 avx 256 256 256 16 256 6 4
[23:08:47]	[Me=0]	[k=5]	[eval=33]	Cost=1442.79	-Ofast avx 256 256 256 16 256 7 5
[23:08:49]	[Me=0]	[k=5]	[eval=34]	Cost=1367.93	-O3 avx 256 256 256 16 256 5 4
[23:08:50]	[Me=0]	[k=5]	[eval=35]	Cost=1425.89	-O3 avx2 256 256 256 16 256 5 5
[23:08:51]	[Me=0]	[k=5]	[eval=36]	Cost=1431.15	-Ofast avx 256 256 256 16 256 5 6
[23:08:53]	[Me=0]	[k=5]	[eval=37]	Cost=1338.31	-O2 avx 256 256 256 16 256 4 3
[23:08:54]	[Me=0]	[k=5]	[eval=38]	Cost=1366.47	-O2 avx 256 256 256 16 256 4 4
[23:08:56]	[Me=0]	[k=5]	[eval=39]	Cost=1243.18	-O3 avx 256 256 256 16 256 5 2
[23:08:57]	[Me=0]	[k=5]	[eval=40]	Cost=1367.37	-O2 avx 256 256 256 16 256 5 4
[23:08:59]	[Me=0]	[k=6]	[eval=41]	Cost=1345.92	-Ofast avx 256 256 256 16 256 6 3
[23:09:00]	[Me=0]	[k=6]	[eval=42]	Cost=1442.61	-Ofast avx2 256 256 256 16 256 6 6
[23:09:01]	[Me=0]	[k=6]	[eval=43]	Cost=1443.18	-O3 avx2 256 256 256 16 256 6 6
[23:09:03]	[Me=0]	[k=6]	[eval=44]	Cost=1444.83	-O3 avx 256 256 256 16 256 7 5
[23:09:04]	[Me=0]	[k=6]	[eval=45]	Cost=1457.39	-Ofast avx512 256 256 256 16 256 7 7
[23:09:06]	[Me=0]	[k=6]	[eval=46]	Cost=1409.33	-Ofast avx 256 256 256 16 256 8 4
[23:09:07]	[Me=0]	[k=6]	[eval=47]	Cost=1443.53	-O3 avx2 256 256 256 16 256 7 5
[23:09:08]	[Me=0]	[k=6]	[eval=48]	Cost=1442.25	-Ofast avx 256 256 256 16 256 6 6
[23:09:10]	[Me=0]	[k=7]	[eval=49]	Cost=1481.83	-Ofast avx2 256 256 256 16 256 8 10
[23:09:11]	[Me=0]	[k=7]	[eval=50]	Cost=1442.13	-Ofast avx 256 256 256 16 256 6 5
[23:09:12]	[Me=0]	[k=7]	[eval=51]	Cost=1444.61	-Ofast avx2 256 256 256 16 256 6 6
[23:09:14]	[Me=0]	[k=7]	[eval=52]	Cost=1388.84	-O3 avx2 256 256 256 16 256 7 4
[23:09:15]	[Me=0]	[k=7]	[eval=53]	Cost=1407.27	-Ofast avx 256 256 256 16 256 10 4
[23:09:17]	[Me=0]	[k=7]	[eval=54]	Cost=1467.01	-Ofast avx 256 256 256 16 256 8 7
[23:09:18]	[Me=0]	[k=7]	[eval=55]	Cost=1467.18	-Ofast avx2 256 256 256 16 256 11 10
[23:09:19]	[Me=0]	[k=7]	[eval=56]	Cost=1443.53	-Ofast avx 256 256 256 16 256 7 6
[23:09:21]	[Me=0]	[k=8]	[eval=57]	Cost=1448.58	-Ofast avx 256 256 256 16 256 13 12
[23:09:22]	[Me=0]	[k=8]	[eval=58]	Cost=1479.25	-Ofast avx512 256 256 256 16 256 8 9
[23:09:23]	[Me=0]	[k=8]	[eval=59]	Cost=1462.36	-O3 avx512 256 256 256 16 256 12 9
[23:09:25]	[Me=0]	[k=8]	[eval=60]	Cost=1473.28	-Ofast avx 256 256 256 16 256 8 14
[23:09:26]	[Me=0]	[k=8]	[eval=61]	Cost=1468.12	-Ofast avx512 256 256 256 16 256 10 10
[23:09:28]	[Me=0]	[k=8]	[eval=62]	Cost=1467.09	-Ofast avx512 256 256 256 16 256 8 7
[23:09:29]	[Me=0]	[k=8]	[eval=63]	Cost=1481.36	-Ofast avx512 256 256 256 16 256 8 9
[23:09:30]	[Me=0]	[k=8]	[eval=64]	Cost=1466.12	-Ofast avx2 256 256 256 16 256 12 11
[23:09:32]	[Me=0]	[k=9]	[eval=65]	Cost=1472.15	-O3 avx512 256 256 256 16 256 9 15
[23:09:33]	[Me=0]	[k=9]	[eval=66]	Cost=1427.25	-Ofast avx2 256 256 256 16 256 12 16
[23:09:34]	[Me=0]	[k=9]	[eval=67]	Cost=1467.34	-Ofast avx2 256 256 256 16 256 11 9
[23:09:36]	[Me=0]	[k=9]	[eval=68]	Cost=1386.2	-Ofast avx512 256 256 256 16 256 14 16
[23:09:37]	[Me=0]	[k=9]	[eval=69]	Cost=1466.88	-Ofast avx512 256 256 256 16 256 9 8
[23:09:38]	[Me=0]	[k=9]	[eval=70]	Cost=1478.81	-Ofast avx512 256 256 256 16 256 6 12
[23:09:40]	[Me=0]	[k=9]	[eval=71]	Cost=1324.84	-Ofast avx512 256 256 256 16 256 1 11
[23:09:41]	[Me=0]	[k=9]	[eval=72]	Cost=1300.01	-Ofast avx2 256 256 256 16 256 1 7
[23:09:43]	[Me=0]	[k=10]	[eval=73]	Cost=1475.08	-O3 avx512 256 256 256 16 256 6 14
[23:09:44]	[Me=0]	[k=10]	[eval=74]	Cost=1482.73	-O3 avx512 256 256 256 16 256 8 12
[23:09:45]	[Me=0]	[k=10]	[eval=75]	Cost=1466.45	-O3 avx512 256 256 256 16 256 8 7
[23:09:47]	[Me=0]	[k=10]	[eval=76]	Cost=1480.33	-Ofast avx 256 256 256 16 256 8 8
[23:09:48]	[Me=0]	[k=10]	[eval=77]	Cost=1416.32	-Ofast avx512 256 256 256 16 256 2 10
[23:09:50]	[Me=0]	[k=10]	[eval=78]	Cost=1468.25	-O3 avx512 256 256 256 16 256 9 12
[23:09:51]	[Me=0]	[k=10]	[eval=79]	Cost=1309.15	-Ofast avx512 256 256 256 16 256 1 8
[23:09:52]	[Me=0]	[k=10]	[eval=80]	Cost=1450.72	-O3 avx512 256 256 256 16 256 11 14
[23:09:54]	[Me=0]	[k=11]	[eval=81]	Cost=1444.72	-O3 avx512 256 256 256 16 256 9 16
[23:09:55]	[Me=0]	[k=11]	[eval=82]	Cost=1469.75	-Ofast avx512 256 256 256 16 256 10 10
[23:09:57]	[Me=0]	[k=11]	[eval=83]	Cost=1355.18	-Ofast avx512 256 256 256 16 256 7 3
[23:09:58]	[Me=0]	[k=11]	[eval=84]	Cost=1459.13	-Ofast avx512 256 256 256 16 256 10 7
[23:09:59]	[Me=0]	[k=11]	[eval=85]	Cost=1482.28	-Ofast avx512 256 256 256 16 256 8 12
[23:10:01]	[Me=0]	[k=11]	[eval=86]	Cost=1493.41	-O2 avx512 256 256 256 16 256 7 15
[23:10:02]	[Me=0]	[k=11]	[eval=87]	Cost=1470.32	-O3 avx512 256 256 256 16 256 8 13
[23:10:03]	[Me=0]	[k=11]	[eval=88]	Cost=1466.96	-Ofast avx512 256 256 256 16 256 7 8
[23:10:05]	[Me=0]	[k=12]	[eval=89]	Cost=1420.7	-O2 avx512 256 256 256 16 256 12 16
[23:10:06]	[Me=0]	[k=12]	[eval=90]	Cost=1459.31	-O3 avx512 256 256 256 16 256 8 16
[23:10:07]	[Me=0]	[k=12]	[eval=91]	Cost=1454.65	-Ofast avx512 256 256 256 16 256 10 7
[23:10:09]	[Me=0]	[k=12]	[eval=92]	Cost=1448.2	-O2 avx512 256 256 256 16 256 9 16
[23:10:10]	[Me=0]	[k=12]	[eval=93]	Cost=1467.12	-O3 avx512 256 256 256 16 256 6 16
[23:10:12]	[Me=0]	[k=12]	[eval=94]	Cost=1454.05	-O3 avx512 256 256 256 16 256 13 11
[23:10:13]	[Me=0]	[k=12]	[eval=95]	Cost=1485.46	-O3 avx512 256 256 256 16 256 3 15
[23:10:14]	[Me=0]	[k=12]	[eval=96]	Cost=1463.85	-O3 avx512 256 256 256 16 256 4 8
[23:10:16]	[Me=0]	[k=13]	[eval=97]	Cost=1488.37	-O2 avx512 256 256 256 16 256 6 15
[23:10:17]	[Me=0]	[k=13]	[eval=98]	Cost=1437.72	-O3 avx512 256 256 256 16 256 2 16
[23:10:18]	[Me=0]	[k=13]	[eval=99]	Cost=1475.79	-O2 avx512 256 256 256 16 256 8 14
[23:10:20]	[Me=0]	[k=13]	[eval=100]	Cost=1454.86	-O2 avx2 256 256 256 16 256 8 16
[23:10:21]	[Me=0]	[k=13]	[eval=101]	Cost=1328.5	-O2 avx2 256 256 256 16 256 1 12
[23:10:22]	[Me=0]	[k=13]	[eval=102]	Cost=1450.97	-Ofast avx2 256 256 256 16 256 3 13
[23:10:24]	[Me=0]	[k=13]	[eval=103]	Cost=1472.27	-O3 avx512 256 256 256 16 256 5 11
[23:10:25]	[Me=0]	[k=13]	[eval=104]	Cost=1467.36	-O3 avx 256 256 256 16 256 10 15
[23:10:27]	[Me=0]	[k=14]	[eval=105]	Cost=1465.82	-O2 avx512 256 256 256 16 256 6 16
[info] [Me=0] Path taken:
[info] [Me=0] Best solution found:
	1487.85 -O2 avx512 256 256 256 16 256 7 15

[info] [Me=0] Gathering solutions from all processes
[info] [Me=0] Best solutions:
	1487.85 -O2 avx512 256 256 256 16 256 7 15 Final evaluation: 1489.3
[info] [Me=0] Best overall:
	1489.3 -O2 avx512 256 256 256 16 256 7 15
[info] [Me=0] Total cost evaluations: 106
[info] [Me=0] Elapsed time: 3.29 seconds
[info] [Me=0] Run finished. Logs can be found at convergence_alg5_run5.log.
