[info] [Me=0] Args:
	algorithm: csa
	batch: False
	flexible_shape: False
	hparams: {}
	log: convergence_alg4_run2.log
	phase: run
	problem_size: [256, 256, 256]
	program_path: iso3dfd-st7
	seed: 33
	steps: 100
	use_energy: False
[info] [Me=0] Hyperparameters:
	popsize: 6
	t0: 1000
[info] [Me=0] real seed: 33
[info] [Me=0] Simulator initialized
[22:02:54]	[Me=0]	[k=0]	[eval=1]	Cost=1322.94	-O2 avx 256 256 256 16 256 3 3	(Initial)
[22:02:55]	[Me=0]	[k=1]	[eval=2]	Cost=1340.39	-O2 avx 256 256 256 16 256 4 3
[22:02:57]	[Me=0]	[k=1]	[eval=3]	Cost=1333.59	-O2 avx 256 256 256 16 256 3 4
[22:02:58]	[Me=0]	[k=1]	[eval=4]	Cost=1296.65	-O2 avx 256 256 256 16 256 2 3
[22:03:00]	[Me=0]	[k=1]	[eval=5]	Cost=1296.64	-O2 avx 256 256 256 16 256 2 3
[22:03:01]	[Me=0]	[k=1]	[eval=6]	Cost=1320.94	-Ofast avx 256 256 256 16 256 3 3
[22:03:03]	[Me=0]	[k=1]	[eval=7]	Cost=1239.2	-O2 avx 256 256 256 16 256 3 2
[22:03:04]	[Me=0]	[k=2]	[eval=8]	Cost=1236.44	-O2 avx2 256 256 256 16 256 3 2
[22:03:06]	[Me=0]	[k=2]	[eval=9]	Cost=1339.43	-O2 avx512 256 256 256 16 256 4 3
[22:03:07]	[Me=0]	[k=2]	[eval=10]	Cost=1320.58	-O2 avx 256 256 256 16 256 3 3
[22:03:09]	[Me=0]	[k=2]	[eval=11]	Cost=1296.48	-Ofast avx 256 256 256 16 256 2 3
[22:03:10]	[Me=0]	[k=2]	[eval=12]	Cost=1299.1	-Ofast avx 256 256 256 16 256 2 3
[22:03:11]	[Me=0]	[k=2]	[eval=13]	Cost=1318.24	-Ofast avx2 256 256 256 16 256 3 3
[22:03:13]	[Me=0]	[k=3]	[eval=14]	Cost=1311.71	-Ofast avx 256 256 256 16 256 2 4
[22:03:14]	[Me=0]	[k=3]	[eval=15]	Cost=1331.32	-Ofast avx2 256 256 256 16 256 3 4
[22:03:16]	[Me=0]	[k=3]	[eval=16]	Cost=1213.63	-Ofast avx 256 256 256 16 256 2 2
[22:03:17]	[Me=0]	[k=3]	[eval=17]	Cost=1297.72	-O2 avx 256 256 256 16 256 2 3
[22:03:19]	[Me=0]	[k=3]	[eval=18]	Cost=1236.7	-O2 avx 256 256 256 16 256 3 2
[22:03:21]	[Me=0]	[k=3]	[eval=19]	Cost=1298.29	-O2 avx 256 256 256 16 256 2 3
[22:03:22]	[Me=0]	[k=4]	[eval=20]	Cost=1029.8	-O2 avx 256 256 256 16 256 3 1
[22:03:24]	[Me=0]	[k=4]	[eval=21]	Cost=1278.49	-Ofast avx 256 256 256 16 256 1 4
[22:03:25]	[Me=0]	[k=4]	[eval=22]	Cost=1216.23	-O3 avx 256 256 256 16 256 2 2
[22:03:27]	[Me=0]	[k=4]	[eval=23]	Cost=1316.63	-Ofast avx512 256 256 256 16 256 2 4
[22:03:28]	[Me=0]	[k=4]	[eval=24]	Cost=1315.06	-Ofast avx512 256 256 256 16 256 2 4
[22:03:30]	[Me=0]	[k=4]	[eval=25]	Cost=1297.0	-Ofast avx 256 256 256 16 256 2 3
[22:03:31]	[Me=0]	[k=5]	[eval=26]	Cost=1312.4	-O3 avx512 256 256 256 16 256 2 4
[22:03:33]	[Me=0]	[k=5]	[eval=27]	Cost=1237.24	-Ofast avx 256 256 256 16 256 1 3
[22:03:34]	[Me=0]	[k=5]	[eval=28]	Cost=1311.22	-Ofast avx2 256 256 256 16 256 2 4
[22:03:36]	[Me=0]	[k=5]	[eval=29]	Cost=1336.25	-Ofast avx 256 256 256 16 256 3 4
[22:03:37]	[Me=0]	[k=5]	[eval=30]	Cost=1312.41	-O3 avx512 256 256 256 16 256 2 4
[22:03:39]	[Me=0]	[k=5]	[eval=31]	Cost=1313.64	-O2 avx512 256 256 256 16 256 2 4
[22:03:40]	[Me=0]	[k=6]	[eval=32]	Cost=1318.44	-O3 avx512 256 256 256 16 256 2 4
[22:03:42]	[Me=0]	[k=6]	[eval=33]	Cost=1238.01	-Ofast avx512 256 256 256 16 256 1 3
[22:03:43]	[Me=0]	[k=6]	[eval=34]	Cost=1335.79	-Ofast avx2 256 256 256 16 256 3 4
[22:03:44]	[Me=0]	[k=6]	[eval=35]	Cost=1331.51	-O2 avx512 256 256 256 16 256 3 4
[22:03:46]	[Me=0]	[k=6]	[eval=36]	Cost=1293.63	-O3 avx512 256 256 256 16 256 2 3
[22:03:47]	[Me=0]	[k=6]	[eval=37]	Cost=1281.74	-O3 avx512 256 256 256 16 256 1 4
[22:03:49]	[Me=0]	[k=7]	[eval=38]	Cost=1277.6	-O3 avx2 256 256 256 16 256 1 4
[22:03:50]	[Me=0]	[k=7]	[eval=39]	Cost=1332.19	-O2 avx2 256 256 256 16 256 3 4
[22:03:52]	[Me=0]	[k=7]	[eval=40]	Cost=1313.43	-Ofast avx2 256 256 256 16 256 2 4
[22:03:53]	[Me=0]	[k=7]	[eval=41]	Cost=1368.2	-O2 avx512 256 256 256 16 256 4 4
[22:03:55]	[Me=0]	[k=7]	[eval=42]	Cost=1239.49	-O2 avx512 256 256 256 16 256 1 3
[22:03:56]	[Me=0]	[k=7]	[eval=43]	Cost=1313.19	-O2 avx512 256 256 256 16 256 2 4
[22:03:58]	[Me=0]	[k=8]	[eval=44]	Cost=1367.19	-O2 avx2 256 256 256 16 256 4 4
[22:03:59]	[Me=0]	[k=8]	[eval=45]	Cost=1321.47	-O2 avx2 256 256 256 16 256 3 3
[22:04:01]	[Me=0]	[k=8]	[eval=46]	Cost=1426.93	-O2 avx512 256 256 256 16 256 4 5
[22:04:02]	[Me=0]	[k=8]	[eval=47]	Cost=1317.09	-O2 avx2 256 256 256 16 256 2 4
[22:04:04]	[Me=0]	[k=8]	[eval=48]	Cost=1315.18	-O3 avx2 256 256 256 16 256 2 4
[22:04:05]	[Me=0]	[k=8]	[eval=49]	Cost=1296.44	-O2 avx512 256 256 256 16 256 2 3
[22:04:06]	[Me=0]	[k=9]	[eval=50]	Cost=1341.2	-O2 avx2 256 256 256 16 256 4 3
[22:04:08]	[Me=0]	[k=9]	[eval=51]	Cost=1298.71	-Ofast avx512 256 256 256 16 256 2 3
[22:04:09]	[Me=0]	[k=9]	[eval=52]	Cost=1367.08	-Ofast avx2 256 256 256 16 256 4 4
[22:04:11]	[Me=0]	[k=9]	[eval=53]	Cost=1366.56	-O2 avx512 256 256 256 16 256 4 4
[22:04:12]	[Me=0]	[k=9]	[eval=54]	Cost=1299.24	-O2 avx 256 256 256 16 256 2 3
[22:04:14]	[Me=0]	[k=9]	[eval=55]	Cost=1331.55	-O2 avx2 256 256 256 16 256 3 4
[22:04:15]	[Me=0]	[k=10]	[eval=56]	Cost=1319.37	-O2 avx2 256 256 256 16 256 3 3
[22:04:17]	[Me=0]	[k=10]	[eval=57]	Cost=1330.61	-Ofast avx2 256 256 256 16 256 3 4
[22:04:18]	[Me=0]	[k=10]	[eval=58]	Cost=1313.59	-O2 avx 256 256 256 16 256 2 4
[22:04:19]	[Me=0]	[k=10]	[eval=59]	Cost=1428.06	-O2 avx512 256 256 256 16 256 4 5
[22:04:21]	[Me=0]	[k=10]	[eval=60]	Cost=1298.08	-O3 avx 256 256 256 16 256 2 3
[22:04:22]	[Me=0]	[k=10]	[eval=61]	Cost=1365.98	-O2 avx2 256 256 256 16 256 4 4
[22:04:24]	[Me=0]	[k=11]	[eval=62]	Cost=1432.48	-O2 avx512 256 256 256 16 256 4 6
[22:04:25]	[Me=0]	[k=11]	[eval=63]	Cost=1428.61	-Ofast avx512 256 256 256 16 256 4 5
[22:04:27]	[Me=0]	[k=11]	[eval=64]	Cost=1337.22	-O2 avx 256 256 256 16 256 4 3
[22:04:29]	[Me=0]	[k=11]	[eval=65]	Cost=1334.55	-O2 avx2 256 256 256 16 256 3 4
[22:04:31]	[Me=0]	[k=11]	[eval=66]	Cost=1299.25	-O2 avx 256 256 256 16 256 2 3
[22:04:32]	[Me=0]	[k=11]	[eval=67]	Cost=1380.71	-O2 avx512 256 256 256 16 256 3 5
[22:04:34]	[Me=0]	[k=12]	[eval=68]	Cost=1433.35	-Ofast avx512 256 256 256 16 256 4 6
[22:04:35]	[Me=0]	[k=12]	[eval=69]	Cost=1338.74	-O2 avx512 256 256 256 16 256 4 3
[22:04:37]	[Me=0]	[k=12]	[eval=70]	Cost=1213.01	-O2 avx 256 256 256 16 256 2 2
[22:04:40]	[Me=0]	[k=12]	[eval=71]	Cost=1433.53	-O2 avx 256 256 256 16 256 4 6
[22:04:42]	[Me=0]	[k=12]	[eval=72]	Cost=1238.69	-O2 avx 256 256 256 16 256 1 3
[22:04:44]	[Me=0]	[k=12]	[eval=73]	Cost=1322.47	-O2 avx 256 256 256 16 256 3 3
[22:04:45]	[Me=0]	[k=13]	[eval=74]	Cost=1383.34	-O2 avx 256 256 256 16 256 3 6
[22:04:47]	[Me=0]	[k=13]	[eval=75]	Cost=1239.46	-O3 avx 256 256 256 16 256 1 3
[22:04:48]	[Me=0]	[k=13]	[eval=76]	Cost=1319.18	-O2 avx512 256 256 256 16 256 3 3
[22:04:50]	[Me=0]	[k=13]	[eval=77]	Cost=1368.86	-O2 avx512 256 256 256 16 256 4 4
[22:04:51]	[Me=0]	[k=13]	[eval=78]	Cost=1431.63	-Ofast avx 256 256 256 16 256 4 6
[22:04:52]	[Me=0]	[k=13]	[eval=79]	Cost=1436.15	-O3 avx 256 256 256 16 256 4 6
[22:04:54]	[Me=0]	[k=14]	[eval=80]	Cost=1333.25	-O2 avx512 256 256 256 16 256 3 4
[22:04:55]	[Me=0]	[k=14]	[eval=81]	Cost=1449.46	-O3 avx 256 256 256 16 256 4 7
[22:04:57]	[Me=0]	[k=14]	[eval=82]	Cost=1433.98	-O2 avx 256 256 256 16 256 4 6
[22:04:58]	[Me=0]	[k=14]	[eval=83]	Cost=1384.53	-O3 avx 256 256 256 16 256 3 6
[22:04:59]	[Me=0]	[k=14]	[eval=84]	Cost=1434.28	-O2 avx 256 256 256 16 256 4 6
[22:05:01]	[Me=0]	[k=14]	[eval=85]	Cost=1366.0	-O3 avx512 256 256 256 16 256 4 4
[22:05:02]	[Me=0]	[k=15]	[eval=86]	Cost=1315.15	-O2 avx512 256 256 256 16 256 3 3
[22:05:04]	[Me=0]	[k=15]	[eval=87]	Cost=1332.9	-O2 avx2 256 256 256 16 256 3 4
[22:05:05]	[Me=0]	[k=15]	[eval=88]	Cost=1431.33	-O2 avx 256 256 256 16 256 5 6
[22:05:07]	[Me=0]	[k=15]	[eval=89]	Cost=1332.58	-O2 avx 256 256 256 16 256 3 4
[22:05:08]	[Me=0]	[k=15]	[eval=90]	Cost=1449.46	-O3 avx 256 256 256 16 256 5 7
[22:05:09]	[Me=0]	[k=15]	[eval=91]	Cost=1366.16	-O3 avx 256 256 256 16 256 4 4
[22:05:11]	[Me=0]	[k=16]	[eval=92]	Cost=1339.62	-O2 avx512 256 256 256 16 256 4 3
[22:05:12]	[Me=0]	[k=16]	[eval=93]	Cost=1367.42	-O2 avx 256 256 256 16 256 4 4
[22:05:14]	[Me=0]	[k=16]	[eval=94]	Cost=1311.52	-O2 avx 256 256 256 16 256 2 4
[22:05:15]	[Me=0]	[k=16]	[eval=95]	Cost=1316.05	-Ofast avx512 256 256 256 16 256 3 3
[22:05:17]	[Me=0]	[k=16]	[eval=96]	Cost=1312.02	-O2 avx2 256 256 256 16 256 2 4
[22:05:18]	[Me=0]	[k=16]	[eval=97]	Cost=1331.04	-O2 avx 256 256 256 16 256 3 4
[22:05:21]	[Me=0]	[k=17]	[eval=98]	Cost=1254.81	-O2 avx512 256 256 256 16 256 4 2
[22:05:23]	[Me=0]	[k=17]	[eval=99]	Cost=1375.3	-O2 avx 256 256 256 16 256 3 5
[22:05:25]	[Me=0]	[k=17]	[eval=100]	Cost=1295.07	-O2 avx 256 256 256 16 256 2 3
[22:05:26]	[Me=0]	[k=17]	[eval=101]	Cost=1333.13	-Ofast avx512 256 256 256 16 256 4 3
[22:05:28]	[Me=0]	[k=17]	[eval=102]	Cost=1364.61	-Ofast avx 256 256 256 16 256 4 4
[22:05:30]	[Me=0]	[k=17]	[eval=103]	Cost=1331.24	-O3 avx 256 256 256 16 256 3 4
[info] [Me=0] Path taken:
	1322.94 -O2 avx 256 256 256 16 256 3 3
	1340.39 -O2 avx 256 256 256 16 256 4 3
	1368.2 -O2 avx512 256 256 256 16 256 4 4
	1426.93 -O2 avx512 256 256 256 16 256 4 5
	1428.06 -O2 avx512 256 256 256 16 256 4 5
	1432.48 -O2 avx512 256 256 256 16 256 4 6
	1433.53 -O2 avx 256 256 256 16 256 4 6
	1436.15 -O3 avx 256 256 256 16 256 4 6
	1449.46 -O3 avx 256 256 256 16 256 4 7
[info] [Me=0] Best solution found:
	1449.46 -O3 avx 256 256 256 16 256 4 7

[info] [Me=0] Gathering solutions from all processes
[info] [Me=0] Best solutions:
	1449.46 -O3 avx 256 256 256 16 256 4 7 Final evaluation: 1450.59
[info] [Me=0] Best overall:
	1450.59 -O3 avx 256 256 256 16 256 4 7
[info] [Me=0] Total cost evaluations: 103
[info] [Me=0] Elapsed time: 8.35 seconds
[info] [Me=0] Run finished. Logs can be found at convergence_alg4_run2.log.
