[info] [Me=0] Args:
	algorithm: cmaes
	batch: False
	flexible_shape: False
	hparams: {}
	log: convergence_alg5_run2.log
	phase: run
	problem_size: [256, 256, 256]
	program_path: iso3dfd-st7
	seed: 33
	steps: 100
	use_energy: False
[info] [Me=0] Hyperparameters:
[info] [Me=0] real seed: 33
[info] [Me=0] Simulator initialized
[22:14:01]	[Me=0]	[k=1]	[eval=1]	Cost=1217.78	-O2 avx 256 256 256 16 256 2 2
[22:14:02]	[Me=0]	[k=1]	[eval=2]	Cost=1221.06	-O2 avx2 256 256 256 16 256 2 2
[22:14:04]	[Me=0]	[k=1]	[eval=3]	Cost=1149.48	-O3 avx 256 256 256 16 256 1 2
[22:14:05]	[Me=0]	[k=1]	[eval=4]	Cost=1219.4	-O3 avx2 256 256 256 16 256 2 2
[22:14:07]	[Me=0]	[k=1]	[eval=5]	Cost=1299.66	-O3 avx 256 256 256 16 256 2 3
[22:14:08]	[Me=0]	[k=1]	[eval=6]	Cost=1037.71	-O2 avx 256 256 256 16 256 3 1
[22:14:10]	[Me=0]	[k=1]	[eval=7]	Cost=1242.73	-O2 avx2 256 256 256 16 256 1 3
[22:14:12]	[Me=0]	[k=1]	[eval=8]	Cost=1215.86	-O3 avx 256 256 256 16 256 2 2
[22:14:13]	[Me=0]	[k=2]	[eval=9]	Cost=1311.6	-O2 avx 256 256 256 16 256 2 4
[22:14:15]	[Me=0]	[k=2]	[eval=10]	Cost=1011.63	-O2 avx2 256 256 256 16 256 2 1
[22:14:16]	[Me=0]	[k=2]	[eval=11]	Cost=1149.41	-O2 avx 256 256 256 16 256 1 2
[22:14:18]	[Me=0]	[k=2]	[eval=12]	Cost=1238.09	-O3 avx2 256 256 256 16 256 1 3
[22:14:20]	[Me=0]	[k=2]	[eval=13]	Cost=928.7	-O3 avx2 256 256 256 16 256 1 1
[22:14:23]	[Me=0]	[k=2]	[eval=14]	Cost=1297.9	-O2 avx 256 256 256 16 256 2 3
[22:14:26]	[Me=0]	[k=2]	[eval=15]	Cost=1298.36	-O2 avx 256 256 256 16 256 2 3
[22:14:28]	[Me=0]	[k=2]	[eval=16]	Cost=1301.33	-O2 avx 256 256 256 16 256 2 3
[22:14:30]	[Me=0]	[k=3]	[eval=17]	Cost=1357.12	-O2 avx 256 256 256 16 256 2 5
[22:14:32]	[Me=0]	[k=3]	[eval=18]	Cost=1296.77	-O2 avx 256 256 256 16 256 2 3
[22:14:35]	[Me=0]	[k=3]	[eval=19]	Cost=1319.79	-O2 avx 256 256 256 16 256 3 3
[22:14:36]	[Me=0]	[k=3]	[eval=20]	Cost=1238.62	-O2 avx2 256 256 256 16 256 1 3
[22:14:38]	[Me=0]	[k=3]	[eval=21]	Cost=1241.16	-O2 avx 256 256 256 16 256 1 3
[22:14:41]	[Me=0]	[k=3]	[eval=22]	Cost=1280.1	-O3 avx2 256 256 256 16 256 1 4
[22:14:43]	[Me=0]	[k=3]	[eval=23]	Cost=1314.51	-O3 avx 256 256 256 16 256 2 4
[22:14:44]	[Me=0]	[k=3]	[eval=24]	Cost=1316.51	-O3 avx 256 256 256 16 256 3 3
[22:14:48]	[Me=0]	[k=4]	[eval=25]	Cost=1329.26	-O2 avx 256 256 256 16 256 3 4
[22:14:51]	[Me=0]	[k=4]	[eval=26]	Cost=1309.98	-O3 avx 256 256 256 16 256 1 5
[22:14:52]	[Me=0]	[k=4]	[eval=27]	Cost=1313.18	-O2 avx 256 256 256 16 256 2 4
[22:14:54]	[Me=0]	[k=4]	[eval=28]	Cost=1236.58	-O2 avx 256 256 256 16 256 1 3
[22:14:55]	[Me=0]	[k=4]	[eval=29]	Cost=1340.01	-O3 avx2 256 256 256 16 256 4 3
[22:14:56]	[Me=0]	[k=4]	[eval=30]	Cost=1334.26	-Ofast avx 256 256 256 16 256 3 4
[22:14:58]	[Me=0]	[k=4]	[eval=31]	Cost=1314.11	-O2 avx 256 256 256 16 256 3 3
[22:14:59]	[Me=0]	[k=4]	[eval=32]	Cost=1337.65	-O2 avx 256 256 256 16 256 4 3
[22:15:01]	[Me=0]	[k=5]	[eval=33]	Cost=1326.41	-O2 avx 256 256 256 16 256 5 3
[22:15:02]	[Me=0]	[k=5]	[eval=34]	Cost=1314.7	-Ofast avx2 256 256 256 16 256 2 4
[22:15:04]	[Me=0]	[k=5]	[eval=35]	Cost=1379.74	-O2 avx 256 256 256 16 256 3 5
[22:15:05]	[Me=0]	[k=5]	[eval=36]	Cost=1331.42	-O2 avx 256 256 256 16 256 3 4
[22:15:07]	[Me=0]	[k=5]	[eval=37]	Cost=1320.2	-O2 avx 256 256 256 16 256 3 3
[22:15:08]	[Me=0]	[k=5]	[eval=38]	Cost=1238.99	-O2 avx 256 256 256 16 256 3 2
[22:15:10]	[Me=0]	[k=5]	[eval=39]	Cost=1336.36	-O3 avx 256 256 256 16 256 4 3
[22:15:11]	[Me=0]	[k=5]	[eval=40]	Cost=1253.6	-O2 avx2 256 256 256 16 256 4 2
[22:15:12]	[Me=0]	[k=6]	[eval=41]	Cost=1354.95	-O3 avx2 256 256 256 16 256 2 5
[22:15:14]	[Me=0]	[k=6]	[eval=42]	Cost=1354.82	-O3 avx 256 256 256 16 256 2 5
[22:15:15]	[Me=0]	[k=6]	[eval=43]	Cost=1432.54	-O3 avx 256 256 256 16 256 4 6
[22:15:17]	[Me=0]	[k=6]	[eval=44]	Cost=1309.94	-O2 avx 256 256 256 16 256 2 4
[22:15:18]	[Me=0]	[k=6]	[eval=45]	Cost=1425.12	-O2 avx 256 256 256 16 256 4 5
[22:15:20]	[Me=0]	[k=6]	[eval=46]	Cost=1314.45	-O2 avx2 256 256 256 16 256 3 3
[22:15:21]	[Me=0]	[k=6]	[eval=47]	Cost=1382.06	-Ofast avx2 256 256 256 16 256 3 6
[22:15:22]	[Me=0]	[k=6]	[eval=48]	Cost=1384.69	-O3 avx2 256 256 256 16 256 3 6
[22:15:24]	[Me=0]	[k=7]	[eval=49]	Cost=1343.66	-O2 avx 256 256 256 16 256 6 3
[22:15:25]	[Me=0]	[k=7]	[eval=50]	Cost=1359.78	-Ofast avx 256 256 256 16 256 2 7
[22:15:27]	[Me=0]	[k=7]	[eval=51]	Cost=1345.49	-Ofast avx512 256 256 256 16 256 2 6
[22:15:28]	[Me=0]	[k=7]	[eval=52]	Cost=1315.53	-Ofast avx 256 256 256 16 256 3 3
[22:15:30]	[Me=0]	[k=7]	[eval=53]	Cost=1439.42	-Ofast avx2 256 256 256 16 256 6 5
[22:15:31]	[Me=0]	[k=7]	[eval=54]	Cost=1425.78	-Ofast avx2 256 256 256 16 256 5 5
[22:15:32]	[Me=0]	[k=7]	[eval=55]	Cost=1368.23	-O2 avx2 256 256 256 16 256 5 4
[22:15:34]	[Me=0]	[k=7]	[eval=56]	Cost=1446.5	-O2 avx 256 256 256 16 256 5 7
[22:15:35]	[Me=0]	[k=8]	[eval=57]	Cost=1430.14	-O2 avx2 256 256 256 16 256 5 6
[22:15:37]	[Me=0]	[k=8]	[eval=58]	Cost=1451.0	-O3 avx2 256 256 256 16 256 4 7
[22:15:38]	[Me=0]	[k=8]	[eval=59]	Cost=1386.7	-Ofast avx 256 256 256 16 256 6 4
[22:15:39]	[Me=0]	[k=8]	[eval=60]	Cost=1367.12	-O3 avx2 256 256 256 16 256 5 4
[22:15:41]	[Me=0]	[k=8]	[eval=61]	Cost=1444.5	-Ofast avx512 256 256 256 16 256 7 6
[22:15:42]	[Me=0]	[k=8]	[eval=62]	Cost=1427.16	-O3 avx 256 256 256 16 256 5 5
[22:15:44]	[Me=0]	[k=8]	[eval=63]	Cost=1428.02	-O3 avx 256 256 256 16 256 4 5
[22:15:45]	[Me=0]	[k=8]	[eval=64]	Cost=1338.29	-O2 avx 256 256 256 16 256 4 3
[22:15:46]	[Me=0]	[k=9]	[eval=65]	Cost=1449.03	-Ofast avx512 256 256 256 16 256 4 7
[22:15:48]	[Me=0]	[k=9]	[eval=66]	Cost=1472.81	-Ofast avx512 256 256 256 16 256 6 9
[22:15:49]	[Me=0]	[k=9]	[eval=67]	Cost=1481.3	-Ofast avx512 256 256 256 16 256 8 8
[22:15:51]	[Me=0]	[k=9]	[eval=68]	Cost=1381.44	-O3 avx2 256 256 256 16 256 3 5
[22:15:52]	[Me=0]	[k=9]	[eval=69]	Cost=1440.65	-Ofast avx 256 256 256 16 256 6 5
[22:15:53]	[Me=0]	[k=9]	[eval=70]	Cost=1383.11	-O3 avx 256 256 256 16 256 3 6
[22:15:55]	[Me=0]	[k=9]	[eval=71]	Cost=1462.3	-Ofast avx 256 256 256 16 256 4 8
[22:15:56]	[Me=0]	[k=9]	[eval=72]	Cost=1349.08	-O3 avx512 256 256 256 16 256 7 3
[22:15:57]	[Me=0]	[k=10]	[eval=73]	Cost=1484.45	-Ofast avx512 256 256 256 16 256 8 11
[22:15:59]	[Me=0]	[k=10]	[eval=74]	Cost=1468.62	-Ofast avx512 256 256 256 16 256 10 9
[22:16:00]	[Me=0]	[k=10]	[eval=75]	Cost=1470.88	-Ofast avx 256 256 256 16 256 7 8
[22:16:02]	[Me=0]	[k=10]	[eval=76]	Cost=1484.14	-Ofast avx512 256 256 256 16 256 8 11
[22:16:03]	[Me=0]	[k=10]	[eval=77]	Cost=1442.81	-O3 avx2 256 256 256 16 256 6 6
[22:16:04]	[Me=0]	[k=10]	[eval=78]	Cost=1471.52	-Ofast avx2 256 256 256 16 256 7 9
[22:16:06]	[Me=0]	[k=10]	[eval=79]	Cost=1454.69	-Ofast avx512 256 256 256 16 256 3 11
[22:16:07]	[Me=0]	[k=10]	[eval=80]	Cost=1048.92	-Ofast avx2 256 256 256 16 256 5 1
[22:16:09]	[Me=0]	[k=11]	[eval=81]	Cost=1465.75	-O3 avx512 256 256 256 16 256 12 11
[22:16:10]	[Me=0]	[k=11]	[eval=82]	Cost=1467.08	-O3 avx512 256 256 256 16 256 11 10
[22:16:11]	[Me=0]	[k=11]	[eval=83]	Cost=1474.01	-Ofast avx512 256 256 256 16 256 6 13
[22:16:13]	[Me=0]	[k=11]	[eval=84]	Cost=1355.24	-O3 avx2 256 256 256 16 256 2 5
[22:16:14]	[Me=0]	[k=11]	[eval=85]	Cost=1482.0	-Ofast avx512 256 256 256 16 256 8 8
[22:16:16]	[Me=0]	[k=11]	[eval=86]	Cost=1483.43	-Ofast avx512 256 256 256 16 256 8 12
[22:16:17]	[Me=0]	[k=11]	[eval=87]	Cost=1450.27	-Ofast avx512 256 256 256 16 256 9 5
[22:16:18]	[Me=0]	[k=11]	[eval=88]	Cost=1455.11	-O3 avx512 256 256 256 16 256 6 7
[22:16:20]	[Me=0]	[k=12]	[eval=89]	Cost=1458.36	-Ofast avx2 256 256 256 16 256 3 14
[22:16:21]	[Me=0]	[k=12]	[eval=90]	Cost=1456.71	-Ofast avx512 256 256 256 16 256 10 13
[22:16:22]	[Me=0]	[k=12]	[eval=91]	Cost=1455.23	-Ofast avx512 256 256 256 16 256 6 7
[22:16:24]	[Me=0]	[k=12]	[eval=92]	Cost=1482.94	-Ofast avx512 256 256 256 16 256 6 11
[22:16:25]	[Me=0]	[k=12]	[eval=93]	Cost=1470.81	-O3 avx512 256 256 256 16 256 7 9
[22:16:26]	[Me=0]	[k=12]	[eval=94]	Cost=1471.76	-Ofast avx2 256 256 256 16 256 9 11
[22:16:28]	[Me=0]	[k=12]	[eval=95]	Cost=1471.42	-Ofast avx2 256 256 256 16 256 7 9
[22:16:29]	[Me=0]	[k=12]	[eval=96]	Cost=1455.48	-Ofast avx512 256 256 256 16 256 10 13
[22:16:31]	[Me=0]	[k=13]	[eval=97]	Cost=1468.72	-Ofast avx512 256 256 256 16 256 7 8
[22:16:32]	[Me=0]	[k=13]	[eval=98]	Cost=1469.8	-Ofast avx512 256 256 256 16 256 7 8
[22:16:33]	[Me=0]	[k=13]	[eval=99]	Cost=1468.07	-Ofast avx512 256 256 256 16 256 8 7
[22:16:35]	[Me=0]	[k=13]	[eval=100]	Cost=1483.48	-Ofast avx512 256 256 256 16 256 4 11
[22:16:36]	[Me=0]	[k=13]	[eval=101]	Cost=1470.53	-Ofast avx512 256 256 256 16 256 7 14
[22:16:37]	[Me=0]	[k=13]	[eval=102]	Cost=1461.9	-Ofast avx512 256 256 256 16 256 9 13
[22:16:39]	[Me=0]	[k=13]	[eval=103]	Cost=1477.32	-Ofast avx512 256 256 256 16 256 7 10
[22:16:40]	[Me=0]	[k=13]	[eval=104]	Cost=1480.18	-Ofast avx2 256 256 256 16 256 5 12
[22:16:41]	[Me=0]	[k=14]	[eval=105]	Cost=1470.93	-Ofast avx512 256 256 256 16 256 5 11
[info] [Me=0] Path taken:
[info] [Me=0] Best solution found:
	1485.02 -Ofast avx512 256 256 256 16 256 8 11

[info] [Me=0] Gathering solutions from all processes
[info] [Me=0] Best solutions:
	1485.02 -Ofast avx512 256 256 256 16 256 8 11 Final evaluation: 1483.54
[info] [Me=0] Best overall:
	1483.54 -Ofast avx512 256 256 256 16 256 8 11
[info] [Me=0] Total cost evaluations: 106
[info] [Me=0] Elapsed time: 3.33 seconds
[info] [Me=0] Run finished. Logs can be found at convergence_alg5_run2.log.
