[info] [Me=0] Args:
	algorithm: hill_climbing
	batch: False
	flexible_shape: False
	hparams: {}
	log: convergence_alg0_run4.log
	phase: run
	problem_size: [256, 256, 256]
	program_path: iso3dfd-st7
	seed: 33
	steps: 100
	use_energy: False
[info] [Me=0] Hyperparameters:
[info] [Me=0] real seed: 33
[info] [Me=0] Simulator initialized
[info] [Me=0] Starting hill_climbing
[21:14:22]	[Me=0]	[k=0]	[eval=1]	Cost=1324.53	-O2 avx 256 256 256 16 256 3 3	(Initial)
[21:14:24]	[Me=0]	[k=1]	[eval=2]	Cost=1319.5	-O2 avx512 256 256 256 16 256 3 3
[21:14:25]	[Me=0]	[k=2]	[eval=3]	Cost=1239.59	-O2 avx 256 256 256 16 256 3 2
[21:14:27]	[Me=0]	[k=3]	[eval=4]	Cost=1314.97	-O3 avx 256 256 256 16 256 3 3
[21:14:28]	[Me=0]	[k=4]	[eval=5]	Cost=1296.26	-O2 avx 256 256 256 16 256 2 3
[21:14:30]	[Me=0]	[k=5]	[eval=6]	Cost=1330.02	-O2 avx 256 256 256 16 256 3 4	(New best!)
[21:14:31]	[Me=0]	[k=6]	[eval=7]	Cost=1330.3	-O2 avx512 256 256 256 16 256 3 4	(New best!)
[21:14:33]	[Me=0]	[k=7]	[eval=8]	Cost=1367.74	-O2 avx512 256 256 256 16 256 4 4	(New best!)
[21:14:34]	[Me=0]	[k=8]	[eval=9]	Cost=1429.32	-O2 avx512 256 256 256 16 256 4 5	(New best!)
[21:14:35]	[Me=0]	[k=9]	[eval=10]	Cost=1435.61	-O2 avx512 256 256 256 16 256 4 6	(New best!)
[21:14:37]	[Me=0]	[k=10]	[eval=11]	Cost=1384.16	-O2 avx512 256 256 256 16 256 3 6
[21:14:38]	[Me=0]	[k=11]	[eval=12]	Cost=1428.88	-O2 avx512 256 256 256 16 256 4 5
[21:14:39]	[Me=0]	[k=12]	[eval=13]	Cost=1451.71	-O2 avx512 256 256 256 16 256 4 7	(New best!)
[21:14:41]	[Me=0]	[k=13]	[eval=14]	Cost=1450.32	-O3 avx512 256 256 256 16 256 4 7
[21:14:42]	[Me=0]	[k=14]	[eval=15]	Cost=1448.9	-O2 avx2 256 256 256 16 256 4 7
[21:14:44]	[Me=0]	[k=15]	[eval=16]	Cost=1449.19	-O2 avx512 256 256 256 16 256 5 7
[21:14:45]	[Me=0]	[k=16]	[eval=17]	Cost=1405.14	-O2 avx512 256 256 256 16 256 3 7
[21:14:46]	[Me=0]	[k=17]	[eval=18]	Cost=1464.5	-O2 avx512 256 256 256 16 256 4 8	(New best!)
[21:14:48]	[Me=0]	[k=18]	[eval=19]	Cost=1461.37	-Ofast avx512 256 256 256 16 256 4 8
[21:14:49]	[Me=0]	[k=19]	[eval=20]	Cost=1450.7	-O2 avx512 256 256 256 16 256 4 7
[21:14:50]	[Me=0]	[k=20]	[eval=21]	Cost=1460.4	-O2 avx512 256 256 256 16 256 5 8
[21:14:52]	[Me=0]	[k=21]	[eval=22]	Cost=1434.63	-O2 avx512 256 256 256 16 256 3 8
[21:14:53]	[Me=0]	[k=22]	[eval=23]	Cost=1463.89	-O2 avx2 256 256 256 16 256 4 8
[21:14:54]	[Me=0]	[k=23]	[eval=24]	Cost=1464.71	-O2 avx 256 256 256 16 256 4 8	(New best!)
[21:14:56]	[Me=0]	[k=24]	[eval=25]	Cost=1462.35	-O2 avx2 256 256 256 16 256 4 8
[21:14:57]	[Me=0]	[k=25]	[eval=26]	Cost=1464.31	-Ofast avx 256 256 256 16 256 4 8
[21:14:59]	[Me=0]	[k=26]	[eval=27]	Cost=1463.01	-O3 avx 256 256 256 16 256 4 8
[21:15:00]	[Me=0]	[k=27]	[eval=28]	Cost=1460.81	-O2 avx 256 256 256 16 256 5 8
[21:15:01]	[Me=0]	[k=28]	[eval=29]	Cost=1453.49	-O2 avx 256 256 256 16 256 4 7
[21:15:03]	[Me=0]	[k=29]	[eval=30]	Cost=1465.04	-O2 avx512 256 256 256 16 256 4 8	(New best!)
[21:15:04]	[Me=0]	[k=30]	[eval=31]	Cost=1465.43	-O3 avx512 256 256 256 16 256 4 8	(New best!)
[21:15:05]	[Me=0]	[k=31]	[eval=32]	Cost=1460.59	-O3 avx512 256 256 256 16 256 5 8
[21:15:07]	[Me=0]	[k=32]	[eval=33]	Cost=1464.23	-O2 avx512 256 256 256 16 256 4 8
[21:15:08]	[Me=0]	[k=33]	[eval=34]	Cost=1473.53	-O3 avx512 256 256 256 16 256 4 9	(New best!)
[21:15:09]	[Me=0]	[k=34]	[eval=35]	Cost=1467.62	-O3 avx512 256 256 256 16 256 5 9
[21:15:11]	[Me=0]	[k=35]	[eval=36]	Cost=1482.43	-O3 avx512 256 256 256 16 256 4 10	(New best!)
[21:15:12]	[Me=0]	[k=36]	[eval=37]	Cost=1484.62	-O3 avx2 256 256 256 16 256 4 10	(New best!)
[21:15:13]	[Me=0]	[k=37]	[eval=38]	Cost=1450.66	-O3 avx2 256 256 256 16 256 3 10
[21:15:15]	[Me=0]	[k=38]	[eval=39]	Cost=1481.39	-O3 avx 256 256 256 16 256 4 10
[21:15:16]	[Me=0]	[k=39]	[eval=40]	Cost=1483.04	-O2 avx2 256 256 256 16 256 4 10
[21:15:18]	[Me=0]	[k=40]	[eval=41]	Cost=1474.93	-O3 avx2 256 256 256 16 256 5 10
[21:15:19]	[Me=0]	[k=41]	[eval=42]	Cost=1475.18	-O3 avx2 256 256 256 16 256 4 9
[21:15:20]	[Me=0]	[k=42]	[eval=43]	Cost=1483.52	-O3 avx2 256 256 256 16 256 4 11
[21:15:22]	[Me=0]	[k=43]	[eval=44]	Cost=1481.07	-O3 avx512 256 256 256 16 256 4 10
[21:15:23]	[Me=0]	[k=44]	[eval=45]	Cost=1479.74	-Ofast avx2 256 256 256 16 256 4 10
[info] [Me=0] Algorithm exited: Best solution neighborhood was fully explored 
[info] [Me=0] Path taken:
	1324.53 -O2 avx 256 256 256 16 256 3 3
	1330.02 -O2 avx 256 256 256 16 256 3 4
	1330.3 -O2 avx512 256 256 256 16 256 3 4
	1367.74 -O2 avx512 256 256 256 16 256 4 4
	1429.32 -O2 avx512 256 256 256 16 256 4 5
	1435.61 -O2 avx512 256 256 256 16 256 4 6
	1451.71 -O2 avx512 256 256 256 16 256 4 7
	1464.5 -O2 avx512 256 256 256 16 256 4 8
	1464.71 -O2 avx 256 256 256 16 256 4 8
	1465.04 -O2 avx512 256 256 256 16 256 4 8
	1465.43 -O3 avx512 256 256 256 16 256 4 8
	1473.53 -O3 avx512 256 256 256 16 256 4 9
	1482.43 -O3 avx512 256 256 256 16 256 4 10
	1484.62 -O3 avx2 256 256 256 16 256 4 10
[info] [Me=0] Best solution found:
	1484.62 -O3 avx2 256 256 256 16 256 4 10

[info] [Me=0] Gathering solutions from all processes
[info] [Me=0] Best solutions:
	1484.62 -O3 avx2 256 256 256 16 256 4 10 Final evaluation: 1481.82
[info] [Me=0] Best overall:
	1481.82 -O3 avx2 256 256 256 16 256 4 10
[info] [Me=0] Total cost evaluations: 45
[info] [Me=0] Elapsed time: 3.33 seconds
[info] [Me=0] Run finished. Logs can be found at convergence_alg0_run4.log.
